
+00d 01:01:20:
SHT-21#1 30.57 oC, 23.24 % RH
SHT-21#2 30.57 oC, 22.54 % RH
LM75     30.00 oC
TMP141#1 30.75 oC
TMP141#2 30.75 oC
TMP141#3 30.50 oC
DS18B20  30.38 oC
KTY13    28.74 oC
RFA1int  30.04 oC

+00d 01:01:25:
SHT-21#1 30.57 oC, 23.24 % RH
SHT-21#2 30.57 oC, 22.54 % RH
LM75     29.50 oC
TMP141#1 30.75 oC
TMP141#2 30.75 oC
TMP141#3 30.50 oC
DS18B20  30.38 oC
KTY13    28.74 oC
RFA1int  30.04 oC

+00d 01:01:30:
SHT-21#1 30.57 oC, 23.24 % RH
SHT-21#2 30.57 oC, 22.54 % RH
LM75     29.50 oC
TMP141#1 30.75 oC
TMP141#2 30.75 oC
TMP141#3 30.50 oC
DS18B20  30.38 oC
KTY13    28.74 oC
RFA1int  30.04 oC

+00d 01:01:35:
SHT-21#1 30.57 oC, 23.24 % RH
SHT-21#2 30.59 oC, 22.54 % RH
LM75     29.50 oC
TMP141#1 30.75 oC
TMP141#2 30.75 oC
TMP141#3 30.50 oC
DS18B20  30.38 oC
KTY13    28.74 oC
RFA1int  31.17 oC

+00d 01:01:40:
SHT-21#2 30.59 oC, 22.54 % RH
TMP141#1 30.75 oC
TMP141#2 30.75 oC
DS18B20  30.38 oC
RFA1int  30.04 oC

+00d 01:01:45:
SHT-21#1 30.57 oC, 23.27 % RH
SHT-21#2 30.59 oC, 22.54 % RH
LM75     29.50 oC
TMP141#1 30.75 oC
TMP141#2 30.75 oC
TMP141#3 30.50 oC
DS18B20  30.38 oC
KTY13    28.74 oC
RFA1int  31.17 oC

+00d 01:01:50:
SHT-21#1 30.59 oC, 23.27 % RH
SHT-21#2 30.59 oC, 22.54 % RH
LM75     29.50 oC
TMP141#1 30.75 oC
TMP141#2 30.75 oC
TMP141#3 30.50 oC
DS18B20  30.38 oC
KTY13    28.74 oC
RFA1int  31.17 oC

+00d 01:01:55:
SHT-21#1 30.60 oC, 23.27 % RH
SHT-21#2 30.61 oC, 22.58 % RH
LM75     29.50 oC
TMP141#1 30.75 oC
TMP141#2 30.75 oC
TMP141#3 30.50 oC
DS18B20  30.38 oC
KTY13    28.74 oC
RFA1int  30.04 oC

+00d 01:02:00:
SHT-21#1 30.64 oC, 23.27 % RH
SHT-21#2 30.64 oC, 22.54 % RH
LM75     29.50 oC
TMP141#1 30.75 oC
TMP141#2 30.75 oC
TMP141#3 30.50 oC
DS18B20  30.44 oC
KTY13    28.74 oC
RFA1int  31.17 oC

+00d 01:02:05:
SHT-21#1 30.72 oC, 23.25 % RH
SHT-21#2 30.72 oC, 22.51 % RH
LM75     29.50 oC
TMP141#1 30.75 oC
TMP141#2 30.75 oC
TMP141#3 30.75 oC
DS18B20  30.56 oC
KTY13    29.24 oC
RFA1int  31.17 oC

+00d 01:02:10:
SHT-21#1 30.86 oC, 23.19 % RH
SHT-21#2 30.87 oC, 22.43 % RH
LM75     30.00 oC
TMP141#1 31.00 oC
TMP141#2 31.00 oC
TMP141#3 30.75 oC
DS18B20  30.75 oC
KTY13    29.24 oC
RFA1int  31.17 oC

+00d 01:02:15:
SHT-21#1 31.04 oC, 23.01 % RH
SHT-21#2 31.08 oC, 22.30 % RH
LM75     30.00 oC
TMP141#1 31.25 oC
TMP141#2 31.25 oC
TMP141#3 31.00 oC
DS18B20  30.94 oC
KTY13    29.75 oC
RFA1int  31.17 oC

+00d 01:02:20:
SHT-21#1 31.28 oC, 22.83 % RH
SHT-21#2 31.28 oC, 22.11 % RH
LM75     30.50 oC
TMP141#1 31.50 oC
TMP141#2 31.50 oC
TMP141#3 31.25 oC
DS18B20  31.19 oC
KTY13    29.75 oC
RFA1int  31.17 oC

+00d 01:02:25:
SHT-21#1 31.56 oC, 22.70 % RH
SHT-21#2 31.60 oC, 21.94 % RH
LM75     30.50 oC
TMP141#1 31.75 oC
TMP141#2 31.75 oC
TMP141#3 31.50 oC
DS18B20  31.44 oC
KTY13    30.25 oC
RFA1int  31.17 oC

+00d 01:02:30:
SHT-21#1 31.88 oC, 22.42 % RH
SHT-21#2 31.95 oC, 21.69 % RH
LM75     31.00 oC
TMP141#1 32.00 oC
TMP141#2 32.00 oC
TMP141#3 32.00 oC
DS18B20  31.81 oC
KTY13    30.25 oC
RFA1int  31.17 oC

+00d 01:02:35:
SHT-21#1 32.25 oC, 22.18 % RH
SHT-21#2 32.31 oC, 21.40 % RH
LM75     31.50 oC
TMP141#1 32.50 oC
TMP141#2 32.50 oC
TMP141#3 32.25 oC
DS18B20  32.19 oC
KTY13    30.76 oC
RFA1int  32.30 oC

+00d 01:02:40:
SHT-21#1 32.64 oC, 21.89 % RH
SHT-21#2 32.72 oC, 21.11 % RH
LM75     31.50 oC
TMP141#1 33.00 oC
TMP141#2 32.75 oC
TMP141#3 32.75 oC
DS18B20  32.63 oC
KTY13    31.26 oC
RFA1int  32.30 oC

+00d 01:02:45:
SHT-21#1 33.06 oC, 21.60 % RH
SHT-21#2 33.16 oC, 20.78 % RH
LM75     32.00 oC
TMP141#1 33.50 oC
TMP141#2 33.25 oC
TMP141#3 33.00 oC
DS18B20  33.06 oC
KTY13    31.77 oC
RFA1int  33.43 oC

+00d 01:02:50:
SHT-21#1 33.48 oC, 21.34 % RH
SHT-21#2 33.61 oC, 20.49 % RH
LM75     32.50 oC
TMP141#1 33.75 oC
TMP141#2 33.50 oC
TMP141#3 33.50 oC
DS18B20  33.50 oC
KTY13    32.27 oC
RFA1int  32.30 oC

+00d 01:02:55:
SHT-21#1 33.95 oC, 21.02 % RH
SHT-21#2 34.09 oC, 20.12 % RH
LM75     33.00 oC
TMP141#1 34.25 oC
TMP141#2 34.00 oC
TMP141#3 34.00 oC
DS18B20  34.00 oC
KTY13    32.78 oC
RFA1int  33.43 oC

+00d 01:03:00:
SHT-21#1 34.47 oC, 20.67 % RH
SHT-21#2 34.62 oC, 19.79 % RH
LM75     33.50 oC
TMP141#1 34.75 oC
TMP141#2 34.75 oC
TMP141#3 34.50 oC
DS18B20  34.56 oC
KTY13    33.29 oC
RFA1int  33.43 oC

+00d 01:03:05:
SHT-21#1 34.94 oC, 20.40 % RH
SHT-21#2 35.14 oC, 19.47 % RH
LM75     34.00 oC
TMP141#1 35.25 oC
TMP141#2 35.00 oC
TMP141#3 35.00 oC
DS18B20  35.06 oC

+00d 01:03:10:
SHT-21#1 35.50 oC, 20.05 % RH
SHT-21#2 35.69 oC, 19.14 % RH
LM75     34.50 oC
TMP141#1 36.00 oC
TMP141#2 35.75 oC
TMP141#3 35.50 oC
DS18B20  35.63 oC
KTY13    34.31 oC
RFA1int  35.69 oC

+00d 01:03:15:
SHT-21#1 36.00 oC, 19.73 % RH
SHT-21#2 36.23 oC, 18.77 % RH
LM75     35.00 oC
TMP141#1 36.50 oC
TMP141#2 36.25 oC
TMP141#3 36.00 oC
DS18B20  36.13 oC
KTY13    34.82 oC
RFA1int  35.69 oC

+00d 01:03:20:
SHT-21#1 36.52 oC, 19.42 % RH
SHT-21#2 36.78 oC, 18.45 % RH
LM75     36.00 oC
TMP141#1 37.00 oC
TMP141#2 36.75 oC
TMP141#3 36.75 oC
DS18B20  36.75 oC
KTY13    35.33 oC
RFA1int  35.69 oC

+00d 01:03:25:
SHT-21#1 37.13 oC, 19.14 % RH
SHT-21#2 37.37 oC, 18.12 % RH
LM75     36.50 oC
TMP141#1 37.50 oC
TMP141#2 37.25 oC
TMP141#3  0.00 oC
DS18B20  37.25 oC
KTY13    35.85 oC
RFA1int  36.82 oC

+00d 01:03:30:
SHT-21#1 37.67 oC, 18.83 % RH
SHT-21#2 37.94 oC, 17.74 % RH
LM75     37.00 oC
TMP141#1 38.25 oC
TMP141#2 37.75 oC
TMP141#3  0.00 oC
DS18B20  37.88 oC
KTY13    36.36 oC
RFA1int  36.82 oC

+00d 01:03:35:
SHT-21#1 38.24 oC, 18.56 % RH
SHT-21#2 38.53 oC, 17.50 % RH
LM75     37.50 oC
TMP141#1 38.75 oC
TMP141#2 38.50 oC
TMP141#3  0.00 oC
DS18B20  38.44 oC
KTY13    37.39 oC
RFA1int  37.95 oC

+00d 01:03:40:
SHT-21#1 38.80 oC, 18.28 % RH
SHT-21#2 39.10 oC, 17.20 % RH
LM75     38.00 oC
TMP141#1 39.25 oC
TMP141#2 39.00 oC
TMP141#3 39.00 oC
DS18B20  39.06 oC
KTY13    37.91 oC
RFA1int  39.08 oC

+00d 01:03:45:
SHT-21#1 39.41 oC, 17.98 % RH
SHT-21#2 39.71 oC, 16.91 % RH
LM75     39.00 oC
TMP141#1 40.00 oC
TMP141#2 39.50 oC
TMP141#3 39.50 oC
DS18B20  39.56 oC
KTY13    38.42 oC
RFA1int  40.21 oC

+00d 01:03:50:
SHT-21#1 40.01 oC, 17.70 % RH
SHT-21#2 40.33 oC, 16.57 % RH
LM75     39.50 oC
TMP141#1 40.50 oC
TMP141#2 40.25 oC
TMP141#3 40.25 oC
DS18B20  40.25 oC
KTY13    38.94 oC
RFA1int  40.21 oC

+00d 01:03:55:
SHT-21#1 40.61 oC, 17.43 % RH
SHT-21#2 40.93 oC, 16.28 % RH
LM75     40.00 oC
TMP141#1 41.25 oC
TMP141#2 40.75 oC
TMP141#3 40.75 oC
DS18B20  40.88 oC
KTY13    39.46 oC
RFA1int  41.34 oC

+00d 01:04:00:
SHT-21#1 41.25 oC, 17.15 % RH
SHT-21#2 41.57 oC, 15.98 % RH
LM75     40.50 oC
TMP141#1 41.75 oC
TMP141#2 41.50 oC
TMP141#3 41.50 oC
DS18B20  41.50 oC
KTY13    40.50 oC
RFA1int  41.34 oC

+00d 01:04:05:
SHT-21#1 41.86 oC, 16.88 % RH
SHT-21#2 42.18 oC, 15.72 % RH
LM75     41.50 oC
TMP141#1 42.50 oC
TMP141#2 42.00 oC
TMP141#3 42.00 oC
DS18B20  42.13 oC
KTY13    41.02 oC
RFA1int  41.34 oC

+00d 01:04:10:
SHT-21#1 42.46 oC, 16.59 % RH
SHT-21#2 42.81 oC, 15.43 % RH
LM75     42.00 oC
TMP141#1 43.00 oC
TMP141#2 42.75 oC
TMP141#3 42.75 oC
DS18B20  42.75 oC
KTY13    41.55 oC
RFA1int  42.47 oC

+00d 01:04:15:
SHT-21#1 43.04 oC, 16.36 % RH
SHT-21#2 43.41 oC, 15.16 % RH
LM75     42.50 oC
TMP141#1 43.50 oC
TMP141#2 43.25 oC
TMP141#3 43.25 oC
DS18B20  43.38 oC
KTY13    42.07 oC
RFA1int  42.47 oC
SHT-21#1 43.63 oC, 16.12 % RH
SHT-21#2 44.01 oC, 14.90 % RH
LM75     43.00 oC
TMP141#1 44.25 oC
TMP141#2 43.75 oC
TMP141#3 43.75 oC
DS18B20  44.00 oC
KTY13    42.60 oC
RFA1int  43.60 oC

+00d 01:04:25:
SHT-21#1 44.23 oC, 15.89 % RH
SHT-21#2 44.62 oC, 14.71 % RH
LM75     44.00 oC
TMP141#1 44.75 oC
TMP141#2 44.50 oC
TMP141#3 44.50 oC
DS18B20  44.56 oC
KTY13    43.65 oC
RFA1int  43.60 oC

+00d 01:04:30:
SHT-21#1 44.79 oC, 15.64 % RH
SHT-21#2 45.19 oC, 14.45 % RH
LM75     44.50 oC
TMP141#1 45.50 oC
TMP141#2 45.00 oC
TMP141#3 45.00 oC
DS18B20  45.19 oC
KTY13    44.18 oC
RFA1int  43.60 oC

+00d 01:04:35:
SHT-21#1 45.40 oC, 15.38 % RH
TMP141#1 46.00 oC
TMP141#2 45.50 oC
KTY13    44.70 oC
RFA1int  44.73 oC

+00d 01:04:40:
SHT-21#1 45.98 oC, 15.16 % RH
SHT-21#2 46.42 oC, 13.99 % RH
TMP141#1 46.50 oC
TMP141#2 46.25 oC
TMP141#3 46.25 oC
DS18B20  46.38 oC
KTY13    45.23 oC
RFA1int  44.73 oC

+00d 01:04:45:
SHT-21#1 46.58 oC, 14.90 % RH
SHT-21#2 47.03 oC, 13.74 % RH
LM75     46.00 oC
TMP141#1 47.25 oC
TMP141#2 46.75 oC
DS18B20  47.00 oC
KTY13    45.76 oC
RFA1int  45.86 oC

+00d 01:04:50:
SHT-21#1 47.20 oC, 14.68 % RH
SHT-21#2 47.64 oC, 13.53 % RH
LM75     46.50 oC
TMP141#1 47.75 oC
TMP141#2 47.50 oC
TMP141#3 47.50 oC
DS18B20  47.63 oC
KTY13    46.30 oC
RFA1int  48.12 oC

+00d 01:04:55:
SHT-21#1 47.78 oC, 14.46 % RH
SHT-21#2 48.21 oC, 13.31 % RH
LM75     47.00 oC
TMP141#1 48.50 oC
TMP141#2 48.00 oC
TMP141#3 48.00 oC
DS18B20  48.19 oC
RFA1int  46.99 oC

+00d 01:05:00:
SHT-21#1 48.35 oC, 14.23 % RH
SHT-21#2 48.81 oC, 13.10 % RH
LM75     47.50 oC
TMP141#1 49.00 oC
TMP141#2 48.50 oC
TMP141#3 48.75 oC
DS18B20  48.75 oC
KTY13    47.36 oC
RFA1int  48.12 oC

+00d 01:05:05:
SHT-21#1 48.96 oC, 14.02 % RH
SHT-21#2 49.41 oC, 12.93 % RH
LM75     48.00 oC
TMP141#1 49.50 oC
TMP141#2 49.25 oC
TMP141#3 49.25 oC
DS18B20  49.38 oC

+00d 01:05:10:
SHT-21#1 49.50 oC, 13.84 % RH
SHT-21#2 49.99 oC, 12.75 % RH
LM75     49.00 oC
TMP141#1 50.25 oC
TMP141#2 49.75 oC
TMP141#3 49.75 oC
DS18B20  49.94 oC
KTY13    48.43 oC
RFA1int  49.25 oC

+00d 01:05:15:
SHT-21#1 50.13 oC, 13.66 % RH
SHT-21#2 50.57 oC, 12.52 % RH
LM75     49.50 oC
TMP141#1 50.75 oC
TMP141#2 50.25 oC
TMP141#3 50.50 oC
DS18B20  50.56 oC
KTY13    49.51 oC
RFA1int  49.25 oC

+00d 01:05:20:
SHT-21#1 50.69 oC, 13.43 % RH
SHT-21#2 51.17 oC, 12.31 % RH
LM75     50.00 oC
TMP141#1 51.25 oC
TMP141#2 51.00 oC
TMP141#3 51.00 oC
KTY13    50.04 oC
RFA1int  51.51 oC

+00d 01:05:25:
SHT-21#1 51.31 oC, 13.21 % RH
SHT-21#2 51.79 oC, 12.14 % RH
LM75     50.50 oC
TMP141#1 52.00 oC
TMP141#2 51.50 oC
TMP141#3 51.50 oC
DS18B20  51.81 oC
KTY13    50.58 oC
RFA1int  51.51 oC

+00d 01:05:30:
SHT-21#1 51.87 oC, 13.02 % RH
LM75     51.50 oC
TMP141#1 52.50 oC
TMP141#2 52.00 oC
TMP141#3 52.25 oC
KTY13    51.13 oC
RFA1int  51.51 oC

+00d 01:05:35:
SHT-21#1 52.43 oC, 12.84 % RH
SHT-21#2 52.94 oC, 11.78 % RH
LM75     52.00 oC
TMP141#1 53.00 oC
TMP141#2 52.75 oC
TMP141#3 52.75 oC
DS18B20  52.94 oC
KTY13    51.67 oC
RFA1int  52.64 oC

+00d 01:05:40:
SHT-21#1 52.97 oC, 12.69 % RH
SHT-21#2 53.48 oC, 11.64 % RH
LM75     52.50 oC
TMP141#1 53.75 oC
TMP141#2 53.25 oC
TMP141#3 53.25 oC
DS18B20  53.50 oC
KTY13    52.21 oC
RFA1int  52.64 oC

+00d 01:05:45:
SHT-21#2 54.01 oC, 11.50 % RH
LM75     53.00 oC
TMP141#1 54.25 oC
TMP141#2  0.00 oC
TMP141#3 53.75 oC
DS18B20  54.00 oC
KTY13    52.75 oC
RFA1int  52.64 oC

+00d 01:05:50:
SHT-21#1 54.01 oC, 12.36 % RH
SHT-21#2 54.52 oC, 11.31 % RH
LM75     53.50 oC
TMP141#1 54.75 oC
TMP141#2 54.25 oC
TMP141#3 54.25 oC
DS18B20  54.56 oC
KTY13    53.30 oC
RFA1int  53.77 oC
SHT-21#1 54.47 oC, 12.20 % RH
SHT-21#2 54.98 oC, 11.17 % RH
LM75     54.00 oC
TMP141#1 55.25 oC
TMP141#2  0.00 oC
TMP141#3 54.75 oC
DS18B20  55.00 oC
KTY13    53.30 oC
RFA1int  56.03 oC
SHT-21#2 55.42 oC, 11.07 % RH
TMP141#3 55.25 oC
DS18B20  55.44 oC
KTY13    53.85 oC

+00d 01:06:05:
SHT-21#1 55.30 oC, 11.94 % RH
SHT-21#2 55.81 oC, 10.95 % RH
LM75     55.00 oC
TMP141#2 55.50 oC
TMP141#3 55.50 oC
DS18B20  55.81 oC
KTY13    54.39 oC
RFA1int  54.90 oC

+00d 01:06:10:
SHT-21#1 55.69 oC, 11.88 % RH
SHT-21#2 56.18 oC, 10.85 % RH
LM75     55.00 oC
TMP141#1 56.25 oC
TMP141#2 56.00 oC
TMP141#3 56.00 oC
DS18B20  56.19 oC
RFA1int  54.90 oC

+00d 01:06:15:
SHT-21#1 56.01 oC, 11.76 % RH
SHT-21#2 56.50 oC, 10.78 % RH
LM75     55.50 oC
TMP141#1 56.50 oC
TMP141#2 56.25 oC
TMP141#3 56.25 oC
DS18B20  56.50 oC
KTY13    54.94 oC
RFA1int  56.03 oC

+00d 01:06:20:
SHT-21#1 56.28 oC, 11.65 % RH
SHT-21#2 56.79 oC, 10.67 % RH
LM75     56.00 oC
TMP141#1 56.75 oC
TMP141#2 56.50 oC
TMP141#3 56.50 oC
DS18B20  56.75 oC
KTY13    55.49 oC
RFA1int  56.03 oC

+00d 01:06:25:
SHT-21#1 56.56 oC, 11.62 % RH
SHT-21#2 57.04 oC, 10.59 % RH
LM75     56.00 oC
TMP141#1 57.00 oC
TMP141#2 56.75 oC
TMP141#3 56.75 oC
DS18B20  57.00 oC
KTY13    55.49 oC
RFA1int  57.16 oC

+00d 01:06:30:
SHT-21#1 56.79 oC, 11.54 % RH
SHT-21#2 57.27 oC, 10.52 % RH
LM75     56.50 oC
TMP141#1 57.25 oC
TMP141#2 57.00 oC
TMP141#3 57.00 oC
DS18B20  57.25 oC
KTY13    55.49 oC
RFA1int  58.29 oC

+00d 01:06:35:
SHT-21#1 57.02 oC, 11.46 % RH
SHT-21#2 57.47 oC, 10.49 % RH
LM75     56.50 oC
TMP141#1 57.50 oC
TMP141#2 57.25 oC
TMP141#3 57.25 oC
DS18B20  57.44 oC
KTY13    56.04 oC
RFA1int  56.03 oC

+00d 01:06:40:
SHT-21#1 57.20 oC, 11.38 % RH
SHT-21#2 57.64 oC, 10.45 % RH
LM75     57.00 oC
TMP141#1 57.75 oC
TMP141#2 57.50 oC
TMP141#3 57.50 oC
DS18B20  57.56 oC
KTY13    56.04 oC
RFA1int  58.29 oC

+00d 01:06:45:
SHT-21#1 57.36 oC, 11.34 % RH
SHT-21#2 57.78 oC, 10.42 % RH
LM75     57.00 oC
TMP141#1 57.75 oC
TMP141#2 57.50 oC
TMP141#3 57.50 oC
DS18B20  57.75 oC
KTY13    56.04 oC
RFA1int  58.29 oC

+00d 01:06:50:
SHT-21#1 57.51 oC, 11.31 % RH
SHT-21#2 57.92 oC, 10.37 % RH
LM75     57.00 oC
TMP141#1 58.00 oC
TMP141#2 57.75 oC
TMP141#3 57.75 oC
DS18B20  57.88 oC
KTY13    56.04 oC
RFA1int  59.42 oC

+00d 01:06:55:
SHT-21#1 57.61 oC, 11.23 % RH
SHT-21#2 58.03 oC, 10.30 % RH
LM75     57.50 oC
TMP141#1 58.00 oC
TMP141#2 57.75 oC
TMP141#3 57.75 oC
DS18B20  58.00 oC
KTY13    56.04 oC
RFA1int  57.16 oC

+00d 01:07:00:
SHT-21#1 57.72 oC, 11.19 % RH
SHT-21#2 58.14 oC, 10.30 % RH
LM75     57.50 oC
TMP141#1 58.00 oC
TMP141#2 58.00 oC
TMP141#3 58.00 oC
DS18B20  58.06 oC
KTY13    56.59 oC
RFA1int  57.16 oC

+00d 01:07:05:
SHT-21#1 57.82 oC, 11.15 % RH
SHT-21#2 58.21 oC, 10.27 % RH
LM75     57.50 oC
TMP141#1 58.25 oC
TMP141#2 58.00 oC
TMP141#3 58.00 oC
DS18B20  58.13 oC
KTY13    56.59 oC
RFA1int  57.16 oC

+00d 01:07:10:
SHT-21#1 57.89 oC, 11.11 % RH
SHT-21#2 58.29 oC, 10.23 % RH
LM75     57.50 oC
TMP141#1 58.25 oC
TMP141#2 58.00 oC
TMP141#3 58.00 oC
DS18B20  58.19 oC
KTY13    56.59 oC
RFA1int  57.16 oC

+00d 01:07:15:
SHT-21#1 57.98 oC, 11.07 % RH
SHT-21#2 58.35 oC, 10.14 % RH
LM75     57.50 oC
TMP141#1 58.25 oC
TMP141#2 58.25 oC
TMP141#3 58.25 oC
DS18B20  58.25 oC
KTY13    56.59 oC
RFA1int  58.29 oC

+00d 01:07:20:
SHT-21#1 58.04 oC, 11.03 % RH
SHT-21#2 58.41 oC, 10.10 % RH
LM75     57.50 oC
TMP141#1 58.25 oC
TMP141#2 58.25 oC
TMP141#3 58.25 oC
DS18B20  58.31 oC
KTY13    56.59 oC
RFA1int  58.29 oC

+00d 01:07:25:
SHT-21#1 58.08 oC, 10.98 % RH
SHT-21#2 58.44 oC, 10.10 % RH
LM75     57.50 oC
TMP141#1 58.50 oC
TMP141#2 58.25 oC
TMP141#3 58.25 oC
DS18B20  58.38 oC
KTY13    56.59 oC
RFA1int  58.29 oC
SHT-21#1 58.14 oC, 10.99 % RH
SHT-21#2 58.48 oC, 10.06 % RH
LM75     58.00 oC
TMP141#1 58.50 oC
TMP141#2 58.25 oC
TMP141#3 58.25 oC
DS18B20  58.38 oC
KTY13    56.59 oC
RFA1int  58.29 oC

+00d 01:07:35:
SHT-21#1 58.18 oC, 10.94 % RH
SHT-21#2 58.51 oC, 10.02 % RH
LM75     58.00 oC
TMP141#1 58.50 oC
TMP141#2 58.50 oC
TMP141#3 58.25 oC
DS18B20  58.44 oC
KTY13    56.59 oC
RFA1int  58.29 oC

+00d 01:07:40:
SHT-21#1 58.23 oC, 10.90 % RH
SHT-21#2 58.55 oC,  9.98 % RH
LM75     58.00 oC
TMP141#1 58.50 oC
TMP141#2 58.50 oC
TMP141#3 58.25 oC
DS18B20  58.44 oC
KTY13    56.59 oC
RFA1int  58.29 oC

+00d 01:07:45:
SHT-21#1 58.26 oC, 10.86 % RH
SHT-21#2 58.57 oC,  9.98 % RH
LM75     58.00 oC
TMP141#1 58.50 oC
TMP141#2 58.50 oC
TMP141#3 58.25 oC
DS18B20  58.50 oC
KTY13    56.59 oC
RFA1int  59.42 oC

+00d 01:07:50:
SHT-21#1 58.27 oC, 10.82 % RH
SHT-21#2 58.59 oC,  9.93 % RH
LM75     58.00 oC
TMP141#1 58.50 oC
TMP141#2 58.50 oC
TMP141#3 58.25 oC
DS18B20  58.50 oC
KTY13    56.59 oC
RFA1int  57.16 oC

+00d 01:07:55:
SHT-21#1 58.27 oC, 10.77 % RH
SHT-21#2 58.60 oC,  9.89 % RH
LM75     58.00 oC
TMP141#1 58.50 oC
TMP141#2 58.50 oC
TMP141#3 58.50 oC
DS18B20  58.50 oC
KTY13    56.59 oC
RFA1int  58.29 oC

+00d 01:08:00:
SHT-21#1 58.27 oC, 10.72 % RH
SHT-21#2 58.62 oC,  9.89 % RH
LM75     58.00 oC
TMP141#1 58.50 oC
TMP141#2 58.50 oC
TMP141#3 58.50 oC
DS18B20  58.50 oC
KTY13    56.59 oC
RFA1int  58.29 oC

+00d 01:08:05:
SHT-21#1 58.27 oC, 10.69 % RH
SHT-21#2 58.63 oC,  9.85 % RH
LM75     58.00 oC
TMP141#1 58.50 oC
TMP141#2 58.50 oC
TMP141#3 58.50 oC
DS18B20  58.50 oC
KTY13    56.59 oC
RFA1int  57.16 oC

+00d 01:08:10:
SHT-21#1 58.30 oC, 10.69 % RH
SHT-21#2 58.63 oC,  9.81 % RH
LM75     58.00 oC
TMP141#1 58.50 oC
TMP141#2 58.50 oC
TMP141#3 58.50 oC
DS18B20  58.50 oC
KTY13    56.59 oC
RFA1int  58.29 oC

+00d 01:08:15:
SHT-21#1 58.33 oC, 10.69 % RH
SHT-21#2 58.65 oC,  9.81 % RH
LM75     58.00 oC
TMP141#1 58.50 oC
TMP141#2 58.50 oC
TMP141#3 58.50 oC
DS18B20  58.56 oC
KTY13    56.59 oC
RFA1int  59.42 oC

+00d 01:08:20:
SHT-21#1 58.35 oC, 10.69 % RH
SHT-21#2 58.66 oC,  9.77 % RH
LM75     58.00 oC
TMP141#1 58.50 oC
TMP141#2 58.50 oC
TMP141#3 58.50 oC
DS18B20  58.56 oC
KTY13    56.59 oC
RFA1int  58.29 oC

+00d 01:08:25:
SHT-21#1 58.37 oC, 10.65 % RH
SHT-21#2 58.67 oC,  9.72 % RH
LM75     58.00 oC
TMP141#1 58.50 oC
TMP141#2 58.50 oC
TMP141#3 58.50 oC
DS18B20  58.56 oC
KTY13    56.59 oC
RFA1int  59.42 oC

+00d 01:08:30:
SHT-21#1 58.40 oC, 10.60 % RH
SHT-21#2 58.68 oC,  9.72 % RH
LM75     58.00 oC
TMP141#1 58.50 oC
TMP141#2 58.50 oC
TMP141#3 58.50 oC
DS18B20  58.63 oC
KTY13    56.59 oC
RFA1int  58.29 oC

+00d 01:08:35:
SHT-21#1 58.41 oC, 10.56 % RH
SHT-21#2 58.71 oC,  9.68 % RH
LM75     58.00 oC
TMP141#1 58.75 oC
TMP141#2 58.50 oC
TMP141#3 58.50 oC
DS18B20  58.63 oC
KTY13    56.59 oC
RFA1int  59.42 oC

+00d 01:08:40:
SHT-21#1 58.43 oC, 10.52 % RH
SHT-21#2 58.73 oC,  9.64 % RH
LM75     58.00 oC
TMP141#1 58.75 oC
TMP141#2 58.75 oC
TMP141#3 58.50 oC
DS18B20  58.63 oC
KTY13    57.15 oC
RFA1int  58.29 oC

+00d 01:08:45:
SHT-21#1 58.45 oC, 10.48 % RH
SHT-21#2 58.74 oC,  9.59 % RH
LM75     58.00 oC
TMP141#1 58.75 oC
TMP141#2 58.75 oC
TMP141#3 58.50 oC
DS18B20  58.63 oC
KTY13    56.59 oC
RFA1int  58.29 oC

+00d 01:08:50:
SHT-21#1 58.47 oC, 10.43 % RH
SHT-21#2 58.77 oC,  9.55 % RH
LM75     58.00 oC
TMP141#1 58.75 oC
TMP141#2 58.75 oC
TMP141#3 58.50 oC
DS18B20  58.69 oC
KTY13    56.59 oC
RFA1int  58.29 oC
SHT-21#1 58.50 oC, 10.39 % RH
TMP141#3 58.50 oC
KTY13    57.15 oC

+00d 01:09:00:
SHT-21#1 58.53 oC, 10.34 % RH
SHT-21#2 58.81 oC,  9.52 % RH
LM75     58.00 oC
TMP141#1 58.75 oC
TMP141#2 58.75 oC
TMP141#3 58.50 oC
DS18B20  58.69 oC
KTY13    57.15 oC
RFA1int  58.29 oC

+00d 01:09:05:
SHT-21#1 58.57 oC, 10.30 % RH
SHT-21#2 58.82 oC,  9.47 % RH
LM75     58.00 oC
TMP141#1 58.75 oC
TMP141#2 58.75 oC
DS18B20  58.75 oC
KTY13    57.15 oC
RFA1int  58.29 oC

+00d 01:09:10:
SHT-21#1 58.60 oC, 10.30 % RH
SHT-21#2 58.84 oC,  9.43 % RH
LM75     58.00 oC
TMP141#1 58.75 oC
TMP141#2 58.75 oC
TMP141#3 58.75 oC
DS18B20  58.81 oC
KTY13    57.15 oC
RFA1int  58.29 oC

+00d 01:09:15:
SHT-21#1 58.63 oC, 10.27 % RH
SHT-21#2 58.87 oC,  9.39 % RH
LM75     58.50 oC
TMP141#1 58.75 oC
TMP141#2 58.75 oC
TMP141#3 58.75 oC
DS18B20  58.81 oC
KTY13    57.15 oC
RFA1int  59.42 oC

+00d 01:09:20:
SHT-21#1 58.66 oC, 10.22 % RH
SHT-21#2 58.91 oC,  9.39 % RH
LM75     58.50 oC
TMP141#1 59.00 oC
TMP141#2 58.75 oC
TMP141#3 58.75 oC
DS18B20  58.88 oC
KTY13    57.15 oC
RFA1int  58.29 oC

+00d 01:09:25:
SHT-21#1 58.71 oC, 10.17 % RH
SHT-21#2 58.95 oC,  9.34 % RH
LM75     58.50 oC
TMP141#1 59.00 oC
TMP141#2 59.00 oC
TMP141#3 58.75 oC
DS18B20  58.88 oC
KTY13    57.15 oC
RFA1int  58.29 oC

+00d 01:09:30:
SHT-21#1 58.74 oC, 10.14 % RH
SHT-21#2 59.00 oC,  9.30 % RH
LM75     58.50 oC
TMP141#1 59.00 oC
TMP141#2 59.00 oC
TMP141#3 58.75 oC
DS18B20  58.94 oC
KTY13    57.15 oC
RFA1int  59.42 oC

+00d 01:09:35:
SHT-21#1 58.78 oC, 10.10 % RH
SHT-21#2 59.03 oC,  9.27 % RH
LM75     58.50 oC
TMP141#1 59.00 oC
TMP141#2 59.00 oC
TMP141#3 58.75 oC
DS18B20  58.94 oC
KTY13    57.15 oC
RFA1int  58.29 oC

+00d 01:09:40:
SHT-21#1 58.81 oC, 10.05 % RH
SHT-21#2 59.06 oC,  9.22 % RH
LM75     58.50 oC
TMP141#1 59.00 oC
TMP141#2 59.00 oC
TMP141#3 59.00 oC
DS18B20  59.00 oC
KTY13    57.15 oC
RFA1int  58.29 oC

+00d 01:09:45:
SHT-21#1 58.84 oC, 10.01 % RH
SHT-21#2 59.10 oC,  9.17 % RH
LM75     58.50 oC
TMP141#1 59.00 oC
TMP141#2 59.00 oC
TMP141#3 59.00 oC
DS18B20  59.06 oC
KTY13    57.15 oC
RFA1int  59.42 oC

+00d 01:09:50:
SHT-21#1 58.87 oC, 10.01 % RH
SHT-21#2 59.14 oC,  9.14 % RH
LM75     58.50 oC
TMP141#1 59.00 oC
TMP141#2 59.00 oC
TMP141#3 59.00 oC
DS18B20  59.06 oC
KTY13    57.15 oC
RFA1int  58.29 oC

+00d 01:09:55:
SHT-21#1 58.91 oC,  9.96 % RH
SHT-21#2 59.18 oC,  9.14 % RH
LM75     58.50 oC
TMP141#1 59.25 oC
TMP141#2 59.00 oC
TMP141#3 59.00 oC
DS18B20  59.13 oC
RFA1int  58.29 oC

+00d 01:10:00:
SHT-21#1 58.95 oC,  9.92 % RH
SHT-21#2 59.21 oC,  9.10 % RH
LM75     58.50 oC
TMP141#1 59.25 oC
TMP141#2 59.25 oC
TMP141#3 59.00 oC
DS18B20  59.13 oC
KTY13    57.15 oC
RFA1int  58.29 oC

+00d 01:10:05:
SHT-21#1 59.00 oC,  9.88 % RH
SHT-21#2 59.26 oC,  9.05 % RH
LM75     58.50 oC
TMP141#1 59.25 oC
TMP141#2 59.25 oC
TMP141#3 59.00 oC
DS18B20  59.19 oC
KTY13    57.70 oC
RFA1int  58.29 oC

+00d 01:10:10:
SHT-21#1 59.04 oC,  9.84 % RH
SHT-21#2 59.30 oC,  9.01 % RH
LM75     58.50 oC
TMP141#1 59.25 oC
TMP141#2 59.25 oC
TMP141#3 59.00 oC
DS18B20  59.25 oC
KTY13    57.70 oC
RFA1int  60.55 oC

+00d 01:10:15:
SHT-21#1 59.08 oC,  9.79 % RH
SHT-21#2 59.34 oC,  8.98 % RH
LM75     58.50 oC
TMP141#1 59.25 oC
TMP141#2 59.25 oC
TMP141#3 59.25 oC
DS18B20  59.25 oC
KTY13    57.70 oC
RFA1int  58.29 oC

+00d 01:10:20:
SHT-21#1 59.11 oC,  9.80 % RH
TMP141#1 59.25 oC
TMP141#3 59.25 oC
KTY13    57.70 oC
RFA1int  59.42 oC

+00d 01:10:25:
SHT-21#1 59.16 oC,  9.71 % RH
SHT-21#2 59.41 oC,  8.93 % RH
LM75     59.00 oC
TMP141#1 59.50 oC
TMP141#2 59.25 oC
TMP141#3 59.25 oC
DS18B20  59.38 oC
KTY13    57.70 oC
RFA1int  58.29 oC

+00d 01:10:30:
SHT-21#1 59.20 oC,  9.71 % RH
SHT-21#2 59.46 oC,  8.89 % RH
LM75     59.00 oC
TMP141#1 59.50 oC
TMP141#2 59.50 oC
TMP141#3 59.25 oC
DS18B20  59.38 oC
KTY13    57.70 oC
RFA1int  58.29 oC

+00d 01:10:35:
SHT-21#1 59.23 oC,  9.67 % RH
SHT-21#2 59.50 oC,  8.85 % RH
LM75     59.00 oC
TMP141#1 59.50 oC
TMP141#2 59.50 oC
TMP141#3 59.25 oC
DS18B20  59.44 oC
KTY13    57.70 oC
RFA1int  60.55 oC

+00d 01:10:40:
SHT-21#1 59.26 oC,  9.67 % RH
SHT-21#2 59.53 oC,  8.81 % RH
LM75     59.00 oC
TMP141#1 59.50 oC
TMP141#2 59.50 oC
TMP141#3 59.25 oC
DS18B20  59.50 oC
KTY13    57.70 oC
RFA1int  60.55 oC

+00d 01:10:45:
SHT-21#1 59.31 oC,  9.63 % RH
SHT-21#2 59.58 oC,  8.81 % RH
LM75     59.00 oC
TMP141#1 59.50 oC
TMP141#2 59.50 oC
TMP141#3 59.50 oC
DS18B20  59.50 oC
KTY13    57.70 oC
RFA1int  59.42 oC

+00d 01:10:50:
SHT-21#1 59.35 oC,  9.59 % RH
SHT-21#2 59.62 oC,  8.77 % RH
LM75     59.00 oC
TMP141#1 59.50 oC
TMP141#2 59.50 oC
DS18B20  59.56 oC
KTY13    57.70 oC
RFA1int  59.42 oC

+00d 01:10:55:
SHT-21#1 59.39 oC,  9.54 % RH
SHT-21#2 59.66 oC,  8.68 % RH
LM75     59.00 oC
TMP141#1 59.50 oC
TMP141#2 59.50 oC
TMP141#3 59.50 oC
DS18B20  59.56 oC
KTY13    57.70 oC
RFA1int  59.42 oC

+00d 01:11:00:
SHT-21#1 59.42 oC,  9.50 % RH
SHT-21#2 59.69 oC,  8.69 % RH
LM75     59.00 oC
TMP141#1 59.75 oC
TMP141#2 59.75 oC
TMP141#3 59.50 oC
DS18B20  59.63 oC
KTY13    57.70 oC
RFA1int  58.29 oC

+00d 01:11:05:
SHT-21#1 59.47 oC,  9.46 % RH
SHT-21#2 59.74 oC,  8.64 % RH
LM75     59.00 oC
TMP141#1 59.75 oC
TMP141#2 59.75 oC
TMP141#3 59.50 oC
DS18B20  59.69 oC
KTY13    57.70 oC
RFA1int  58.29 oC

+00d 01:11:10:
SHT-21#1 59.51 oC,  9.42 % RH
SHT-21#2 59.78 oC,  8.60 % RH
LM75     59.00 oC
TMP141#1 59.75 oC
TMP141#2 59.75 oC
TMP141#3 59.50 oC
DS18B20  59.75 oC
KTY13    58.26 oC
RFA1int  59.42 oC

+00d 01:11:15:
SHT-21#1 59.55 oC,  9.42 % RH
SHT-21#2 59.82 oC,  8.56 % RH
LM75     59.00 oC
TMP141#1 59.75 oC
TMP141#2 59.75 oC
TMP141#3 59.75 oC
DS18B20  59.75 oC
KTY13    58.26 oC
RFA1int  58.29 oC

+00d 01:11:20:
SHT-21#1 59.60 oC,  9.37 % RH
SHT-21#2 59.86 oC,  8.56 % RH
LM75     59.00 oC
TMP141#1 59.75 oC
TMP141#2 59.75 oC
TMP141#3 59.75 oC
DS18B20  59.81 oC
KTY13    58.26 oC
RFA1int  59.42 oC

+00d 01:11:25:
SHT-21#1 59.63 oC,  9.34 % RH
SHT-21#2 59.91 oC,  8.53 % RH
LM75     59.50 oC
TMP141#1 59.75 oC
TMP141#2 59.75 oC
TMP141#3 59.75 oC
DS18B20  59.81 oC
KTY13    58.26 oC
RFA1int  60.55 oC

+00d 01:11:30:
SHT-21#1 59.68 oC,  9.34 % RH
SHT-21#2 59.94 oC,  8.48 % RH
LM75     59.50 oC
TMP141#1 60.00 oC
TMP141#2 60.00 oC
TMP141#3 59.75 oC
DS18B20  59.88 oC
KTY13    58.26 oC
RFA1int  60.55 oC

+00d 01:11:35:
SHT-21#1 59.73 oC,  9.29 % RH
SHT-21#2 59.98 oC,  8.43 % RH
LM75     59.50 oC
TMP141#1 60.00 oC
TMP141#2 60.00 oC
TMP141#3 59.75 oC
DS18B20  59.88 oC
KTY13    58.26 oC
RFA1int  59.42 oC

+00d 01:11:40:
SHT-21#1 59.76 oC,  9.25 % RH
SHT-21#2 60.03 oC,  8.44 % RH
LM75     59.50 oC
TMP141#1 60.00 oC
TMP141#2 60.00 oC
TMP141#3 59.75 oC
DS18B20  59.94 oC
KTY13    58.26 oC
RFA1int  59.42 oC

+00d 01:11:45:
SHT-21#1 59.80 oC,  9.21 % RH
SHT-21#2 60.07 oC,  8.40 % RH
LM75     59.50 oC
TMP141#1 60.00 oC
TMP141#2 60.00 oC
TMP141#3 59.75 oC
DS18B20  60.00 oC
RFA1int  60.55 oC

+00d 01:11:50:
SHT-21#2 60.11 oC,  8.36 % RH
LM75     59.50 oC
TMP141#1 60.00 oC
TMP141#3 60.00 oC
DS18B20  60.06 oC
KTY13    58.26 oC
RFA1int  60.55 oC

+00d 01:11:55:
SHT-21#1 59.89 oC,  9.17 % RH
SHT-21#2 60.14 oC,  8.36 % RH
LM75     59.50 oC
TMP141#1 60.00 oC
TMP141#2 60.00 oC
TMP141#3 60.00 oC
DS18B20  60.13 oC
KTY13    58.26 oC
RFA1int  59.42 oC

+00d 01:12:00:
SHT-21#1 59.93 oC,  9.12 % RH
SHT-21#2 60.20 oC,  8.32 % RH
LM75     59.50 oC
TMP141#1 60.25 oC
TMP141#2 60.25 oC
TMP141#3 60.00 oC
DS18B20  60.13 oC
KTY13    58.26 oC
RFA1int  59.42 oC

+00d 01:12:05:
SHT-21#1 59.96 oC,  9.08 % RH
SHT-21#2 60.23 oC,  8.28 % RH
LM75     59.50 oC
TMP141#1 60.25 oC
TMP141#2 60.25 oC
TMP141#3 60.00 oC
DS18B20  60.19 oC
KTY13    58.26 oC
RFA1int  60.55 oC

+00d 01:12:10:
SHT-21#1 60.00 oC,  9.04 % RH
SHT-21#2 60.27 oC,  8.28 % RH
LM75     59.50 oC
TMP141#1 60.25 oC
TMP141#2 60.25 oC
TMP141#3 60.00 oC
DS18B20  60.19 oC
KTY13    58.26 oC
RFA1int  60.55 oC

+00d 01:12:15:
SHT-21#1 60.04 oC,  9.04 % RH
SHT-21#2 60.30 oC,  8.24 % RH
LM75     59.50 oC
TMP141#1 60.25 oC
TMP141#2 60.25 oC
TMP141#3 60.00 oC
DS18B20  60.25 oC
KTY13    58.26 oC
RFA1int  59.42 oC

+00d 01:12:20:
SHT-21#1 60.08 oC,  9.00 % RH
SHT-21#2 60.34 oC,  8.24 % RH
LM75     59.50 oC
TMP141#1 60.25 oC
TMP141#2 60.25 oC
TMP141#3 60.25 oC
DS18B20  60.25 oC
KTY13    58.26 oC
RFA1int  59.42 oC

+00d 01:12:25:
SHT-21#1 60.10 oC,  9.00 % RH
SHT-21#2 60.38 oC,  8.20 % RH
LM75     60.00 oC
TMP141#1 60.25 oC
TMP141#2 60.25 oC
TMP141#3 60.25 oC
DS18B20  60.25 oC
KTY13    58.81 oC
RFA1int  59.42 oC

+00d 01:12:30:
SHT-21#1 60.13 oC,  9.01 % RH
SHT-21#2 60.39 oC,  8.20 % RH
LM75     60.00 oC
TMP141#1 60.25 oC
TMP141#2 60.25 oC
DS18B20  60.31 oC
KTY13    58.26 oC
RFA1int  60.55 oC

+00d 01:12:35:
SHT-21#1 60.17 oC,  8.96 % RH
SHT-21#2 60.43 oC,  8.15 % RH
LM75     60.00 oC
TMP141#1 60.50 oC
TMP141#2 60.25 oC
TMP141#3 60.25 oC
DS18B20  60.38 oC
KTY13    58.81 oC
RFA1int  59.42 oC

+00d 01:12:40:
SHT-21#1 60.20 oC,  8.92 % RH
SHT-21#2 60.45 oC,  8.11 % RH
LM75     60.00 oC
TMP141#1 60.50 oC
TMP141#2 60.50 oC
TMP141#3 60.25 oC
DS18B20  60.38 oC
KTY13    58.81 oC
RFA1int  59.42 oC

+00d 01:12:45:
SHT-21#1 60.22 oC,  8.92 % RH
SHT-21#2 60.49 oC,  8.11 % RH
LM75     60.00 oC
TMP141#1 60.50 oC
TMP141#2 60.50 oC
TMP141#3 60.25 oC
DS18B20  60.38 oC
KTY13    58.81 oC
RFA1int  60.55 oC

+00d 01:12:50:
SHT-21#1 60.25 oC,  8.87 % RH
SHT-21#2 60.52 oC,  8.07 % RH
LM75     60.00 oC
TMP141#1 60.50 oC
TMP141#2 60.50 oC
TMP141#3 60.25 oC
DS18B20  60.44 oC
KTY13    58.81 oC
RFA1int  59.42 oC

+00d 01:12:55:
SHT-21#1 60.28 oC,  8.82 % RH
SHT-21#2 60.54 oC,  8.08 % RH
LM75     60.00 oC
TMP141#1 60.50 oC
TMP141#2 60.50 oC
TMP141#3 60.25 oC
DS18B20  60.44 oC
KTY13    58.81 oC
RFA1int  59.42 oC

+00d 01:13:00:
SHT-21#1 60.30 oC,  8.83 % RH
SHT-21#2 60.57 oC,  8.03 % RH
LM75     60.00 oC
TMP141#1 60.50 oC
TMP141#2 60.50 oC
TMP141#3 60.25 oC
DS18B20  60.50 oC
KTY13    58.81 oC
RFA1int  59.42 oC

+00d 01:13:05:
SHT-21#1 60.34 oC,  8.79 % RH
SHT-21#2 60.59 oC,  8.03 % RH
LM75     60.00 oC
TMP141#1 60.50 oC
TMP141#2 60.50 oC
TMP141#3 60.50 oC
DS18B20  60.50 oC
KTY13    58.81 oC
RFA1int  60.55 oC

+00d 01:13:10:
SHT-21#1 60.37 oC,  8.79 % RH
SHT-21#2 60.62 oC,  7.98 % RH
LM75     60.00 oC
TMP141#1 60.50 oC
TMP141#2 60.50 oC
TMP141#3 60.50 oC
DS18B20  60.56 oC
KTY13    58.81 oC
RFA1int  59.42 oC
SHT-21#1 60.39 oC,  8.74 % RH
TMP141#3 60.50 oC

+00d 01:13:20:
SHT-21#1 60.41 oC,  8.74 % RH
SHT-21#2 60.66 oC,  7.95 % RH
LM75     60.00 oC
TMP141#1 60.50 oC
TMP141#2 60.50 oC
TMP141#3 60.50 oC
DS18B20  60.56 oC
KTY13    58.81 oC
RFA1int  59.42 oC

+00d 01:13:25:
SHT-21#1 60.42 oC,  8.69 % RH
SHT-21#2 60.67 oC,  7.95 % RH
LM75     60.00 oC
TMP141#1 60.50 oC
TMP141#2 60.50 oC
TMP141#3 60.50 oC
DS18B20  60.63 oC
KTY13    58.81 oC
RFA1int  59.42 oC

+00d 01:13:30:
SHT-21#1 60.44 oC,  8.69 % RH
SHT-21#2 60.69 oC,  7.91 % RH
LM75     60.00 oC
TMP141#1 60.75 oC
TMP141#2 60.75 oC
TMP141#3 60.50 oC
DS18B20  60.63 oC
KTY13    58.81 oC
RFA1int  59.42 oC

+00d 01:13:35:
SHT-21#1 60.44 oC,  8.66 % RH
SHT-21#2 60.71 oC,  7.91 % RH
LM75     60.00 oC
TMP141#1 60.75 oC
TMP141#2 60.75 oC
TMP141#3 60.50 oC
DS18B20  60.63 oC
KTY13    58.81 oC
RFA1int  60.55 oC

+00d 01:13:40:
SHT-21#1 60.47 oC,  8.66 % RH
SHT-21#2 60.71 oC,  7.86 % RH
LM75     60.00 oC
TMP141#1 60.75 oC
TMP141#2 60.75 oC
TMP141#3 60.50 oC
DS18B20  60.63 oC
KTY13    58.81 oC
RFA1int  59.42 oC

+00d 01:13:45:
SHT-21#1 60.49 oC,  8.66 % RH
SHT-21#2 60.73 oC,  7.86 % RH
LM75     60.00 oC
TMP141#1 60.75 oC
TMP141#2 60.75 oC
TMP141#3 60.50 oC
DS18B20  60.63 oC
KTY13    58.81 oC
RFA1int  59.42 oC

+00d 01:13:50:
SHT-21#1 60.50 oC,  8.66 % RH
LM75     60.00 oC
TMP141#1 60.75 oC
TMP141#2 60.75 oC
TMP141#3 60.50 oC
DS18B20  60.69 oC
KTY13    58.81 oC
RFA1int  60.55 oC

+00d 01:13:55:
SHT-21#1 60.51 oC,  8.62 % RH
SHT-21#2 60.75 oC,  7.82 % RH
LM75     60.00 oC
TMP141#1 60.75 oC
TMP141#2 60.75 oC
TMP141#3 60.50 oC
DS18B20  60.69 oC
KTY13    58.81 oC
RFA1int  61.68 oC

+00d 01:14:00:
SHT-21#1 60.52 oC,  8.62 % RH
SHT-21#2 60.77 oC,  7.78 % RH
LM75     60.00 oC
TMP141#1 60.75 oC
TMP141#2 60.75 oC
TMP141#3 60.50 oC
DS18B20  60.69 oC
KTY13    58.81 oC
RFA1int  61.68 oC

+00d 01:14:05:
SHT-21#1 60.53 oC,  8.57 % RH
SHT-21#2 60.78 oC,  7.78 % RH
LM75     60.00 oC
TMP141#1 60.75 oC
TMP141#2 60.75 oC
TMP141#3 60.50 oC
DS18B20  60.69 oC
KTY13    58.81 oC
RFA1int  59.42 oC

+00d 01:14:10:
SHT-21#1 60.54 oC,  8.57 % RH
SHT-21#2 60.79 oC,  7.78 % RH
LM75     60.00 oC
TMP141#1 60.75 oC
TMP141#2 60.75 oC
TMP141#3 60.50 oC
DS18B20  60.69 oC
KTY13    58.81 oC

+00d 01:14:15:
SHT-21#1 60.54 oC,  8.53 % RH
SHT-21#2 60.79 oC,  7.78 % RH
LM75     60.00 oC
TMP141#1 60.75 oC
TMP141#2 60.75 oC
TMP141#3 60.50 oC
DS18B20  60.69 oC
KTY13    58.81 oC
RFA1int  59.42 oC

+00d 01:14:20:
SHT-21#1 60.56 oC,  8.53 % RH
SHT-21#2 60.81 oC,  7.78 % RH
LM75     60.00 oC
TMP141#1 60.75 oC
TMP141#2 60.75 oC
TMP141#3 60.50 oC
DS18B20  60.75 oC
KTY13    58.81 oC
RFA1int  60.55 oC

+00d 01:14:25:
SHT-21#1 60.57 oC,  8.48 % RH
SHT-21#2 60.82 oC,  7.73 % RH
LM75     60.00 oC
TMP141#1 60.75 oC
TMP141#2 60.75 oC
TMP141#3 60.50 oC
DS18B20  60.75 oC
KTY13    58.81 oC
RFA1int  60.55 oC

+00d 01:14:30:
SHT-21#1 60.57 oC,  8.48 % RH
SHT-21#2 60.82 oC,  7.73 % RH
LM75     60.00 oC
TMP141#1 60.75 oC
TMP141#2 60.75 oC
TMP141#3 60.50 oC
DS18B20  60.75 oC
KTY13    58.81 oC
RFA1int  60.55 oC

+00d 01:14:35:
SHT-21#1 60.57 oC,  8.48 % RH
SHT-21#2 60.82 oC,  7.69 % RH
LM75     60.50 oC
TMP141#1 60.75 oC
TMP141#2 60.75 oC
TMP141#3 60.50 oC
DS18B20  60.75 oC
KTY13    58.81 oC
RFA1int  60.55 oC

+00d 01:14:40:
SHT-21#1 60.59 oC,  8.44 % RH
SHT-21#2 60.83 oC,  7.69 % RH
LM75     60.50 oC
TMP141#1 60.75 oC
TMP141#2 60.75 oC
TMP141#3 60.75 oC
DS18B20  60.75 oC
KTY13    58.81 oC

+00d 01:14:45:
SHT-21#2 60.83 oC,  7.69 % RH
LM75     60.00 oC
TMP141#1 60.75 oC
TMP141#2 60.75 oC
TMP141#3 60.75 oC
DS18B20  60.75 oC
KTY13    58.81 oC
RFA1int  60.55 oC

+00d 01:14:50:
SHT-21#1 60.59 oC,  8.40 % RH
SHT-21#2 60.83 oC,  7.65 % RH
LM75     60.50 oC
TMP141#1 60.75 oC
TMP141#2 60.75 oC
TMP141#3 60.50 oC
DS18B20  60.75 oC
KTY13    58.81 oC
RFA1int  59.42 oC

+00d 01:14:55:
SHT-21#1 60.58 oC,  8.40 % RH
SHT-21#2 60.83 oC,  7.65 % RH
LM75     60.00 oC
TMP141#1 60.75 oC
TMP141#2 60.75 oC
TMP141#3 60.50 oC
DS18B20  60.75 oC
KTY13    58.81 oC
RFA1int  60.55 oC

+00d 01:15:00:
SHT-21#1 60.60 oC,  8.40 % RH
SHT-21#2 60.84 oC,  7.65 % RH
LM75     60.00 oC
TMP141#1 60.75 oC
TMP141#2 60.75 oC
TMP141#3 60.75 oC
DS18B20  60.75 oC
KTY13    58.81 oC
RFA1int  59.42 oC

+00d 01:15:05:
SHT-21#1 60.60 oC,  8.35 % RH
SHT-21#2 60.83 oC,  7.65 % RH
LM75     60.00 oC
TMP141#1 60.75 oC
TMP141#2 60.75 oC
TMP141#3 60.75 oC
DS18B20  60.75 oC
KTY13    58.81 oC
RFA1int  59.42 oC

+00d 01:15:10:
SHT-21#1 60.59 oC,  8.35 % RH
SHT-21#2 60.83 oC,  7.60 % RH
LM75     60.50 oC
TMP141#1 60.75 oC
TMP141#2 60.75 oC
TMP141#3 60.50 oC
DS18B20  60.75 oC
KTY13    58.81 oC
RFA1int  61.68 oC

+00d 01:15:15:
SHT-21#1 60.58 oC,  8.35 % RH
SHT-21#2 60.83 oC,  7.60 % RH
LM75     60.50 oC
TMP141#1 60.75 oC
TMP141#2 60.75 oC
TMP141#3 60.50 oC
DS18B20  60.75 oC
KTY13    58.81 oC
RFA1int  59.42 oC

+00d 01:15:20:
SHT-21#1 60.59 oC,  8.35 % RH
SHT-21#2 60.83 oC,  7.60 % RH
LM75     60.50 oC
TMP141#1 60.75 oC
TMP141#2 60.75 oC
TMP141#3 60.75 oC
DS18B20  60.75 oC
KTY13    58.81 oC
RFA1int  59.42 oC

+00d 01:15:25:
SHT-21#1 60.59 oC,  8.35 % RH
SHT-21#2 60.83 oC,  7.60 % RH
LM75     60.50 oC
TMP141#1 60.75 oC
TMP141#2 60.75 oC
TMP141#3 60.50 oC
DS18B20  60.75 oC
KTY13    58.81 oC
RFA1int  60.55 oC

+00d 01:15:30:
SHT-21#1 60.58 oC,  8.35 % RH
SHT-21#2 60.82 oC,  7.56 % RH
LM75     60.00 oC
TMP141#1 60.75 oC
TMP141#2 60.75 oC
TMP141#3 60.50 oC
DS18B20  60.75 oC
KTY13    58.81 oC
RFA1int  61.68 oC

+00d 01:15:35:
SHT-21#1 60.57 oC,  8.31 % RH
SHT-21#2 60.81 oC,  7.56 % RH
LM75     60.00 oC
TMP141#1 60.75 oC
TMP141#2 60.75 oC
TMP141#3 60.50 oC
DS18B20  60.75 oC
KTY13    58.81 oC
RFA1int  60.55 oC

+00d 01:15:40:
SHT-21#1 60.58 oC,  8.31 % RH
SHT-21#2 60.82 oC,  7.56 % RH
LM75     60.50 oC
TMP141#1 60.75 oC
TMP141#2 60.75 oC
TMP141#3 60.50 oC
DS18B20  60.75 oC
KTY13    58.81 oC
RFA1int  60.55 oC

+00d 01:15:45:
SHT-21#1 60.58 oC,  8.31 % RH
SHT-21#2 60.82 oC,  7.56 % RH
LM75     60.00 oC
TMP141#1 60.75 oC
TMP141#2 60.75 oC
TMP141#3 60.50 oC
DS18B20  60.75 oC
KTY13    58.81 oC
RFA1int  59.42 oC

+00d 01:15:50:
SHT-21#1 60.57 oC,  8.31 % RH
SHT-21#2 60.81 oC,  7.52 % RH
LM75     60.00 oC
TMP141#1 60.75 oC
TMP141#2 60.75 oC
DS18B20  60.75 oC
KTY13    58.81 oC
RFA1int  59.42 oC

+00d 01:15:55:
SHT-21#1 60.56 oC,  8.26 % RH
SHT-21#2 60.80 oC,  7.52 % RH
LM75     60.00 oC
TMP141#1 60.75 oC
TMP141#2 60.75 oC
TMP141#3 60.50 oC
DS18B20  60.69 oC
KTY13    58.81 oC
RFA1int  60.55 oC

+00d 01:16:00:
SHT-21#1 60.57 oC,  8.26 % RH
SHT-21#2 60.80 oC,  7.52 % RH
LM75     60.00 oC
TMP141#1 60.75 oC
TMP141#2 60.75 oC
TMP141#3 60.50 oC
DS18B20  60.75 oC
KTY13    58.81 oC
RFA1int  61.68 oC

+00d 01:16:05:
SHT-21#1 60.57 oC,  8.26 % RH
SHT-21#2 60.80 oC,  7.47 % RH
LM75     60.00 oC
TMP141#1 60.75 oC
TMP141#2 60.75 oC
TMP141#3 60.50 oC
DS18B20  60.69 oC
KTY13    58.81 oC
RFA1int  60.55 oC

+00d 01:16:10:
SHT-21#1 60.56 oC,  8.26 % RH
SHT-21#2 60.79 oC,  7.47 % RH
LM75     60.00 oC
TMP141#1 60.75 oC
DS18B20  60.69 oC

+00d 01:16:15:
SHT-21#1 60.55 oC,  8.26 % RH
SHT-21#2 60.78 oC,  7.47 % RH
LM75     60.00 oC
TMP141#1 60.75 oC
TMP141#2 60.75 oC
TMP141#3 60.50 oC
DS18B20  60.69 oC
KTY13    58.81 oC
RFA1int  60.55 oC

+00d 01:16:20:
SHT-21#1 60.54 oC,  8.26 % RH
SHT-21#2 60.78 oC,  7.47 % RH
LM75     60.00 oC
TMP141#1 60.75 oC
TMP141#2 60.75 oC
TMP141#3 60.50 oC
DS18B20  60.69 oC
KTY13    58.81 oC
RFA1int  60.55 oC

+00d 01:16:25:
SHT-21#1 60.54 oC,  8.22 % RH
SHT-21#2 60.78 oC,  7.47 % RH
LM75     60.00 oC
TMP141#1 60.75 oC
TMP141#2 60.75 oC
TMP141#3 60.50 oC
DS18B20  60.69 oC
KTY13    58.81 oC
RFA1int  59.42 oC

+00d 01:16:30:
SHT-21#1 60.54 oC,  8.22 % RH
SHT-21#2 60.77 oC,  7.43 % RH
LM75     60.00 oC
TMP141#1 60.75 oC
TMP141#2 60.75 oC
TMP141#3 60.50 oC
DS18B20  60.69 oC
KTY13    58.81 oC
RFA1int  61.68 oC

+00d 01:16:35:
SHT-21#1 60.52 oC,  8.22 % RH
SHT-21#2 60.74 oC,  7.43 % RH
LM75     60.00 oC
TMP141#1 60.75 oC
TMP141#2 60.75 oC
TMP141#3 60.50 oC
DS18B20  60.63 oC
KTY13    58.81 oC
RFA1int  59.42 oC

+00d 01:16:40:
SHT-21#1 60.51 oC,  8.18 % RH
SHT-21#2 60.73 oC,  7.43 % RH
LM75     60.00 oC
TMP141#1 60.75 oC
TMP141#2 60.75 oC
TMP141#3 60.50 oC
DS18B20  60.63 oC
KTY13    58.81 oC
RFA1int  59.42 oC

+00d 01:16:45:
SHT-21#1 60.51 oC,  8.18 % RH
SHT-21#2 60.73 oC,  7.43 % RH
LM75     60.00 oC
TMP141#1 60.75 oC
TMP141#2 60.75 oC
TMP141#3 60.50 oC
DS18B20  60.63 oC
KTY13    58.81 oC
RFA1int  59.42 oC

+00d 01:16:50:
SHT-21#1 60.51 oC,  8.18 % RH
SHT-21#2 60.73 oC,  7.43 % RH
LM75     60.00 oC
TMP141#1 60.75 oC
TMP141#2 60.75 oC
TMP141#3 60.50 oC
DS18B20  60.63 oC
KTY13    58.81 oC
RFA1int  59.42 oC

+00d 01:16:55:
SHT-21#1 60.50 oC,  8.18 % RH
SHT-21#2 60.72 oC,  7.38 % RH
LM75     60.00 oC
TMP141#1 60.75 oC
TMP141#2 60.75 oC
TMP141#3 60.50 oC
DS18B20  60.63 oC
KTY13    58.81 oC
RFA1int  59.42 oC

+00d 01:17:00:
SHT-21#1 60.49 oC,  8.13 % RH
SHT-21#2 60.71 oC,  7.38 % RH
LM75     60.00 oC
TMP141#1 60.75 oC
TMP141#2 60.75 oC
TMP141#3 60.50 oC
DS18B20  60.63 oC
KTY13    58.81 oC
RFA1int  59.42 oC

+00d 01:17:05:
SHT-21#1 60.48 oC,  8.13 % RH
SHT-21#2 60.70 oC,  7.38 % RH
LM75     60.00 oC
TMP141#1 60.75 oC
TMP141#2 60.75 oC
TMP141#3 60.50 oC
DS18B20  60.63 oC
KTY13    58.81 oC
RFA1int  59.42 oC

+00d 01:17:10:
SHT-21#1 60.47 oC,  8.13 % RH
SHT-21#2 60.70 oC,  7.38 % RH
LM75     60.00 oC
TMP141#1 60.75 oC
TMP141#2 60.75 oC
TMP141#3 60.50 oC
DS18B20  60.63 oC
KTY13    58.81 oC
RFA1int  60.55 oC

+00d 01:17:15:
SHT-21#1 60.47 oC,  8.13 % RH
SHT-21#2 60.69 oC,  7.37 % RH
LM75     60.00 oC
TMP141#1 60.75 oC
TMP141#2 60.75 oC
TMP141#3 60.50 oC
DS18B20  60.63 oC
KTY13    58.81 oC
RFA1int  59.42 oC

+00d 01:17:20:
SHT-21#1 60.45 oC,  8.12 % RH
SHT-21#2 60.68 oC,  7.37 % RH
LM75     60.00 oC
TMP141#1 60.50 oC
TMP141#2 60.75 oC
TMP141#3 60.50 oC
DS18B20  60.63 oC
KTY13    58.81 oC
RFA1int  59.42 oC

+00d 01:17:25:
SHT-21#1 60.44 oC,  8.08 % RH
SHT-21#2 60.66 oC,  7.37 % RH
LM75     60.00 oC
TMP141#1 60.50 oC
TMP141#2 60.75 oC
TMP141#3 60.50 oC
DS18B20  60.56 oC
KTY13    58.81 oC
RFA1int  60.55 oC

+00d 01:17:30:
SHT-21#1 60.43 oC,  8.08 % RH
SHT-21#2 60.66 oC,  7.34 % RH
LM75     60.00 oC
TMP141#1 60.50 oC
TMP141#2 60.50 oC
TMP141#3 60.50 oC
DS18B20  60.56 oC
KTY13    58.81 oC
RFA1int  59.42 oC

+00d 01:17:35:
SHT-21#1 60.43 oC,  8.08 % RH
TMP141#1 60.50 oC
TMP141#2 60.50 oC
TMP141#3 60.50 oC
DS18B20  60.56 oC
KTY13    58.81 oC

+00d 01:17:40:
SHT-21#1 60.42 oC,  8.08 % RH
SHT-21#2 60.65 oC,  7.34 % RH
LM75     60.00 oC
TMP141#1 60.50 oC
TMP141#2 60.50 oC
TMP141#3 60.50 oC
DS18B20  60.56 oC
KTY13    58.81 oC
RFA1int  59.42 oC

+00d 01:17:45:
SHT-21#1 60.40 oC,  8.03 % RH
SHT-21#2 60.64 oC,  7.34 % RH
LM75     60.00 oC
TMP141#1 60.50 oC
TMP141#2 60.50 oC
TMP141#3 60.50 oC
DS18B20  60.56 oC
KTY13    58.81 oC
RFA1int  60.55 oC

+00d 01:17:50:
SHT-21#1 60.39 oC,  8.03 % RH
SHT-21#2 60.62 oC,  7.34 % RH
LM75     60.00 oC
TMP141#1 60.50 oC
TMP141#2 60.50 oC
TMP141#3 60.50 oC
DS18B20  60.56 oC
KTY13    58.81 oC
RFA1int  59.42 oC

+00d 01:17:55:
SHT-21#1 60.39 oC,  8.03 % RH
SHT-21#2 60.62 oC,  7.29 % RH
LM75     60.00 oC
TMP141#1 60.50 oC
TMP141#2 60.50 oC
TMP141#3 60.50 oC
DS18B20  60.56 oC
KTY13    58.81 oC
RFA1int  60.55 oC

+00d 01:18:00:
SHT-21#1 60.39 oC,  8.03 % RH
SHT-21#2 60.62 oC,  7.29 % RH
LM75     60.00 oC
TMP141#1 60.50 oC
TMP141#2 60.50 oC
TMP141#3 60.50 oC
DS18B20  60.50 oC
KTY13    58.81 oC

+00d 01:18:05:
SHT-21#1 60.37 oC,  8.03 % RH
SHT-21#2 60.60 oC,  7.29 % RH
LM75     60.00 oC
TMP141#1 60.50 oC
TMP141#2 60.50 oC
TMP141#3 60.50 oC
DS18B20  60.50 oC
KTY13    58.81 oC
RFA1int  60.55 oC

+00d 01:18:10:
SHT-21#1 60.37 oC,  8.03 % RH
SHT-21#2 60.58 oC,  7.29 % RH
LM75     60.00 oC
TMP141#1 60.50 oC
TMP141#2 60.50 oC
TMP141#3 60.50 oC
DS18B20  60.50 oC
KTY13    58.81 oC
RFA1int  59.42 oC

+00d 01:18:15:
SHT-21#1 60.35 oC,  8.03 % RH
SHT-21#2 60.57 oC,  7.29 % RH
LM75     60.00 oC
TMP141#1 60.50 oC
TMP141#2 60.50 oC
TMP141#3 60.25 oC
DS18B20  60.50 oC
KTY13    58.81 oC
RFA1int  60.55 oC

+00d 01:18:20:
SHT-21#1 60.35 oC,  7.98 % RH
SHT-21#2 60.57 oC,  7.29 % RH
LM75     60.00 oC
TMP141#1 60.50 oC
TMP141#2 60.50 oC
TMP141#3 60.25 oC
DS18B20  60.50 oC
KTY13    58.81 oC
RFA1int  60.55 oC

+00d 01:18:25:
SHT-21#1 60.34 oC,  7.98 % RH
SHT-21#2 60.57 oC,  7.21 % RH
LM75     60.00 oC
TMP141#1 60.50 oC
TMP141#2 60.50 oC
TMP141#3 60.25 oC
DS18B20  60.50 oC
KTY13    58.81 oC
RFA1int  60.55 oC

+00d 01:18:30:
SHT-21#1 60.34 oC,  7.98 % RH
SHT-21#2 60.56 oC,  7.21 % RH
LM75     60.00 oC
TMP141#1 60.50 oC
TMP141#2 60.50 oC
TMP141#3 60.25 oC
DS18B20  60.50 oC
KTY13    58.81 oC
RFA1int  60.55 oC

+00d 01:18:35:
SHT-21#1 60.33 oC,  7.98 % RH
SHT-21#2 60.56 oC,  7.21 % RH
LM75     60.00 oC
TMP141#1 60.50 oC
TMP141#2 60.50 oC
TMP141#3 60.25 oC
DS18B20  60.44 oC
KTY13    58.81 oC
RFA1int  60.55 oC

+00d 01:18:40:
SHT-21#1 60.32 oC,  7.98 % RH
SHT-21#2 60.55 oC,  7.21 % RH
LM75     60.00 oC
TMP141#1 60.50 oC
TMP141#2 60.50 oC
TMP141#3 60.25 oC
DS18B20  60.44 oC
KTY13    58.81 oC
RFA1int  59.42 oC

+00d 01:18:45:
SHT-21#1 60.33 oC,  7.98 % RH
SHT-21#2 60.54 oC,  7.21 % RH
LM75     60.00 oC
TMP141#1 60.50 oC
TMP141#2 60.50 oC
TMP141#3 60.25 oC
DS18B20  60.44 oC
KTY13    58.81 oC
RFA1int  59.42 oC

+00d 01:18:50:
SHT-21#1 60.32 oC,  7.98 % RH
SHT-21#2 60.54 oC,  7.21 % RH
LM75     60.00 oC
TMP141#1 60.50 oC
TMP141#2 60.50 oC
TMP141#3 60.25 oC
DS18B20  60.44 oC
KTY13    58.81 oC
RFA1int  59.42 oC

+00d 01:18:55:
SHT-21#1 60.30 oC,  7.98 % RH
SHT-21#2 60.54 oC,  7.21 % RH
LM75     60.00 oC
TMP141#1 60.50 oC
TMP141#2 60.50 oC
TMP141#3 60.25 oC
DS18B20  60.44 oC
KTY13    58.81 oC
RFA1int  59.42 oC

+00d 01:19:00:
SHT-21#1 60.30 oC,  7.98 % RH
SHT-21#2 60.53 oC,  7.21 % RH
LM75     60.00 oC
TMP141#1 60.50 oC
TMP141#2 60.50 oC
TMP141#3 60.25 oC
DS18B20  60.44 oC
KTY13    58.81 oC
RFA1int  59.42 oC
SHT-21#1 60.29 oC,  7.98 % RH
SHT-21#2 60.52 oC,  7.20 % RH
LM75     60.00 oC
TMP141#1 60.50 oC
TMP141#2 60.50 oC
TMP141#3 60.25 oC
DS18B20  60.44 oC
KTY13    58.81 oC
RFA1int  59.42 oC

+00d 01:19:10:
SHT-21#1 60.30 oC,  7.98 % RH
SHT-21#2 60.52 oC,  7.15 % RH
LM75     60.00 oC
TMP141#1 60.50 oC
TMP141#3 60.25 oC
DS18B20  60.44 oC
KTY13    58.81 oC
RFA1int  59.42 oC

+00d 01:19:15:
SHT-21#1 60.29 oC,  7.94 % RH
SHT-21#2 60.52 oC,  7.15 % RH
LM75     60.00 oC
TMP141#1 60.50 oC
TMP141#2 60.50 oC
TMP141#3 60.25 oC
DS18B20  60.44 oC
KTY13    58.81 oC
RFA1int  59.42 oC

+00d 01:19:20:
SHT-21#1 60.29 oC,  7.94 % RH
SHT-21#2 60.52 oC,  7.15 % RH
LM75     59.50 oC
TMP141#1 60.50 oC
TMP141#2 60.50 oC
TMP141#3 60.25 oC
DS18B20  60.44 oC
KTY13    58.81 oC
RFA1int  60.55 oC

+00d 01:19:25:
SHT-21#1 60.28 oC,  7.94 % RH
SHT-21#2 60.51 oC,  7.15 % RH
LM75     60.00 oC
TMP141#1 60.50 oC
TMP141#2 60.50 oC
TMP141#3 60.25 oC
DS18B20  60.44 oC
KTY13    58.81 oC
RFA1int  60.55 oC

+00d 01:19:30:
SHT-21#1 60.27 oC,  7.94 % RH
SHT-21#2 60.49 oC,  7.15 % RH
LM75     60.00 oC
TMP141#1 60.50 oC
TMP141#2 60.50 oC
TMP141#3 60.25 oC
DS18B20  60.44 oC
KTY13    58.81 oC
RFA1int  59.42 oC

+00d 01:19:35:
SHT-21#1 60.26 oC,  7.94 % RH
SHT-21#2 60.49 oC,  7.15 % RH
LM75     60.00 oC
TMP141#1 60.50 oC
TMP141#2 60.50 oC
TMP141#3 60.25 oC
DS18B20  60.38 oC
KTY13    58.81 oC
RFA1int  59.42 oC

+00d 01:19:40:
SHT-21#1 60.26 oC,  7.89 % RH
SHT-21#2 60.49 oC,  7.11 % RH
LM75     60.00 oC
TMP141#1 60.50 oC
TMP141#2 60.50 oC
TMP141#3 60.25 oC
DS18B20  60.44 oC
KTY13    58.81 oC
RFA1int  59.42 oC

+00d 01:19:45:
SHT-21#1 60.26 oC,  7.89 % RH
SHT-21#2 60.49 oC,  7.11 % RH
LM75     60.00 oC
TMP141#1 60.50 oC
TMP141#2 60.50 oC
TMP141#3 60.25 oC
DS18B20  60.38 oC
KTY13    58.81 oC
RFA1int  59.42 oC

+00d 01:19:50:
SHT-21#1 60.25 oC,  7.89 % RH
SHT-21#2 60.48 oC,  7.11 % RH
LM75     60.00 oC
TMP141#1 60.50 oC
TMP141#2 60.50 oC
TMP141#3 60.25 oC
DS18B20  60.38 oC
KTY13    58.81 oC
RFA1int  59.42 oC

+00d 01:19:55:
SHT-21#1 60.24 oC,  7.89 % RH
SHT-21#2 60.47 oC,  7.11 % RH
LM75     60.00 oC
TMP141#1 60.50 oC
TMP141#2 60.50 oC
TMP141#3 60.25 oC
DS18B20  60.38 oC
KTY13    58.26 oC
RFA1int  59.42 oC

+00d 01:20:00:
SHT-21#1 60.24 oC,  7.89 % RH
SHT-21#2 60.45 oC,  7.11 % RH
LM75     60.00 oC
TMP141#1 60.50 oC
TMP141#2 60.50 oC
TMP141#3 60.25 oC
DS18B20  60.38 oC
KTY13    58.26 oC
RFA1int  60.55 oC

+00d 01:20:05:
SHT-21#1 60.24 oC,  7.89 % RH
SHT-21#2 60.47 oC,  7.11 % RH
LM75     60.00 oC
TMP141#1 60.50 oC
TMP141#2 60.50 oC
TMP141#3 60.25 oC
KTY13    58.81 oC
RFA1int  59.42 oC

+00d 01:20:10:
SHT-21#1 60.24 oC,  7.89 % RH
SHT-21#2 60.45 oC,  7.11 % RH
LM75     60.00 oC
TMP141#1 60.50 oC
TMP141#2 60.50 oC
TMP141#3 60.25 oC
DS18B20  60.38 oC
KTY13    58.81 oC
RFA1int  59.42 oC

+00d 01:20:15:
SHT-21#1 60.23 oC,  7.89 % RH
SHT-21#2 60.45 oC,  7.11 % RH
LM75     59.50 oC
TMP141#1 60.50 oC
TMP141#2 60.50 oC
TMP141#3 60.25 oC
DS18B20  60.38 oC
KTY13    58.81 oC
RFA1int  59.42 oC

+00d 01:20:20:
SHT-21#1 60.22 oC,  7.85 % RH
SHT-21#2 60.44 oC,  7.07 % RH
LM75     60.00 oC
TMP141#1 60.50 oC
TMP141#2 60.50 oC
TMP141#3 60.25 oC
DS18B20  60.31 oC
KTY13    58.26 oC
RFA1int  59.42 oC

+00d 01:20:25:
SHT-21#1 60.21 oC,  7.89 % RH
SHT-21#2 60.43 oC,  7.07 % RH
LM75     60.00 oC
TMP141#1 60.25 oC
TMP141#2 60.50 oC
TMP141#3 60.25 oC
DS18B20  60.31 oC
KTY13    58.81 oC
RFA1int  60.55 oC
SHT-21#1 60.22 oC,  7.85 % RH
SHT-21#2 60.44 oC,  7.07 % RH
TMP141#1 60.25 oC
TMP141#3 60.25 oC
RFA1int  60.55 oC

+00d 01:20:35:
SHT-21#1 60.22 oC,  7.85 % RH
SHT-21#2 60.43 oC,  7.07 % RH
LM75     60.00 oC
TMP141#2 60.50 oC
TMP141#3 60.25 oC
DS18B20  60.38 oC
KTY13    58.26 oC
RFA1int  59.42 oC

+00d 01:20:40:
SHT-21#1 60.21 oC,  7.85 % RH
SHT-21#2 60.43 oC,  7.07 % RH
LM75     60.00 oC
TMP141#1 60.25 oC
TMP141#3 60.25 oC
DS18B20  60.38 oC
KTY13    58.26 oC
RFA1int  59.42 oC

+00d 01:20:45:
SHT-21#1 60.20 oC,  7.85 % RH
SHT-21#2 60.41 oC,  7.07 % RH
LM75     60.00 oC
TMP141#1 60.25 oC
TMP141#2 60.50 oC
TMP141#3 60.25 oC
DS18B20  60.31 oC
KTY13    58.81 oC
RFA1int  59.42 oC

+00d 01:20:50:
SHT-21#1 60.19 oC,  7.80 % RH
SHT-21#2 60.40 oC,  7.07 % RH
LM75     60.00 oC
TMP141#1 60.25 oC
TMP141#2 60.50 oC
TMP141#3 60.25 oC
DS18B20  60.31 oC
KTY13    58.26 oC
RFA1int  59.42 oC

+00d 01:20:55:
SHT-21#1 60.18 oC,  7.80 % RH
SHT-21#2 60.40 oC,  7.07 % RH
LM75     60.00 oC
TMP141#1 60.25 oC
TMP141#2 60.50 oC
TMP141#3 60.25 oC
DS18B20  60.31 oC
KTY13    58.26 oC
RFA1int  59.42 oC

+00d 01:21:00:
SHT-21#1 60.18 oC,  7.80 % RH
SHT-21#2 60.39 oC,  7.07 % RH
LM75     60.00 oC
TMP141#1 60.25 oC
TMP141#2 60.25 oC
TMP141#3 60.25 oC
DS18B20  60.31 oC
KTY13    58.81 oC
RFA1int  60.55 oC

+00d 01:21:05:
SHT-21#1 60.17 oC,  7.80 % RH
SHT-21#2 60.39 oC,  7.07 % RH
LM75     60.00 oC
TMP141#1 60.25 oC
TMP141#2 60.25 oC
TMP141#3 60.25 oC
DS18B20  60.31 oC
KTY13    58.26 oC
RFA1int  59.42 oC

+00d 01:21:10:
SHT-21#1 60.15 oC,  7.80 % RH
SHT-21#2 60.38 oC,  7.07 % RH
LM75     60.00 oC
TMP141#1 60.25 oC
TMP141#2 60.25 oC
TMP141#3 60.25 oC
DS18B20  60.31 oC
KTY13    58.26 oC
RFA1int  60.55 oC

+00d 01:21:15:
SHT-21#1 60.13 oC,  7.80 % RH
SHT-21#2 60.36 oC,  7.02 % RH
LM75     60.00 oC
TMP141#1 60.25 oC
TMP141#2 60.25 oC
TMP141#3 60.25 oC
DS18B20  60.25 oC
KTY13    58.26 oC
RFA1int  59.42 oC

+00d 01:21:20:
SHT-21#1 60.13 oC,  7.80 % RH
SHT-21#2 60.36 oC,  7.02 % RH
LM75     60.00 oC
TMP141#1 60.25 oC
TMP141#2 60.25 oC
TMP141#3 60.25 oC
DS18B20  60.25 oC
KTY13    58.26 oC
RFA1int  59.42 oC

+00d 01:21:25:
SHT-21#1 60.13 oC,  7.80 % RH
SHT-21#2 60.35 oC,  7.02 % RH
LM75     60.00 oC
TMP141#1 60.25 oC
TMP141#2 60.25 oC
TMP141#3 60.25 oC
DS18B20  60.25 oC
KTY13    58.26 oC
RFA1int  59.42 oC

+00d 01:21:30:
SHT-21#1 60.12 oC,  7.80 % RH
SHT-21#2 60.35 oC,  7.02 % RH
LM75     60.00 oC
TMP141#1 60.25 oC
TMP141#2 60.25 oC
TMP141#3 60.25 oC
DS18B20  60.25 oC
KTY13    58.26 oC
RFA1int  61.68 oC

+00d 01:21:35:
SHT-21#1 60.11 oC,  7.80 % RH
SHT-21#2 60.34 oC,  7.02 % RH
LM75     60.00 oC
TMP141#1 60.25 oC
TMP141#2 60.25 oC
TMP141#3 60.25 oC
DS18B20  60.25 oC
RFA1int  59.42 oC

+00d 01:21:40:
SHT-21#1 60.10 oC,  7.79 % RH
SHT-21#2 60.33 oC,  7.02 % RH
LM75     59.50 oC
TMP141#1 60.25 oC
TMP141#2 60.25 oC
TMP141#3 60.00 oC
DS18B20  60.25 oC
KTY13    58.26 oC
RFA1int  59.42 oC

+00d 01:21:45:
SHT-21#1 60.09 oC,  7.79 % RH
SHT-21#2 60.30 oC,  7.02 % RH
LM75     60.00 oC
TMP141#1 60.25 oC
TMP141#2 60.25 oC
TMP141#3 60.00 oC
DS18B20  60.25 oC
KTY13    58.26 oC
RFA1int  59.42 oC

+00d 01:21:50:
SHT-21#1 60.08 oC,  7.79 % RH
SHT-21#2 60.28 oC,  7.02 % RH
LM75     59.50 oC
TMP141#1 60.25 oC
TMP141#2 60.25 oC
TMP141#3 60.00 oC
DS18B20  60.19 oC
KTY13    58.26 oC
RFA1int  59.42 oC
SHT-21#1 60.05 oC,  7.79 % RH
LM75     59.50 oC
TMP141#1 60.25 oC
TMP141#2 60.25 oC
KTY13    58.26 oC
RFA1int  59.42 oC

+00d 01:22:00:
SHT-21#1 60.03 oC,  7.79 % RH
SHT-21#2 60.25 oC,  7.02 % RH
LM75     59.50 oC
TMP141#1 60.25 oC
TMP141#2 60.25 oC
TMP141#3 60.00 oC
DS18B20  60.19 oC
KTY13    58.26 oC
RFA1int  59.42 oC

+00d 01:22:05:
SHT-21#1 60.03 oC,  7.79 % RH
SHT-21#2 60.24 oC,  7.02 % RH
LM75     59.50 oC
TMP141#1 60.25 oC
TMP141#2 60.25 oC
TMP141#3 60.00 oC
DS18B20  60.19 oC
KTY13    58.26 oC
RFA1int  60.55 oC

+00d 01:22:10:
SHT-21#1 60.01 oC,  7.79 % RH
SHT-21#2 60.23 oC,  7.02 % RH
LM75     59.50 oC
TMP141#1 60.25 oC
TMP141#2 60.25 oC
TMP141#3 60.00 oC
DS18B20  60.13 oC
KTY13    58.26 oC
RFA1int  59.42 oC

+00d 01:22:15:
SHT-21#1 60.00 oC,  7.79 % RH
SHT-21#2 60.21 oC,  7.02 % RH
LM75     59.50 oC
TMP141#1 60.25 oC
TMP141#2 60.25 oC
TMP141#3 60.00 oC
DS18B20  60.13 oC
KTY13    58.26 oC
RFA1int  60.55 oC

+00d 01:22:20:
SHT-21#1 59.98 oC,  7.76 % RH
SHT-21#2 60.20 oC,  7.02 % RH
LM75     59.50 oC
TMP141#1 60.25 oC
TMP141#2 60.25 oC
TMP141#3 60.00 oC
DS18B20  60.13 oC
KTY13    58.26 oC
RFA1int  58.29 oC

+00d 01:22:25:
SHT-21#1 59.98 oC,  7.76 % RH
SHT-21#2 60.20 oC,  7.02 % RH
LM75     59.50 oC
TMP141#1 60.00 oC
TMP141#2 60.25 oC
TMP141#3 60.00 oC
DS18B20  60.13 oC
KTY13    58.26 oC
RFA1int  59.42 oC

+00d 01:22:30:
SHT-21#1 59.98 oC,  7.79 % RH
SHT-21#2 60.20 oC,  7.02 % RH
TMP141#1 60.25 oC
TMP141#2 60.25 oC
TMP141#3 60.00 oC
DS18B20  60.13 oC
KTY13    58.26 oC
RFA1int  59.42 oC

+00d 01:22:35:
SHT-21#1 59.97 oC,  7.76 % RH
SHT-21#2 60.18 oC,  7.02 % RH
LM75     59.50 oC
TMP141#1 60.00 oC
TMP141#2 60.25 oC
TMP141#3 60.00 oC
DS18B20  60.13 oC
KTY13    58.26 oC
RFA1int  59.42 oC

+00d 01:22:40:
SHT-21#1 59.96 oC,  7.76 % RH
SHT-21#2 60.18 oC,  7.01 % RH
LM75     59.50 oC
TMP141#1 60.00 oC
TMP141#2 60.25 oC
TMP141#3 60.00 oC
DS18B20  60.13 oC
KTY13    58.26 oC
RFA1int  59.42 oC

+00d 01:22:45:
SHT-21#1 59.95 oC,  7.75 % RH
SHT-21#2 60.17 oC,  7.01 % RH
LM75     59.50 oC
TMP141#1 60.00 oC
TMP141#2 60.25 oC
TMP141#3 60.00 oC
DS18B20  60.06 oC
KTY13    58.26 oC
RFA1int  59.42 oC

+00d 01:22:50:
SHT-21#1 59.93 oC,  7.79 % RH
SHT-21#2 60.14 oC,  7.01 % RH
LM75     59.50 oC
TMP141#1 60.00 oC
TMP141#2 60.00 oC
TMP141#3 60.00 oC
DS18B20  60.06 oC
KTY13    58.26 oC
RFA1int  59.42 oC

+00d 01:22:55:
SHT-21#1 59.92 oC,  7.75 % RH
SHT-21#2 60.12 oC,  7.01 % RH
LM75     59.50 oC
TMP141#1 60.00 oC
TMP141#2 60.00 oC
TMP141#3 60.00 oC
DS18B20  60.06 oC
KTY13    58.26 oC
RFA1int  59.42 oC

+00d 01:23:00:
SHT-21#1 59.90 oC,  7.79 % RH
SHT-21#2 60.10 oC,  7.01 % RH
LM75     59.50 oC
TMP141#1 60.00 oC
TMP141#3 60.00 oC
DS18B20  60.00 oC
KTY13    58.26 oC
RFA1int  59.42 oC

+00d 01:23:05:
SHT-21#1 59.88 oC,  7.79 % RH
SHT-21#2 60.08 oC,  7.01 % RH
LM75     59.50 oC
TMP141#1 60.00 oC
TMP141#2 60.00 oC
TMP141#3 60.00 oC
DS18B20  60.00 oC
KTY13    58.26 oC
RFA1int  59.42 oC

+00d 01:23:10:
SHT-21#1 59.86 oC,  7.75 % RH
SHT-21#2 60.07 oC,  7.01 % RH
LM75     59.50 oC
TMP141#1 60.00 oC
TMP141#2 60.00 oC
TMP141#3 60.00 oC
DS18B20  60.00 oC
KTY13    58.26 oC
RFA1int  59.42 oC

+00d 01:23:15:
SHT-21#1 59.85 oC,  7.75 % RH
SHT-21#2 60.06 oC,  7.01 % RH
LM75     59.50 oC
TMP141#1 60.00 oC
TMP141#2 60.00 oC
TMP141#3 59.75 oC
DS18B20  60.00 oC
KTY13    58.26 oC
RFA1int  60.55 oC

+00d 01:23:20:
SHT-21#1 59.84 oC,  7.75 % RH
SHT-21#2 60.05 oC,  7.01 % RH
LM75     59.50 oC
TMP141#1 60.00 oC
TMP141#2 60.00 oC
TMP141#3 59.75 oC
DS18B20  60.00 oC
KTY13    58.26 oC
RFA1int  59.42 oC
SHT-21#2 60.03 oC,  7.01 % RH
TMP141#2 60.00 oC
TMP141#3 59.75 oC
DS18B20  59.94 oC
KTY13    58.26 oC
RFA1int  59.42 oC

+00d 01:23:30:
SHT-21#2 60.03 oC,  7.01 % RH
LM75     59.50 oC
TMP141#1 60.00 oC
TMP141#3 59.75 oC
DS18B20  60.00 oC
KTY13    58.26 oC
RFA1int  59.42 oC

+00d 01:23:35:
SHT-21#1 59.82 oC,  7.75 % RH
SHT-21#2 60.03 oC,  7.01 % RH
LM75     59.50 oC
TMP141#1 60.00 oC
TMP141#2 60.00 oC
TMP141#3 59.75 oC
DS18B20  59.94 oC
KTY13    58.26 oC
RFA1int  59.42 oC

+00d 01:23:40:
SHT-21#1 59.82 oC,  7.75 % RH
SHT-21#2 60.03 oC,  6.96 % RH
LM75     59.50 oC
TMP141#1 60.00 oC
TMP141#2 60.00 oC
TMP141#3 59.75 oC
DS18B20  60.00 oC
KTY13    58.26 oC
RFA1int  58.29 oC

+00d 01:23:45:
SHT-21#1 59.82 oC,  7.75 % RH
SHT-21#2 60.03 oC,  7.01 % RH
LM75     59.50 oC
TMP141#1 60.00 oC
TMP141#2 60.00 oC
TMP141#3 59.75 oC
DS18B20  59.94 oC
KTY13    58.26 oC
RFA1int  59.42 oC

+00d 01:23:50:
SHT-21#1 59.81 oC,  7.75 % RH
SHT-21#2 60.01 oC,  7.01 % RH
LM75     59.50 oC
TMP141#1 60.00 oC
TMP141#2 60.00 oC
TMP141#3 59.75 oC
DS18B20  59.94 oC
KTY13    58.26 oC
RFA1int  59.42 oC

+00d 01:23:55:
SHT-21#1 59.80 oC,  7.75 % RH
SHT-21#2 59.99 oC,  7.01 % RH
LM75     59.50 oC
TMP141#1 60.00 oC
TMP141#2 60.00 oC
TMP141#3 59.75 oC
DS18B20  59.94 oC
KTY13    58.26 oC
RFA1int  58.29 oC

+00d 01:24:00:
SHT-21#1 59.77 oC,  7.74 % RH
SHT-21#2 59.97 oC,  7.00 % RH
LM75     59.50 oC
TMP141#1 60.00 oC
TMP141#2 60.00 oC
DS18B20  59.88 oC
KTY13    58.26 oC
RFA1int  60.55 oC

+00d 01:24:05:
SHT-21#1 59.52 oC,  7.69 % RH
SHT-21#2 59.73 oC,  6.95 % RH
LM75     59.00 oC
TMP141#1 59.50 oC
TMP141#2 59.75 oC
TMP141#3 59.50 oC
DS18B20  59.56 oC
KTY13    57.70 oC
RFA1int  59.42 oC

+00d 01:24:10:
SHT-21#1 58.94 oC,  7.35 % RH
SHT-21#2 59.12 oC,  6.62 % RH
LM75     58.50 oC
TMP141#1 59.00 oC
TMP141#2 59.00 oC
TMP141#3 59.00 oC
DS18B20  58.94 oC
KTY13    56.59 oC
RFA1int  59.42 oC

+00d 01:24:15:
SHT-21#1 58.14 oC,  6.54 % RH
SHT-21#2 58.32 oC,  5.81 % RH
LM75     57.50 oC
TMP141#1 58.00 oC
TMP141#2 58.25 oC
TMP141#3 58.00 oC
DS18B20  58.00 oC
KTY13    55.49 oC
RFA1int  58.29 oC

+00d 01:24:20:
SHT-21#1 56.98 oC,  5.52 % RH
SHT-21#2 57.13 oC,  4.78 % RH
LM75     56.50 oC
TMP141#1 56.75 oC
TMP141#2 57.00 oC
TMP141#3 56.75 oC
DS18B20  56.81 oC
KTY13    54.39 oC
RFA1int  58.29 oC

+00d 01:24:25:
SHT-21#1 55.86 oC,  4.70 % RH
SHT-21#2 55.92 oC,  4.09 % RH
LM75     55.50 oC
TMP141#1 55.50 oC
TMP141#2 56.00 oC
TMP141#3 55.75 oC
DS18B20  55.56 oC
KTY13    53.30 oC
RFA1int  54.90 oC

+00d 01:24:30:
SHT-21#1 54.50 oC,  4.17 % RH
SHT-21#2 54.49 oC,  3.53 % RH
LM75     54.00 oC
TMP141#1 54.00 oC
TMP141#2 54.50 oC
TMP141#3 54.25 oC
DS18B20  54.13 oC
KTY13    51.67 oC
RFA1int  53.77 oC

+00d 01:24:35:
SHT-21#1 53.05 oC,  3.91 % RH
SHT-21#2 52.97 oC,  3.27 % RH
LM75     52.50 oC
TMP141#1 52.50 oC
TMP141#2 53.00 oC
TMP141#3 52.75 oC
DS18B20  52.56 oC
KTY13    50.04 oC
RFA1int  52.64 oC

+00d 01:24:40:
SHT-21#1 51.74 oC,  4.09 % RH
SHT-21#2 51.60 oC,  3.48 % RH
LM75     51.00 oC
TMP141#1 51.00 oC
TMP141#2 51.75 oC
TMP141#3 51.25 oC
DS18B20  51.19 oC
KTY13    48.43 oC
RFA1int  51.51 oC

+00d 01:24:45:
SHT-21#1 50.72 oC,  5.14 % RH
SHT-21#2 50.53 oC,  4.51 % RH
LM75     50.00 oC
TMP141#1 50.00 oC
TMP141#2 50.75 oC
TMP141#3 50.25 oC
DS18B20  50.13 oC
KTY13    47.90 oC
RFA1int  50.38 oC
SHT-21#2 49.32 oC,  4.47 % RH
TMP141#1 48.75 oC
TMP141#3 49.00 oC
DS18B20  48.94 oC
RFA1int  48.12 oC

+00d 01:24:55:
SHT-21#1 48.34 oC,  4.59 % RH
SHT-21#2 48.02 oC,  4.00 % RH
LM75     47.50 oC
TMP141#1 47.50 oC
TMP141#2 48.50 oC
TMP141#3 47.75 oC
DS18B20  47.63 oC
KTY13    45.23 oC
RFA1int  48.12 oC

+00d 01:25:00:
SHT-21#1 46.96 oC,  4.33 % RH
SHT-21#2 46.65 oC,  3.71 % RH
LM75     46.00 oC
TMP141#1 46.00 oC
TMP141#2 47.00 oC
TMP141#3 46.50 oC
DS18B20  46.19 oC
KTY13    43.65 oC
RFA1int  45.86 oC

+00d 01:25:05:
SHT-21#1 45.61 oC,  4.16 % RH
SHT-21#2 45.27 oC,  3.58 % RH
LM75     45.00 oC
TMP141#1 44.75 oC
TMP141#2 45.75 oC
TMP141#3 45.00 oC
DS18B20  44.81 oC
KTY13    42.07 oC
RFA1int  44.73 oC

+00d 01:25:10:
SHT-21#1 44.20 oC,  4.12 % RH
SHT-21#2 43.83 oC,  3.54 % RH
LM75     43.50 oC
TMP141#1 43.25 oC
TMP141#2 44.25 oC
TMP141#3 43.50 oC
DS18B20  43.38 oC
KTY13    40.50 oC
RFA1int  42.47 oC

+00d 01:25:15:
SHT-21#1 42.83 oC,  4.16 % RH
SHT-21#2 42.43 oC,  3.57 % RH
LM75     42.00 oC
TMP141#1 41.75 oC
TMP141#2 42.75 oC
TMP141#3 42.25 oC
DS18B20  42.00 oC
KTY13    39.46 oC
RFA1int  41.34 oC

+00d 01:25:20:
SHT-21#1 41.49 oC,  4.25 % RH
SHT-21#2 41.06 oC,  3.72 % RH
LM75     41.00 oC
TMP141#1 40.50 oC
TMP141#2 41.50 oC
TMP141#3 41.00 oC
DS18B20  40.63 oC
KTY13    37.91 oC
RFA1int  40.21 oC

+00d 01:25:25:
SHT-21#1 40.24 oC,  4.38 % RH
SHT-21#2 39.77 oC,  3.86 % RH
LM75     39.50 oC
TMP141#1 39.25 oC
TMP141#2 40.25 oC
TMP141#3 39.50 oC
DS18B20  39.31 oC
KTY13    36.88 oC
RFA1int  39.08 oC

+00d 01:25:30:
SHT-21#1 38.89 oC,  4.50 % RH
SHT-21#2 38.40 oC,  4.00 % RH
LM75     38.00 oC
TMP141#1 38.00 oC
TMP141#2 39.00 oC
TMP141#3 38.25 oC
DS18B20  37.94 oC
KTY13    35.33 oC
RFA1int  36.82 oC

+00d 01:25:35:
SHT-21#1 37.60 oC,  4.67 % RH
SHT-21#2 37.11 oC,  4.19 % RH
LM75     37.00 oC
TMP141#1 36.75 oC
TMP141#2 37.50 oC
DS18B20  36.69 oC
KTY13    34.31 oC
RFA1int  36.82 oC

+00d 01:25:40:
SHT-21#1 36.41 oC,  4.83 % RH
SHT-21#2 35.90 oC,  4.37 % RH
LM75     35.50 oC
TMP141#2 36.50 oC
TMP141#3 35.75 oC
DS18B20  35.50 oC
RFA1int  36.82 oC

+00d 01:25:45:
SHT-21#1 35.19 oC,  5.04 % RH
SHT-21#2 34.70 oC,  4.59 % RH
LM75     34.50 oC
TMP141#1 34.25 oC
TMP141#2 35.25 oC
TMP141#3 34.50 oC
DS18B20  34.31 oC
KTY13    31.77 oC
RFA1int  33.43 oC

+00d 01:25:50:
SHT-21#1 34.27 oC,  5.50 % RH
SHT-21#2 33.76 oC,  5.10 % RH
LM75     33.00 oC
TMP141#1 33.50 oC
TMP141#2 34.25 oC
TMP141#3 33.75 oC
DS18B20  33.38 oC
KTY13    31.26 oC
RFA1int  32.30 oC

+00d 01:25:55:
SHT-21#1 33.45 oC,  6.13 % RH
SHT-21#2 32.93 oC,  5.70 % RH
LM75     32.50 oC
TMP141#1 32.75 oC
TMP141#2 33.50 oC
TMP141#3 32.75 oC
DS18B20  32.56 oC
KTY13    30.25 oC
RFA1int  33.43 oC

+00d 01:26:00:
SHT-21#1 32.56 oC,  6.21 % RH
SHT-21#2 32.01 oC,  5.83 % RH
LM75     31.50 oC
TMP141#1 31.75 oC
TMP141#2 32.50 oC
TMP141#3 32.00 oC
DS18B20  31.63 oC
KTY13    29.24 oC
RFA1int  31.17 oC

+00d 01:26:05:
SHT-21#1 31.60 oC,  6.18 % RH
SHT-21#2 31.10 oC,  5.82 % RH
LM75     30.50 oC
TMP141#1 30.75 oC
TMP141#2 31.50 oC
TMP141#3 31.00 oC
DS18B20  30.75 oC
KTY13    28.74 oC
RFA1int  31.17 oC

+00d 01:26:10:
SHT-21#1 30.69 oC,  6.18 % RH
SHT-21#2 30.22 oC,  5.84 % RH
LM75     29.50 oC
TMP141#1 30.00 oC
TMP141#2 30.75 oC
TMP141#3 30.00 oC
DS18B20  29.81 oC
KTY13    27.74 oC
RFA1int  28.91 oC

+00d 01:26:15:
SHT-21#1 29.77 oC,  6.23 % RH
SHT-21#2 29.29 oC,  5.90 % RH
LM75     29.00 oC
TMP141#3 29.25 oC

+00d 01:26:20:
SHT-21#1 28.88 oC,  6.36 % RH
SHT-21#2 28.39 oC,  6.05 % RH
LM75     28.00 oC
TMP141#1 28.25 oC
TMP141#2 29.00 oC
TMP141#3 28.25 oC
DS18B20  28.06 oC
KTY13    25.75 oC
RFA1int  27.78 oC

+00d 01:26:25:
SHT-21#1 27.96 oC,  6.49 % RH
SHT-21#2 27.49 oC,  6.23 % RH
LM75     27.00 oC
TMP141#1 27.25 oC
TMP141#2 28.00 oC
TMP141#3 27.50 oC
DS18B20  27.06 oC
KTY13    24.75 oC
RFA1int  26.65 oC

+00d 01:26:30:
SHT-21#1 27.05 oC,  6.65 % RH
SHT-21#2 26.58 oC,  6.41 % RH
LM75     26.50 oC
TMP141#1 26.25 oC
TMP141#2 27.00 oC
TMP141#3 26.50 oC
DS18B20  26.19 oC
KTY13    23.76 oC
RFA1int  26.65 oC

+00d 01:26:35:
SHT-21#1 26.12 oC,  6.86 % RH
SHT-21#2 25.69 oC,  6.59 % RH
LM75     25.50 oC
TMP141#1 25.50 oC
TMP141#2 26.25 oC
TMP141#3 25.50 oC
DS18B20  25.31 oC
KTY13    23.27 oC
RFA1int  26.65 oC

+00d 01:26:40:
SHT-21#1 25.30 oC,  7.02 % RH
SHT-21#2 24.80 oC,  6.81 % RH
TMP141#1 24.50 oC
TMP141#2 25.25 oC
TMP141#3 24.75 oC
DS18B20  24.44 oC
KTY13    22.28 oC
RFA1int  24.39 oC

+00d 01:26:45:
SHT-21#1 24.40 oC,  7.22 % RH
SHT-21#2 23.95 oC,  6.99 % RH
LM75     23.50 oC
TMP141#1 23.75 oC
TMP141#2 24.50 oC
TMP141#3 24.00 oC
DS18B20  23.56 oC
KTY13    21.30 oC
RFA1int  23.26 oC

+00d 01:26:50:
SHT-21#1 23.60 oC,  7.43 % RH
SHT-21#2 23.11 oC,  7.25 % RH
LM75     22.50 oC
TMP141#1 23.00 oC
TMP141#2 23.50 oC
TMP141#3 23.00 oC
DS18B20  22.75 oC
KTY13    20.81 oC
RFA1int  22.13 oC

+00d 01:26:55:
SHT-21#1 22.82 oC,  7.70 % RH
SHT-21#2 22.28 oC,  7.51 % RH
LM75     22.00 oC
TMP141#1 22.00 oC
TMP141#2 22.75 oC
TMP141#3 22.25 oC
DS18B20  21.94 oC
KTY13    19.83 oC
RFA1int  22.13 oC

+00d 01:27:00:
SHT-21#1 21.98 oC,  7.91 % RH
SHT-21#2 21.48 oC,  7.73 % RH
LM75     21.00 oC
TMP141#1 21.25 oC
TMP141#2 22.00 oC
TMP141#3 21.50 oC
DS18B20  21.13 oC
KTY13    18.85 oC
RFA1int  21.00 oC

+00d 01:27:05:
SHT-21#1 21.20 oC,  8.11 % RH
SHT-21#2 20.68 oC,  7.99 % RH
LM75     20.00 oC
TMP141#1 20.50 oC
TMP141#2 21.25 oC
TMP141#3 20.75 oC
DS18B20  20.31 oC
KTY13    18.37 oC
RFA1int  21.00 oC

+00d 01:27:10:
SHT-21#1 20.43 oC,  8.35 % RH
SHT-21#2 19.92 oC,  8.24 % RH
LM75     19.50 oC
TMP141#1 19.75 oC
TMP141#2 20.50 oC
TMP141#3 19.75 oC
DS18B20  19.56 oC
KTY13    17.39 oC
RFA1int  19.87 oC

+00d 01:27:15:
SHT-21#1 19.61 oC,  8.59 % RH
SHT-21#2 19.11 oC,  8.47 % RH
LM75     18.50 oC
TMP141#1 19.00 oC
TMP141#2 19.50 oC
TMP141#3 19.00 oC
DS18B20  18.75 oC
KTY13    16.42 oC
RFA1int  18.74 oC

+00d 01:27:20:
SHT-21#1 18.89 oC,  8.87 % RH
SHT-21#2 18.38 oC,  8.79 % RH
LM75     18.00 oC
TMP141#1 18.25 oC
TMP141#2 19.00 oC
TMP141#3 18.25 oC
DS18B20  18.06 oC
KTY13    15.94 oC
RFA1int  18.74 oC

+00d 01:27:25:
SHT-21#1 18.18 oC,  9.11 % RH
SHT-21#2 17.65 oC,  8.99 % RH
LM75     17.00 oC
TMP141#1 17.50 oC
TMP141#2 18.25 oC
TMP141#3 17.75 oC
DS18B20  17.38 oC
KTY13    15.46 oC
RFA1int  18.74 oC

+00d 01:27:30:
SHT-21#1 17.45 oC,  9.38 % RH
SHT-21#2 16.96 oC,  9.31 % RH
LM75     16.50 oC
TMP141#1 16.75 oC
TMP141#2 17.50 oC
TMP141#3 17.00 oC
DS18B20  16.69 oC
KTY13    14.49 oC
RFA1int  16.48 oC

+00d 01:27:35:
SHT-21#1 16.74 oC,  9.63 % RH
SHT-21#2 16.26 oC,  9.51 % RH
LM75     15.50 oC
TMP141#1 16.00 oC
TMP141#2 16.75 oC
TMP141#3 16.25 oC
DS18B20  16.00 oC
KTY13    14.01 oC
RFA1int  15.35 oC

+00d 01:27:40:
SHT-21#1 16.06 oC,  9.86 % RH
SHT-21#2 15.58 oC,  9.75 % RH
LM75     15.00 oC
TMP141#1 15.50 oC
TMP141#2 16.00 oC
TMP141#3 15.50 oC
DS18B20  15.25 oC
KTY13    13.53 oC
RFA1int  15.35 oC
SHT-21#2 14.87 oC, 10.06 % RH
LM75     15.00 oC
TMP141#2 15.25 oC
DS18B20  14.56 oC
KTY13    12.57 oC
RFA1int  14.22 oC

+00d 01:27:50:
SHT-21#1 14.66 oC, 10.41 % RH
SHT-21#2 14.21 oC, 10.30 % RH
LM75     14.00 oC
TMP141#1 14.00 oC
TMP141#2 14.75 oC
TMP141#3 14.25 oC
DS18B20  13.94 oC
KTY13    12.09 oC
RFA1int  14.22 oC

+00d 01:27:55:
SHT-21#1 13.99 oC, 10.72 % RH
SHT-21#2 13.54 oC, 10.61 % RH
LM75     13.50 oC
TMP141#1 13.50 oC
TMP141#2 14.00 oC
TMP141#3 13.50 oC
DS18B20  13.25 oC
KTY13    11.13 oC
RFA1int  13.09 oC

+00d 01:28:00:
SHT-21#1 13.33 oC, 10.95 % RH
SHT-21#2 12.84 oC, 10.85 % RH
LM75     12.50 oC
TMP141#1 12.75 oC
TMP141#2 13.25 oC
TMP141#3 12.75 oC
DS18B20  12.56 oC
KTY13    10.65 oC
RFA1int  13.09 oC

+00d 01:28:05:
SHT-21#1 12.70 oC, 11.27 % RH
SHT-21#2 12.21 oC, 11.19 % RH
LM75     12.00 oC
TMP141#1 12.25 oC
TMP141#2 12.75 oC
TMP141#3 12.25 oC
DS18B20  11.94 oC
KTY13     9.70 oC
RFA1int  11.96 oC

+00d 01:28:10:
SHT-21#1 12.01 oC, 11.58 % RH
SHT-21#2 11.55 oC, 11.49 % RH
LM75     11.50 oC
TMP141#1 11.50 oC
TMP141#2 12.00 oC
TMP141#3 11.50 oC
DS18B20  11.31 oC
KTY13     9.23 oC
RFA1int  11.96 oC

+00d 01:28:15:
SHT-21#1 11.34 oC, 11.88 % RH
SHT-21#2 10.87 oC, 11.80 % RH
LM75     10.50 oC
TMP141#1 10.75 oC
TMP141#2 11.50 oC
TMP141#3 11.00 oC
DS18B20  10.63 oC
KTY13     8.75 oC
RFA1int  10.83 oC

+00d 01:28:20:
SHT-21#1 10.71 oC, 12.23 % RH
SHT-21#2 10.25 oC, 12.11 % RH
LM75     10.00 oC
TMP141#1 10.25 oC
TMP141#2 10.75 oC
TMP141#3 10.25 oC
DS18B20  10.00 oC
KTY13     7.80 oC
RFA1int  10.83 oC

+00d 01:28:25:
SHT-21#1 10.07 oC, 12.53 % RH
SHT-21#2  9.61 oC, 12.45 % RH
LM75      9.50 oC
TMP141#1  9.50 oC
TMP141#2 10.00 oC
DS18B20   9.38 oC
KTY13     7.33 oC
RFA1int   9.70 oC

+00d 01:28:30:
SHT-21#1  9.46 oC, 12.88 % RH
SHT-21#2  8.96 oC, 12.79 % RH
LM75      8.50 oC
TMP141#1  9.00 oC
TMP141#2  9.50 oC
TMP141#3  9.00 oC
DS18B20   8.75 oC
KTY13     6.85 oC
RFA1int   9.70 oC

+00d 01:28:35:
SHT-21#1  8.89 oC, 13.22 % RH
SHT-21#2  8.41 oC, 13.13 % RH
LM75      8.00 oC
TMP141#1  8.50 oC
TMP141#2  9.00 oC
TMP141#3  8.50 oC
DS18B20   8.19 oC
KTY13     6.38 oC
RFA1int   9.70 oC

+00d 01:28:40:
SHT-21#1  8.32 oC, 13.55 % RH
SHT-21#2  7.86 oC, 13.44 % RH
LM75      7.50 oC
TMP141#1  7.75 oC
TMP141#2  8.25 oC
TMP141#3  8.00 oC
DS18B20   7.63 oC
KTY13     5.44 oC
RFA1int   7.44 oC

+00d 01:28:45:
SHT-21#1  7.69 oC, 13.89 % RH
SHT-21#2  7.23 oC, 13.80 % RH
LM75      7.00 oC
TMP141#1  7.25 oC
TMP141#2  7.75 oC
TMP141#3  7.25 oC
DS18B20   7.00 oC
KTY13     4.97 oC
RFA1int   8.57 oC

+00d 01:28:50:
SHT-21#1  7.14 oC, 14.26 % RH
SHT-21#2  6.66 oC, 14.16 % RH
LM75      6.50 oC
TMP141#1  6.75 oC
TMP141#2  7.25 oC
TMP141#3  6.75 oC
DS18B20   6.44 oC
KTY13     4.50 oC
RFA1int   6.31 oC

+00d 01:28:55:
SHT-21#1  6.53 oC, 14.58 % RH
SHT-21#2  6.06 oC, 14.49 % RH
LM75      5.50 oC
TMP141#1  6.00 oC
TMP141#2  6.50 oC
TMP141#3  6.00 oC
DS18B20   5.81 oC
KTY13     4.03 oC
RFA1int   6.31 oC

+00d 01:29:00:
SHT-21#1  6.00 oC, 14.91 % RH
SHT-21#2  5.52 oC, 14.86 % RH
LM75      5.00 oC
TMP141#1  5.50 oC
TMP141#2  0.00 oC
TMP141#3  5.50 oC
DS18B20   5.31 oC
KTY13     3.56 oC
RFA1int   6.31 oC

+00d 01:29:05:
SHT-21#1  5.41 oC, 15.32 % RH
SHT-21#2  4.95 oC, 15.21 % RH
LM75      4.50 oC
TMP141#1  5.00 oC
TMP141#2  5.50 oC
TMP141#3  5.00 oC
DS18B20   4.75 oC
KTY13     2.62 oC
RFA1int   4.05 oC

+00d 01:29:10:
SHT-21#1  4.88 oC, 15.68 % RH
TMP141#3  4.50 oC
DS18B20   4.19 oC
KTY13     2.15 oC
RFA1int   5.18 oC

+00d 01:29:15:
SHT-21#1  4.31 oC, 16.05 % RH
SHT-21#2  3.85 oC, 15.97 % RH
LM75      3.50 oC
TMP141#1  4.00 oC
TMP141#2  4.25 oC
TMP141#3  4.00 oC
DS18B20   3.63 oC
KTY13     1.68 oC
RFA1int   2.92 oC

+00d 01:29:20:
SHT-21#1  3.78 oC, 16.48 % RH
SHT-21#2  3.32 oC, 16.33 % RH
LM75      3.00 oC
TMP141#1  3.25 oC
TMP141#2  3.75 oC
TMP141#3  3.25 oC
DS18B20   2.94 oC
KTY13     1.21 oC
RFA1int   2.92 oC

+00d 01:29:25:
SHT-21#1  3.25 oC, 16.81 % RH
SHT-21#2  2.78 oC, 16.74 % RH
LM75      2.50 oC
TMP141#1  2.75 oC
TMP141#2  3.25 oC
TMP141#3  2.75 oC
DS18B20   2.69 oC
KTY13     0.75 oC
RFA1int   2.92 oC

+00d 01:29:30:
SHT-21#1  2.71 oC, 40.87 % RH
SHT-21#2  2.24 oC, 17.12 % RH
LM75      1.50 oC
TMP141#1  2.25 oC
TMP141#2  2.75 oC
TMP141#3  2.25 oC
DS18B20   2.19 oC
KTY13     0.28 oC
RFA1int   1.79 oC

+00d 01:29:35:
SHT-21#1  2.19 oC, 17.61 % RH
SHT-21#2  1.71 oC, 17.49 % RH
LM75      1.50 oC
TMP141#1  1.75 oC
TMP141#2  2.25 oC
TMP141#3  1.75 oC
DS18B20   1.63 oC
KTY13    -0.65 oC
RFA1int   1.79 oC

+00d 01:29:40:
SHT-21#1  1.67 oC, 18.01 % RH
SHT-21#2  1.19 oC, 17.88 % RH
LM75      0.50 oC
TMP141#1  1.25 oC
TMP141#2  1.75 oC
TMP141#3  1.25 oC
DS18B20   1.13 oC
KTY13    -1.12 oC
RFA1int   0.66 oC

+00d 01:29:45:
SHT-21#1  1.16 oC, 18.48 % RH
SHT-21#2  0.69 oC, 18.35 % RH
LM75      0.50 oC
TMP141#1  0.75 oC
TMP141#2  1.25 oC
TMP141#3  0.75 oC
DS18B20   0.56 oC
KTY13    -1.58 oC
RFA1int   0.66 oC

+00d 01:29:50:
SHT-21#1  0.66 oC, 18.92 % RH
SHT-21#2  0.18 oC, 18.77 % RH
LM75      0.00 oC
TMP141#1  0.25 oC
TMP141#2  0.75 oC
TMP141#3  0.25 oC
DS18B20   0.06 oC
KTY13    -2.04 oC
RFA1int   1.79 oC

+00d 01:29:55:
SHT-21#1  0.12 oC, 19.34 % RH
SHT-21#2 -0.35 oC, 19.21 % RH
LM75     -0.50 oC
TMP141#1 -0.25 oC
TMP141#2  0.25 oC
TMP141#3 -0.25 oC
DS18B20  -0.44 oC
KTY13    -2.51 oC
RFA1int   0.66 oC

+00d 01:30:00:
SHT-21#1 -0.38 oC, 19.82 % RH
SHT-21#2 -0.82 oC, 19.67 % RH
LM75     -1.00 oC
TMP141#1 -0.75 oC
TMP141#2 -0.25 oC
TMP141#3 -0.75 oC
DS18B20  -0.94 oC
KTY13    -2.97 oC
RFA1int  -0.47 oC

+00d 01:30:05:
SHT-21#1 -0.86 oC, 20.28 % RH
SHT-21#2 -1.32 oC, 20.15 % RH
LM75     -1.50 oC
TMP141#1 -1.25 oC
TMP141#2 -0.75 oC
TMP141#3 -1.25 oC
DS18B20  -1.38 oC
KTY13    -3.44 oC
RFA1int  -1.60 oC

+00d 01:30:10:
SHT-21#1 -1.33 oC, 20.75 % RH
SHT-21#2 -1.79 oC, 20.61 % RH
LM75     -2.00 oC
TMP141#1 -1.75 oC
TMP141#2 -1.25 oC
TMP141#3 -1.75 oC
DS18B20  -1.88 oC
KTY13    -3.90 oC
RFA1int  -11.77 oC

+00d 01:30:15:
SHT-21#1 -1.85 oC, 21.21 % RH
SHT-21#2 -2.28 oC, 21.07 % RH
LM75     -2.50 oC
TMP141#1 -2.25 oC
TMP141#2 -1.75 oC
TMP141#3 -2.25 oC
DS18B20  -2.38 oC
KTY13    -4.36 oC
RFA1int  -1.60 oC

+00d 01:30:20:
SHT-21#1 -2.27 oC, 21.69 % RH
SHT-21#2 -2.75 oC, 21.54 % RH
LM75     -3.00 oC
TMP141#1 -2.50 oC
TMP141#2 -2.25 oC
TMP141#3 -2.75 oC
DS18B20  -2.81 oC
KTY13    -4.82 oC
RFA1int  -2.73 oC

+00d 01:30:25:
SHT-21#1 -2.76 oC, 22.22 % RH
SHT-21#2 -3.23 oC, 22.04 % RH
LM75     -3.50 oC
TMP141#1 -3.00 oC
TMP141#2 -2.75 oC
TMP141#3 -3.25 oC
DS18B20  -3.31 oC
KTY13    -5.28 oC
RFA1int  -2.73 oC

+00d 01:30:30:
SHT-21#1 -3.23 oC, 51.61 % RH
SHT-21#2 -3.67 oC, 22.49 % RH

Temperature logger booted

+00d 00:00:00:
SHT-21#1 -24.99 oC, 77.67 % RH
SHT-21#2 -24.39 oC, 77.19 % RH
LM75     -25.50 oC
TMP141#1 -24.25 oC
TMP141#2 -24.50 oC
TMP141#3 -24.25 oC
DS18B20  -22.69 oC
KTY13    -24.40 oC
RFA1int  -24.20 oC

+00d 00:00:05:
SHT-21#1 -23.84 oC, 78.08 % RH
SHT-21#2 -23.17 oC, 77.58 % RH
LM75     -24.00 oC
TMP141#1 -23.00 oC
TMP141#2 -23.75 oC
TMP141#3 -23.25 oC
DS18B20  -22.44 oC
KTY13    -25.30 oC
RFA1int  -23.07 oC

+00d 00:00:10:
SHT-21#1 -24.25 oC, 78.37 % RH
SHT-21#2 -23.78 oC, 77.83 % RH
LM75     -24.50 oC
TMP141#1 -23.50 oC
TMP141#2 -24.00 oC
TMP141#3 -23.75 oC
DS18B20  -23.19 oC
KTY13    -25.75 oC
RFA1int  -24.20 oC

+00d 00:00:15:
SHT-21#1 -24.52 oC, 78.93 % RH
SHT-21#2 -24.24 oC, 78.24 % RH
LM75     -25.00 oC
TMP141#1 -24.00 oC
TMP141#2 -24.25 oC
TMP141#3 -24.25 oC
DS18B20  -23.75 oC
KTY13    -26.20 oC
RFA1int  -24.20 oC

+00d 00:00:20:
SHT-21#1 -24.91 oC, 79.51 % RH
SHT-21#2 -24.82 oC, 78.72 % RH
LM75     -25.50 oC
TMP141#1 -24.75 oC
TMP141#2 -24.75 oC
TMP141#3 -24.75 oC
DS18B20  -24.31 oC
KTY13    -27.10 oC
RFA1int  -24.20 oC

+00d 00:00:25:
SHT-21#1 -25.37 oC, 79.96 % RH
SHT-21#2 -25.45 oC, 79.11 % RH
LM75     -26.00 oC
TMP141#1 -25.25 oC
TMP141#2 -25.25 oC
TMP141#3 -25.25 oC
DS18B20  -25.00 oC
KTY13    -27.55 oC
RFA1int  -24.20 oC

+00d 00:00:30:
SHT-21#1 -25.76 oC, 80.31 % RH
SHT-21#2 -25.98 oC, 79.47 % RH
LM75     -26.50 oC
TMP141#1 -25.75 oC
TMP141#2 -25.75 oC
TMP141#3 -25.75 oC
DS18B20  -25.50 oC
KTY13    -27.99 oC
RFA1int  -25.33 oC

+00d 00:00:35:
SHT-21#1 -26.19 oC, 80.46 % RH
SHT-21#2 -26.52 oC, 79.59 % RH
LM75     -27.00 oC
TMP141#1 -26.25 oC
TMP141#2 -26.00 oC
TMP141#3 -26.50 oC
DS18B20  -26.06 oC
KTY13    -28.44 oC
RFA1int  -24.20 oC

+00d 00:00:40:
SHT-21#1 -26.58 oC, 80.49 % RH
SHT-21#2 -26.99 oC, 79.61 % RH
LM75     -26.50 oC
TMP141#1 -26.75 oC
TMP141#2 -26.50 oC
TMP141#3 -26.75 oC
DS18B20  -26.50 oC
KTY13    -28.89 oC
RFA1int  -25.33 oC

+00d 00:00:45:
SHT-21#1 -26.88 oC, 80.44 % RH
SHT-21#2 -27.31 oC, 79.53 % RH
LM75     -27.00 oC
TMP141#1 -27.00 oC
TMP141#2 -26.75 oC
TMP141#3 -27.25 oC
DS18B20  -26.75 oC
KTY13    -29.34 oC
RFA1int  -25.33 oC

+00d 00:00:50:
SHT-21#1 -27.19 oC, 80.27 % RH
SHT-21#2 -27.63 oC, 79.38 % RH
LM75     -27.50 oC
TMP141#1 -27.25 oC
TMP141#2 -27.25 oC
TMP141#3 -27.50 oC
DS18B20  -27.13 oC
KTY13    -29.34 oC
RFA1int  -25.33 oC

+00d 00:00:55:
SHT-21#1 -27.45 oC, 80.07 % RH
SHT-21#2 -27.92 oC, 79.22 % RH
LM75     -27.50 oC
TMP141#1 -27.50 oC
TMP141#2 -27.50 oC
TMP141#3 -27.75 oC
DS18B20  -27.38 oC
KTY13    -29.79 oC
RFA1int  -27.59 oC

+00d 00:01:00:
SHT-21#1 -27.65 oC, 79.88 % RH
SHT-21#2 -28.11 oC, 79.05 % RH
LM75     -28.00 oC
TMP141#1 -27.75 oC
TMP141#2 -27.50 oC
TMP141#3 -28.00 oC
DS18B20  -27.56 oC
KTY13    -29.79 oC
RFA1int  -27.59 oC

+00d 00:01:05:
SHT-21#1 -27.88 oC, 79.69 % RH
SHT-21#2 -28.33 oC, 78.91 % RH
LM75     -28.00 oC
TMP141#1 -28.00 oC
TMP141#2 -27.75 oC
TMP141#3 -28.25 oC
DS18B20  -27.81 oC
KTY13    -30.24 oC
RFA1int  -27.59 oC

+00d 00:01:10:
SHT-21#1 -28.05 oC, 79.51 % RH
SHT-21#2 -28.50 oC, 78.71 % RH
LM75     -28.50 oC
TMP141#1 -28.00 oC
TMP141#2 -28.00 oC
TMP141#3 -28.25 oC
DS18B20  -27.94 oC
KTY13    -30.24 oC
RFA1int  -26.46 oC

+00d 00:01:15:
SHT-21#1 -28.17 oC, 79.33 % RH
SHT-21#2 -28.59 oC, 78.59 % RH
LM75     -28.50 oC
TMP141#1 -28.25 oC
TMP141#2 -28.00 oC
TMP141#3 -28.50 oC
DS18B20  -28.06 oC
KTY13    -30.24 oC
RFA1int  -27.59 oC

+00d 00:01:20:
SHT-21#1 -28.34 oC, 79.16 % RH
SHT-21#2 -28.75 oC, 78.43 % RH
LM75     -28.50 oC
TMP141#1 -28.25 oC
TMP141#2 -28.25 oC
TMP141#3 -28.50 oC
DS18B20  -28.19 oC
KTY13    -30.69 oC
RFA1int  -27.59 oC

+00d 00:01:25:
SHT-21#1 -28.45 oC, 79.05 % RH
SHT-21#2 -28.83 oC, 78.25 % RH
LM75     -28.50 oC
TMP141#1 -28.50 oC
TMP141#2 -28.25 oC
TMP141#3 -28.75 oC
DS18B20  -28.31 oC
KTY13    -30.69 oC
RFA1int  -28.72 oC

+00d 00:01:30:
SHT-21#1 -28.49 oC, 78.88 % RH
SHT-21#2 -28.87 oC, 78.14 % RH
LM75     -28.50 oC
TMP141#1 -28.50 oC
TMP141#2 -28.50 oC
TMP141#3 -28.75 oC
DS18B20  -28.38 oC
KTY13    -30.69 oC
RFA1int  -27.59 oC

+00d 00:01:35:
SHT-21#1 -28.61 oC, 78.72 % RH
SHT-21#2 -28.98 oC, 78.02 % RH
LM75     -29.00 oC
TMP141#1 -28.50 oC
TMP141#2 -28.50 oC
TMP141#3 -28.75 oC
DS18B20  -28.44 oC
KTY13    -30.69 oC
RFA1int  -28.72 oC

+00d 00:01:40:
SHT-21#1 -28.67 oC, 78.56 % RH
SHT-21#2 -29.02 oC, 77.88 % RH
LM75     -29.00 oC
TMP141#1 -28.75 oC
TMP141#2 -28.50 oC
TMP141#3 -28.75 oC
DS18B20  -28.44 oC
KTY13    -30.69 oC
RFA1int  -28.72 oC

+00d 00:01:45:
SHT-21#1 -28.72 oC, 78.45 % RH
SHT-21#2 -29.08 oC, 77.76 % RH
LM75     -29.00 oC
TMP141#1 -28.75 oC
TMP141#2 -28.75 oC
TMP141#3 -29.00 oC
DS18B20  -28.50 oC
KTY13    -30.69 oC
RFA1int  -28.72 oC

+00d 00:01:50:
SHT-21#1 -28.81 oC, 78.29 % RH
SHT-21#2 -29.15 oC, 77.69 % RH
LM75     -29.00 oC
TMP141#1 -28.75 oC
TMP141#2 -28.75 oC
TMP141#3 -29.00 oC
DS18B20  -28.50 oC
KTY13    -31.14 oC
RFA1int  -28.72 oC

+00d 00:01:55:
SHT-21#1 -28.87 oC, 78.20 % RH
SHT-21#2 -29.22 oC, 77.55 % RH
LM75     -29.00 oC
TMP141#1 -28.75 oC
TMP141#2 -28.75 oC
TMP141#3 -29.00 oC
DS18B20  -28.50 oC
KTY13    -31.14 oC
RFA1int  -28.72 oC

+00d 00:02:00:
SHT-21#1 -28.90 oC, 78.10 % RH
SHT-21#2 -29.24 oC, 77.45 % RH
LM75     -29.00 oC
TMP141#1 -28.75 oC
TMP141#2 -28.75 oC
TMP141#3 -29.00 oC
DS18B20  -28.56 oC
KTY13    -30.69 oC
RFA1int  -27.59 oC

+00d 00:02:05:
SHT-21#1 -28.97 oC, 78.01 % RH
SHT-21#2 -29.31 oC, 77.37 % RH
LM75     -29.00 oC
TMP141#1 -29.00 oC
TMP141#2 -29.00 oC
TMP141#3 -29.25 oC
DS18B20  -28.69 oC
KTY13    -31.14 oC
RFA1int  -28.72 oC

+00d 00:02:10:
SHT-21#1 -29.02 oC, 77.86 % RH
SHT-21#2 -29.37 oC, 77.25 % RH
LM75     -29.50 oC
TMP141#1 -29.00 oC
TMP141#2 -29.00 oC
TMP141#3 -29.25 oC
DS18B20  -28.75 oC
KTY13    -31.14 oC
RFA1int  -27.59 oC

+00d 00:02:15:
SHT-21#1 -29.04 oC, 77.79 % RH
SHT-21#2 -29.36 oC, 77.18 % RH
LM75     -29.00 oC
TMP141#1 -29.00 oC
TMP141#2 -29.00 oC
TMP141#3 -29.25 oC
DS18B20  -28.69 oC
KTY13    -31.14 oC
RFA1int  -28.72 oC

+00d 00:02:20:
SHT-21#1 -29.12 oC, 77.69 % RH
SHT-21#2 -29.43 oC, 77.11 % RH
LM75     -29.50 oC
TMP141#1 -29.00 oC
TMP141#2 -29.00 oC
TMP141#3 -29.25 oC
DS18B20  -28.81 oC
KTY13    -31.14 oC
RFA1int  -27.59 oC

+00d 00:02:25:
SHT-21#1 -29.15 oC, 77.63 % RH
SHT-21#2 -29.46 oC, 77.05 % RH
LM75     -29.50 oC
TMP141#1 -29.00 oC
TMP141#2 -29.00 oC
TMP141#3 -29.25 oC
DS18B20  -28.81 oC
KTY13    -31.14 oC
RFA1int  -27.59 oC

+00d 00:02:30:
SHT-21#1 -29.16 oC, 77.50 % RH
SHT-21#2 -29.48 oC, 76.97 % RH
LM75     -29.50 oC
TMP141#1 -29.00 oC
TMP141#2 -29.00 oC
TMP141#3 -29.25 oC
DS18B20  -28.88 oC
KTY13    -31.14 oC
RFA1int  -27.59 oC

+00d 00:02:35:
SHT-21#1 -29.25 oC, 77.44 % RH
SHT-21#2 -29.56 oC, 76.87 % RH
LM75     -29.50 oC
TMP141#1 -29.25 oC
TMP141#2 -29.25 oC
TMP141#3 -29.50 oC
DS18B20  -28.94 oC
KTY13    -31.14 oC
RFA1int  -28.72 oC

+00d 00:02:40:
SHT-21#1 -29.29 oC, 77.36 % RH
SHT-21#2 -29.60 oC, 76.82 % RH
LM75     -29.50 oC
TMP141#1 -29.25 oC
TMP141#2 -29.25 oC
TMP141#3 -29.50 oC
DS18B20  -28.94 oC
KTY13    -31.59 oC
RFA1int  -28.72 oC

+00d 00:02:45:
SHT-21#1 -29.31 oC, 77.32 % RH
SHT-21#2 -29.63 oC, 76.74 % RH
LM75     -29.50 oC
TMP141#1 -29.25 oC
TMP141#2 -29.25 oC
TMP141#3 -29.50 oC
DS18B20  -29.00 oC
KTY13    -31.59 oC
RFA1int  -27.59 oC

+00d 00:02:50:
SHT-21#1 -29.39 oC, 77.20 % RH
SHT-21#2 -29.71 oC, 76.63 % RH
LM75     -29.50 oC
TMP141#1 -29.25 oC
TMP141#2 -29.25 oC
TMP141#3 -29.50 oC
DS18B20  -29.06 oC
KTY13    -31.59 oC
RFA1int  -27.59 oC

+00d 00:02:55:
SHT-21#1 -29.43 oC, 77.15 % RH
SHT-21#2 -29.74 oC, 76.58 % RH
LM75     -29.50 oC
TMP141#1 -29.25 oC
TMP141#2 -29.25 oC
TMP141#3 -29.50 oC
DS18B20  -29.13 oC
KTY13    -31.59 oC
RFA1int  -28.72 oC

+00d 00:03:00:
SHT-21#1 -29.45 oC, 77.09 % RH
SHT-21#2 -29.76 oC, 76.52 % RH
LM75     -29.50 oC
TMP141#1 -29.25 oC
TMP141#2 -29.25 oC
TMP141#3 -29.50 oC
DS18B20  -29.13 oC
KTY13    -31.59 oC
RFA1int  -27.59 oC

+00d 00:03:05:
SHT-21#1 -29.54 oC, 76.98 % RH
SHT-21#2 -29.84 oC, 76.47 % RH
LM75     -29.50 oC
TMP141#1 -29.50 oC
TMP141#2 -29.50 oC
TMP141#3 -29.75 oC
DS18B20  -29.25 oC
KTY13    -31.59 oC
RFA1int  -27.59 oC

+00d 00:03:10:
SHT-21#1 -29.57 oC, 76.93 % RH
SHT-21#2 -29.87 oC, 76.43 % RH
LM75     -30.00 oC
TMP141#1 -29.50 oC
TMP141#2 -29.50 oC
TMP141#3 -29.75 oC
DS18B20  -29.25 oC
KTY13    -31.59 oC
RFA1int  -28.72 oC

+00d 00:03:15:
SHT-21#1 -29.57 oC, 76.87 % RH
SHT-21#2 -29.86 oC, 76.37 % RH
LM75     -30.00 oC
TMP141#1 -29.50 oC
TMP141#2 -29.50 oC
TMP141#3 -29.75 oC
DS18B20  -29.25 oC
KTY13    -31.59 oC
RFA1int  -29.85 oC

+00d 00:03:20:
SHT-21#1 -29.63 oC, 76.82 % RH
SHT-21#2 -29.92 oC, 76.27 % RH
LM75     -30.00 oC
TMP141#1 -29.50 oC
TMP141#2 -29.50 oC
TMP141#3 -29.75 oC
DS18B20  -29.31 oC
KTY13    -31.59 oC
RFA1int  -27.59 oC

+00d 00:03:25:
SHT-21#1 -29.65 oC, 76.78 % RH
SHT-21#2 -29.93 oC, 76.23 % RH
LM75     -30.00 oC
TMP141#1 -29.50 oC
TMP141#2 -29.50 oC
TMP141#3 -29.75 oC
DS18B20  -29.31 oC
KTY13    -31.59 oC
RFA1int  -29.85 oC

+00d 00:03:30:
SHT-21#1 -29.64 oC, 76.73 % RH
SHT-21#2 -29.92 oC, 76.19 % RH
LM75     -30.00 oC
TMP141#1 -29.50 oC
TMP141#2 -29.50 oC
TMP141#3 -29.75 oC
DS18B20  -29.25 oC
KTY13    -31.59 oC
RFA1int  -29.85 oC

+00d 00:03:35:
SHT-21#1 -29.69 oC, 76.64 % RH
SHT-21#2 -29.99 oC, 76.14 % RH
LM75     -30.00 oC
TMP141#1 -29.50 oC
TMP141#2 -29.50 oC
TMP141#3 -29.75 oC
DS18B20  -29.38 oC
KTY13    -31.59 oC
RFA1int  -28.72 oC

+00d 00:03:40:
SHT-21#1 -29.72 oC, 76.60 % RH
SHT-21#2 -30.01 oC, 76.10 % RH
LM75     -30.00 oC
TMP141#1 -29.75 oC
TMP141#2 -29.50 oC
TMP141#3 -29.75 oC
DS18B20  -29.38 oC
KTY13    -32.04 oC
RFA1int  -29.85 oC

+00d 00:03:45:
SHT-21#1 -29.73 oC, 76.57 % RH
SHT-21#2 -30.01 oC, 76.06 % RH
LM75     -30.00 oC
TMP141#1 -29.75 oC
TMP141#2 -29.75 oC
TMP141#3 -29.75 oC
DS18B20  -29.38 oC
KTY13    -32.04 oC
RFA1int  -27.59 oC

+00d 00:03:50:
SHT-21#1 -29.79 oC, 76.50 % RH
SHT-21#2 -30.07 oC, 75.96 % RH
LM75     -30.00 oC
TMP141#1 -29.75 oC
TMP141#2 -29.75 oC
TMP141#3 -30.00 oC
DS18B20  -29.44 oC
KTY13    -32.04 oC
RFA1int  -28.72 oC

+00d 00:03:55:
SHT-21#1 -29.83 oC, 76.49 % RH
SHT-21#2 -30.08 oC, 75.92 % RH
LM75     -30.00 oC
TMP141#1 -29.75 oC
TMP141#2 -29.75 oC
TMP141#3 -30.00 oC
DS18B20  -29.44 oC
KTY13    -32.04 oC
RFA1int  -28.72 oC

+00d 00:04:00:
SHT-21#1 -29.82 oC, 76.45 % RH
SHT-21#2 -30.07 oC, 75.89 % RH
LM75     -30.00 oC
TMP141#1 -29.75 oC
TMP141#2 -29.75 oC
TMP141#3 -30.00 oC
DS18B20  -29.44 oC
KTY13    -32.04 oC
RFA1int  -28.72 oC

+00d 00:04:05:
SHT-21#1 -29.84 oC, 76.41 % RH
SHT-21#2 -30.13 oC, 75.85 % RH
LM75     -30.00 oC
TMP141#1 -29.75 oC
TMP141#2 -29.75 oC
TMP141#3 -30.00 oC
DS18B20  -29.50 oC
KTY13    -32.04 oC
RFA1int  -28.72 oC

+00d 00:04:10:
SHT-21#1 -29.84 oC, 76.37 % RH
SHT-21#2 -30.14 oC, 75.83 % RH
LM75     -30.00 oC
TMP141#1 -29.75 oC
TMP141#2 -29.75 oC
TMP141#3 -30.00 oC
DS18B20  -29.50 oC
KTY13    -32.04 oC
RFA1int  -29.85 oC

+00d 00:04:15:
SHT-21#1 -29.84 oC, 76.34 % RH
SHT-21#2 -30.13 oC, 75.79 % RH
LM75     -30.00 oC
TMP141#1 -29.75 oC
TMP141#2 -29.75 oC
TMP141#3 -30.00 oC
DS18B20  -29.50 oC
KTY13    -32.04 oC
RFA1int  -28.72 oC

+00d 00:04:20:
SHT-21#1 -29.86 oC, 76.28 % RH
SHT-21#2 -30.19 oC, 75.75 % RH
LM75     -30.00 oC
TMP141#1 -29.75 oC
TMP141#2 -29.75 oC
TMP141#3 -30.00 oC
DS18B20  -29.56 oC
KTY13    -32.04 oC
RFA1int  -28.72 oC

+00d 00:04:25:
SHT-21#1 -29.92 oC, 76.24 % RH
SHT-21#2 -30.22 oC, 75.73 % RH
LM75     -30.00 oC
TMP141#1 -29.75 oC
TMP141#2 -29.75 oC
TMP141#3 -30.00 oC
DS18B20  -29.56 oC
KTY13    -32.04 oC
RFA1int  -28.72 oC

+00d 00:04:30:
SHT-21#1 -29.93 oC, 76.20 % RH
SHT-21#2 -30.22 oC, 75.70 % RH
LM75     -30.00 oC
TMP141#1 -29.75 oC
TMP141#2 -29.75 oC
TMP141#3 -30.00 oC
DS18B20  -29.56 oC
KTY13    -32.04 oC
RFA1int  -28.72 oC

+00d 00:04:35:
SHT-21#1 -30.00 oC, 76.16 % RH
SHT-21#2 -30.30 oC, 75.61 % RH
LM75     -30.00 oC
TMP141#1 -30.00 oC
TMP141#2 -30.00 oC
TMP141#3 -30.00 oC
DS18B20  -29.69 oC
RFA1int  -29.85 oC

+00d 00:04:40:
SHT-21#1 -30.02 oC, 76.14 % RH
SHT-21#2 -30.35 oC, 75.59 % RH
LM75     -30.00 oC
TMP141#1 -30.00 oC
TMP141#2 -30.00 oC
TMP141#3 -30.25 oC
DS18B20  -29.69 oC
KTY13    -32.04 oC
RFA1int  -28.72 oC

+00d 00:04:45:
SHT-21#1 -30.03 oC, 76.10 % RH
SHT-21#2 -30.35 oC, 75.56 % RH
LM75     -30.50 oC
TMP141#1 -30.00 oC
TMP141#2 -30.00 oC
TMP141#3 -30.25 oC
DS18B20  -29.69 oC
KTY13    -32.04 oC
RFA1int  -28.72 oC

+00d 00:04:50:
SHT-21#1 -30.10 oC, 76.02 % RH
SHT-21#2 -30.40 oC, 75.49 % RH
LM75     -30.50 oC
TMP141#1 -30.00 oC
TMP141#2 -30.00 oC
TMP141#3 -30.25 oC
DS18B20  -29.75 oC
KTY13    -32.04 oC
RFA1int  -29.85 oC

+00d 00:04:55:
SHT-21#1 -30.12 oC, 76.00 % RH
SHT-21#2 -30.40 oC, 75.45 % RH
LM75     -30.50 oC
TMP141#1 -30.00 oC
TMP141#2 -30.00 oC
TMP141#3 -30.25 oC
DS18B20  -29.75 oC
KTY13    -32.04 oC
RFA1int  -29.85 oC

+00d 00:05:00:
SHT-21#1 -30.11 oC, 75.96 % RH
SHT-21#2 -30.40 oC, 75.44 % RH
LM75     -30.50 oC
TMP141#1 -30.00 oC
TMP141#2 -30.00 oC
TMP141#3 -30.25 oC
DS18B20  -29.75 oC
KTY13    -32.04 oC
RFA1int  -29.85 oC

+00d 00:05:05:
SHT-21#1 -30.16 oC, 75.95 % RH
SHT-21#2 -30.41 oC, 75.40 % RH
LM75     -30.50 oC
TMP141#1 -30.00 oC
TMP141#2 -30.00 oC
TMP141#3 -30.25 oC
DS18B20  -29.81 oC
KTY13    -32.04 oC
RFA1int  -29.85 oC

+00d 00:05:10:
SHT-21#1 -30.16 oC, 75.92 % RH
SHT-21#2 -30.41 oC, 75.38 % RH
LM75     -30.50 oC
TMP141#1 -30.00 oC
TMP141#2 -30.00 oC
TMP141#3 -30.25 oC
DS18B20  -29.81 oC
KTY13    -32.04 oC
RFA1int  -29.85 oC
SHT-21#1 -30.14 oC, 75.89 % RH
SHT-21#2 -30.41 oC, 75.36 % RH
LM75     -30.50 oC
TMP141#1 -30.00 oC
TMP141#2 -30.00 oC
TMP141#3 -30.25 oC
DS18B20  -29.75 oC
KTY13    -32.04 oC
RFA1int  -29.85 oC

+00d 00:05:20:
SHT-21#1 -30.18 oC, 75.87 % RH
SHT-21#2 -30.41 oC, 75.34 % RH
LM75     -30.50 oC
TMP141#1 -30.00 oC
TMP141#2 -30.00 oC
TMP141#3 -30.25 oC
DS18B20  -29.81 oC
KTY13    -32.04 oC
RFA1int  -29.85 oC

+00d 00:05:25:
SHT-21#1 -30.17 oC, 75.85 % RH
SHT-21#2 -30.41 oC, 75.31 % RH
LM75     -30.50 oC
TMP141#1 -30.00 oC
TMP141#2 -30.00 oC
TMP141#3 -30.25 oC
DS18B20  -29.81 oC
KTY13    -32.04 oC
RFA1int  -28.72 oC

+00d 00:05:30:
SHT-21#1 -30.17 oC, 75.81 % RH
SHT-21#2 -30.41 oC, 75.28 % RH
LM75     -30.50 oC
TMP141#1 -30.00 oC
TMP141#2 -30.00 oC
TMP141#3 -30.25 oC
DS18B20  -29.75 oC
KTY13    -32.04 oC
RFA1int  -29.85 oC

+00d 00:05:35:
SHT-21#1 -30.19 oC, 75.79 % RH
SHT-21#2 -30.41 oC, 75.27 % RH
LM75     -30.50 oC
TMP141#1 -30.00 oC
TMP141#2 -30.00 oC
TMP141#3 -30.25 oC
DS18B20  -29.81 oC
KTY13    -32.04 oC

+00d 00:05:40:
SHT-21#1 -30.19 oC, 75.79 % RH
SHT-21#2 -30.41 oC, 75.25 % RH
LM75     -30.50 oC
TMP141#1 -30.00 oC
TMP141#2 -30.00 oC
TMP141#3 -30.25 oC
DS18B20  -29.81 oC
KTY13    -32.04 oC
RFA1int  -28.72 oC

+00d 00:05:45:
SHT-21#1 -30.18 oC, 75.77 % RH
SHT-21#2 -30.41 oC, 75.21 % RH
LM75     -30.50 oC
TMP141#1 -30.00 oC
TMP141#2 -30.00 oC
TMP141#3 -30.25 oC
DS18B20  -29.81 oC
KTY13    -32.04 oC
RFA1int  -29.85 oC

+00d 00:05:50:
SHT-21#1 -30.23 oC, 75.71 % RH
SHT-21#2 -30.47 oC, 75.19 % RH
LM75     -30.50 oC
TMP141#1 -30.25 oC
TMP141#2 -30.25 oC
TMP141#3 -30.25 oC
DS18B20  -29.88 oC
KTY13    -32.04 oC
RFA1int  -28.72 oC

+00d 00:05:55:
SHT-21#1 -30.22 oC, 75.69 % RH
SHT-21#2 -30.46 oC, 75.17 % RH
LM75     -30.50 oC
TMP141#1 -30.00 oC
TMP141#2 -30.00 oC
TMP141#3 -30.25 oC
DS18B20  -29.81 oC
KTY13    -32.04 oC
RFA1int  -28.72 oC

+00d 00:06:00:
SHT-21#1 -30.20 oC, 75.72 % RH
SHT-21#2 -30.41 oC, 75.15 % RH
LM75     -30.50 oC
TMP141#1 -30.00 oC
TMP141#2 -30.00 oC
TMP141#3 -30.25 oC
DS18B20  -29.81 oC
KTY13    -32.04 oC
RFA1int  -28.72 oC

+00d 00:06:05:
SHT-21#1 -30.24 oC, 75.65 % RH
SHT-21#2 -30.49 oC, 75.13 % RH
LM75     -30.50 oC
TMP141#1 -30.25 oC
TMP141#2 -30.25 oC
TMP141#3 -30.25 oC
DS18B20  -29.88 oC
KTY13    -32.49 oC

+00d 00:06:10:
SHT-21#1 -30.25 oC, 75.63 % RH
SHT-21#2 -30.50 oC, 75.12 % RH
LM75     -30.50 oC
TMP141#1 -30.25 oC
TMP141#2 -30.25 oC
TMP141#3 -30.25 oC
DS18B20  -29.88 oC
KTY13    -32.04 oC
RFA1int  -29.85 oC

+00d 00:06:15:
SHT-21#1 -30.23 oC, 75.61 % RH
SHT-21#2 -30.47 oC, 75.09 % RH
LM75     -30.50 oC
TMP141#1 -30.25 oC
TMP141#2 -30.25 oC
TMP141#3 -30.25 oC
DS18B20  -29.88 oC
KTY13    -32.49 oC
RFA1int  -29.85 oC

+00d 00:06:20:
SHT-21#1 -30.28 oC, 75.60 % RH
SHT-21#2 -30.54 oC, 75.08 % RH
LM75     -30.50 oC
TMP141#1 -30.25 oC
TMP141#2 -30.25 oC
TMP141#3 -30.50 oC
DS18B20  -29.88 oC
KTY13    -32.49 oC
RFA1int  -29.85 oC

+00d 00:06:25:
SHT-21#1 -30.28 oC, 75.60 % RH
SHT-21#2 -30.55 oC, 75.03 % RH
LM75     -30.50 oC
TMP141#1 -30.25 oC
TMP141#2 -30.25 oC
TMP141#3 -30.50 oC
DS18B20  -29.88 oC
KTY13    -32.49 oC
RFA1int  -29.85 oC

+00d 00:06:30:
SHT-21#1 -30.27 oC, 75.58 % RH
SHT-21#2 -30.53 oC, 75.05 % RH
LM75     -30.50 oC
TMP141#1 -30.25 oC
TMP141#2 -30.25 oC
TMP141#3 -30.50 oC
DS18B20  -29.88 oC
KTY13    -32.49 oC
RFA1int  -29.85 oC

+00d 00:06:35:
SHT-21#1 -30.34 oC, 75.56 % RH
SHT-21#2 -30.59 oC, 74.99 % RH
LM75     -30.50 oC
TMP141#1 -30.25 oC
TMP141#2 -30.25 oC
TMP141#3 -30.50 oC
DS18B20  -29.94 oC
KTY13    -32.49 oC
RFA1int  -29.85 oC

+00d 00:06:40:
SHT-21#1 -30.35 oC, 75.54 % RH
SHT-21#2 -30.61 oC, 74.98 % RH
LM75     -30.50 oC
TMP141#1 -30.25 oC
TMP141#2 -30.25 oC
TMP141#3 -30.50 oC
DS18B20  -30.00 oC
KTY13    -32.49 oC
RFA1int  -28.72 oC

+00d 00:06:45:
SHT-21#1 -30.37 oC, 75.54 % RH
SHT-21#2 -30.61 oC, 74.96 % RH
LM75     -30.50 oC
TMP141#1 -30.25 oC
TMP141#2 -30.25 oC
TMP141#3 -30.50 oC
DS18B20  -30.00 oC
KTY13    -32.49 oC
RFA1int  -30.98 oC

+00d 00:06:50:
SHT-21#1 -30.40 oC, 75.52 % RH
SHT-21#2 -30.66 oC, 74.94 % RH
LM75     -30.50 oC
TMP141#1 -30.25 oC
TMP141#2 -30.25 oC
TMP141#3 -30.50 oC
DS18B20  -30.00 oC
KTY13    -32.49 oC
RFA1int  -29.85 oC

+00d 00:06:55:
SHT-21#1 -30.41 oC, 75.46 % RH
SHT-21#2 -30.67 oC, 74.92 % RH
LM75     -30.50 oC
TMP141#1 -30.25 oC
TMP141#2 -30.25 oC
TMP141#3 -30.50 oC
DS18B20  -30.00 oC
KTY13    -32.49 oC
RFA1int  -29.85 oC

+00d 00:07:00:
SHT-21#1 -30.39 oC, 75.48 % RH
SHT-21#2 -30.63 oC, 74.92 % RH
LM75     -30.50 oC
TMP141#1 -30.25 oC
TMP141#2 -30.25 oC
TMP141#3 -30.50 oC
DS18B20  -30.00 oC
KTY13    -32.49 oC
RFA1int  -28.72 oC

+00d 00:07:05:
SHT-21#1 -30.41 oC, 75.42 % RH
SHT-21#2 -30.67 oC, 74.90 % RH
LM75     -30.50 oC
TMP141#1 -30.25 oC
TMP141#2 -30.25 oC
TMP141#3 -30.50 oC
DS18B20  -30.00 oC
KTY13    -32.49 oC
RFA1int  -29.85 oC

+00d 00:07:10:
SHT-21#1 -30.41 oC, 75.42 % RH
SHT-21#2 -30.64 oC, 74.88 % RH
LM75     -30.50 oC
TMP141#1 -30.25 oC
TMP141#2 -30.25 oC
TMP141#3 -30.50 oC
DS18B20  -30.00 oC
KTY13    -32.49 oC
RFA1int  -28.72 oC

+00d 00:07:15:
SHT-21#1 -30.38 oC, 75.47 % RH
SHT-21#2 -30.62 oC, 74.86 % RH
LM75     -30.50 oC
TMP141#1 -30.25 oC
TMP141#2 -30.25 oC
TMP141#3 -30.50 oC
DS18B20  -30.00 oC
KTY13    -32.49 oC
RFA1int  -28.72 oC

+00d 00:07:20:
SHT-21#1 -30.40 oC, 75.44 % RH
SHT-21#2 -30.64 oC, 74.86 % RH
LM75     -30.50 oC
TMP141#1 -30.25 oC
TMP141#2 -30.25 oC
TMP141#3 -30.50 oC
DS18B20  -30.00 oC
KTY13    -32.49 oC
RFA1int  -28.72 oC

+00d 00:07:25:
SHT-21#1 -30.39 oC, 75.44 % RH
SHT-21#2 -30.62 oC, 74.84 % RH
LM75     -30.50 oC
TMP141#1 -30.25 oC
TMP141#2 -30.25 oC
TMP141#3 -30.50 oC
RFA1int  -29.85 oC

+00d 00:07:30:
SHT-21#1 -30.35 oC, 75.43 % RH
SHT-21#2 -30.60 oC, 74.84 % RH
LM75     -30.50 oC
TMP141#1 -30.25 oC
TMP141#3 -30.50 oC
DS18B20  -29.94 oC
KTY13    -32.49 oC
RFA1int  -29.85 oC

+00d 00:07:35:
SHT-21#1 -30.39 oC, 75.43 % RH
SHT-21#2 -30.62 oC, 74.84 % RH
LM75     -30.50 oC
TMP141#1 -30.25 oC
TMP141#2 -30.25 oC
TMP141#3 -30.50 oC
DS18B20  -30.00 oC
KTY13    -32.49 oC
RFA1int  -29.85 oC

+00d 00:07:40:
SHT-21#1 -30.38 oC, 75.41 % RH
SHT-21#2 -30.61 oC, 74.84 % RH
LM75     -30.50 oC
TMP141#1 -30.25 oC
TMP141#2 -30.25 oC
TMP141#3 -30.50 oC
DS18B20  -29.94 oC
KTY13    -32.49 oC
RFA1int  -29.85 oC

+00d 00:07:45:
SHT-21#1 -30.35 oC, 75.41 % RH
SHT-21#2 -30.59 oC, 74.83 % RH
LM75     -30.50 oC
TMP141#1 -30.25 oC
TMP141#2 -30.25 oC
TMP141#3 -30.50 oC
DS18B20  -30.00 oC
KTY13    -32.49 oC
RFA1int  -29.85 oC

+00d 00:07:50:
SHT-21#1 -30.38 oC, 75.41 % RH
SHT-21#2 -30.62 oC, 74.83 % RH
LM75     -30.50 oC
TMP141#1 -30.25 oC
TMP141#2 -30.25 oC
TMP141#3 -30.50 oC
DS18B20  -30.00 oC
KTY13    -32.49 oC
RFA1int  -29.85 oC

+00d 00:07:55:
SHT-21#1 -30.37 oC, 75.39 % RH
SHT-21#2 -30.61 oC, 74.83 % RH
LM75     -30.50 oC
TMP141#1 -30.25 oC
TMP141#2 -30.25 oC
TMP141#3 -30.50 oC
DS18B20  -29.94 oC
KTY13    -32.49 oC
RFA1int  -29.85 oC

+00d 00:08:00:
SHT-21#1 -30.37 oC, 75.39 % RH
SHT-21#2 -30.61 oC, 74.79 % RH
LM75     -30.50 oC
TMP141#1 -30.25 oC
TMP141#2 -30.25 oC
TMP141#3 -30.50 oC
DS18B20  -30.00 oC
KTY13    -32.49 oC
RFA1int  -28.72 oC

+00d 00:08:05:
SHT-21#1 -30.40 oC, 75.37 % RH
SHT-21#2 -30.63 oC, 74.79 % RH
LM75     -30.50 oC
TMP141#1 -30.25 oC
TMP141#2 -30.25 oC
TMP141#3 -30.50 oC
DS18B20  -30.00 oC
KTY13    -32.49 oC
RFA1int  -29.85 oC

+00d 00:08:10:
SHT-21#1 -30.38 oC, 75.37 % RH
SHT-21#2 -30.61 oC, 74.79 % RH
LM75     -30.50 oC
TMP141#1 -30.25 oC
TMP141#2 -30.25 oC
TMP141#3 -30.50 oC
DS18B20  -29.94 oC
KTY13    -32.49 oC
RFA1int  -29.85 oC

+00d 00:08:15:
SHT-21#1 -30.37 oC, 75.35 % RH
SHT-21#2 -30.60 oC, 74.76 % RH
LM75     -30.50 oC
TMP141#1 -30.25 oC
TMP141#2 -30.25 oC
TMP141#3 -30.50 oC
DS18B20  -30.00 oC
KTY13    -32.49 oC
RFA1int  -29.85 oC

+00d 00:08:20:
SHT-21#1 -30.40 oC, 75.35 % RH
SHT-21#2 -30.63 oC, 74.75 % RH
TMP141#1 -30.25 oC
TMP141#2 -30.25 oC
TMP141#3 -30.50 oC
DS18B20  -30.00 oC
KTY13    -32.49 oC
RFA1int  -28.72 oC

+00d 00:08:25:
SHT-21#1 -30.39 oC, 75.35 % RH
SHT-21#2 -30.63 oC, 74.75 % RH
LM75     -30.50 oC
TMP141#1 -30.25 oC
TMP141#2 -30.25 oC
TMP141#3 -30.50 oC
DS18B20  -30.00 oC
KTY13    -32.49 oC
RFA1int  -28.72 oC

+00d 00:08:30:
SHT-21#1 -30.38 oC, 75.33 % RH
SHT-21#2 -30.61 oC, 74.75 % RH
LM75     -30.50 oC
TMP141#1 -30.25 oC
TMP141#2 -30.25 oC
TMP141#3 -30.50 oC
DS18B20  -30.00 oC
RFA1int  -28.72 oC

+00d 00:08:35:
SHT-21#1 -30.41 oC, 75.29 % RH
SHT-21#2 -30.66 oC, 74.73 % RH
LM75     -30.50 oC
TMP141#1 -30.25 oC
TMP141#2 -30.25 oC
TMP141#3 -30.50 oC
DS18B20  -30.00 oC
KTY13    -32.49 oC
RFA1int  -29.85 oC

+00d 00:08:40:
SHT-21#1 -30.42 oC, 75.27 % RH
SHT-21#2 -30.67 oC, 74.73 % RH
LM75     -30.50 oC
TMP141#1 -30.25 oC
TMP141#2 -30.25 oC
TMP141#3 -30.50 oC
DS18B20  -30.00 oC
KTY13    -32.49 oC
RFA1int  -29.85 oC

+00d 00:08:45:
SHT-21#1 -30.42 oC, 75.27 % RH
SHT-21#2 -30.67 oC, 74.71 % RH
LM75     -30.50 oC
TMP141#1 -30.25 oC
TMP141#2 -30.25 oC
TMP141#3 -30.50 oC
DS18B20  -30.00 oC
KTY13    -32.49 oC
RFA1int  -29.85 oC

+00d 00:08:50:
SHT-21#1 -30.46 oC, 75.27 % RH
SHT-21#2 -30.71 oC, 74.71 % RH
LM75     -30.50 oC
TMP141#1 -30.25 oC
TMP141#2 -30.25 oC
TMP141#3 -30.50 oC
DS18B20  -30.06 oC
KTY13    -32.49 oC
RFA1int  -28.72 oC

+00d 00:08:55:
SHT-21#1 -30.46 oC, 75.27 % RH
SHT-21#2 -30.72 oC, 74.70 % RH
LM75     -30.50 oC
TMP141#1 -30.25 oC
TMP141#2 -30.25 oC
TMP141#3 -30.50 oC
DS18B20  -30.06 oC
KTY13    -32.49 oC
RFA1int  -28.72 oC

+00d 00:09:00:
SHT-21#1 -30.46 oC, 75.25 % RH
SHT-21#2 -30.71 oC, 74.70 % RH
LM75     -30.50 oC
TMP141#1 -30.25 oC
TMP141#2 -30.25 oC
TMP141#3 -30.50 oC
DS18B20  -30.06 oC
KTY13    -32.49 oC
RFA1int  -28.72 oC

+00d 00:09:05:
SHT-21#1 -30.49 oC, 75.25 % RH
SHT-21#2 -30.75 oC, 74.63 % RH
LM75     -30.50 oC
TMP141#1 -30.50 oC
TMP141#2 -30.50 oC
TMP141#3 -30.50 oC
DS18B20  -30.13 oC
KTY13    -32.49 oC
RFA1int  -29.85 oC

+00d 00:09:10:
SHT-21#1 -30.49 oC, 75.23 % RH
SHT-21#2 -30.75 oC, 74.67 % RH
LM75     -30.50 oC
TMP141#1 -30.50 oC
TMP141#2 -30.50 oC
TMP141#3 -30.50 oC
DS18B20  -30.13 oC
KTY13    -32.49 oC
RFA1int  -28.72 oC

+00d 00:09:15:
SHT-21#1 -30.48 oC, 75.23 % RH
SHT-21#2 -30.74 oC, 74.67 % RH
LM75     -30.50 oC
TMP141#1 -30.50 oC
TMP141#2 -30.50 oC
TMP141#3 -30.50 oC
DS18B20  -30.06 oC
KTY13    -32.49 oC
RFA1int  -28.72 oC

+00d 00:09:20:
SHT-21#1 -30.49 oC, 75.21 % RH
SHT-21#2 -30.75 oC, 74.61 % RH
LM75     -30.50 oC
TMP141#1 -30.50 oC
TMP141#2 -30.50 oC
TMP141#3 -30.50 oC
DS18B20  -30.13 oC
KTY13    -32.49 oC
RFA1int  -29.85 oC

+00d 00:09:25:
SHT-21#1 -30.47 oC, 75.21 % RH
SHT-21#2 -30.72 oC, 74.66 % RH
LM75     -30.50 oC
TMP141#1 -30.25 oC
TMP141#2 -30.25 oC
TMP141#3 -30.50 oC
DS18B20  -30.06 oC
KTY13    -32.49 oC
RFA1int  -29.85 oC

+00d 00:09:30:
SHT-21#1 -30.46 oC, 75.21 % RH
SHT-21#2 -30.70 oC, 74.66 % RH
LM75     -30.50 oC
TMP141#1 -30.25 oC
TMP141#2 -30.25 oC
TMP141#3 -30.50 oC
DS18B20  -30.06 oC
KTY13    -32.49 oC
RFA1int  -28.72 oC

+00d 00:09:35:
SHT-21#1 -30.47 oC, 75.21 % RH
SHT-21#2 -30.71 oC, 74.64 % RH
LM75     -30.50 oC
TMP141#1 -30.25 oC
TMP141#2 -30.25 oC
TMP141#3 -30.50 oC
DS18B20  -30.06 oC
KTY13    -32.49 oC
RFA1int  -29.85 oC

+00d 00:09:40:
SHT-21#1 -30.47 oC, 75.19 % RH
SHT-21#2 -30.70 oC, 74.64 % RH
LM75     -30.50 oC
TMP141#1 -30.25 oC
TMP141#2 -30.25 oC
TMP141#3 -30.50 oC
DS18B20  -30.00 oC
KTY13    -32.49 oC
RFA1int  -29.85 oC

+00d 00:09:45:
SHT-21#1 -30.44 oC, 75.19 % RH
SHT-21#2 -30.68 oC, 74.64 % RH
LM75     -30.50 oC
TMP141#1 -30.25 oC
TMP141#2 -30.25 oC
TMP141#3 -30.50 oC
DS18B20  -30.00 oC
KTY13    -32.49 oC
RFA1int  -29.85 oC

+00d 00:09:50:
SHT-21#1 -30.46 oC, 75.19 % RH
SHT-21#2 -30.69 oC, 74.64 % RH
LM75     -30.50 oC
TMP141#1 -30.25 oC
TMP141#2 -30.25 oC
TMP141#3 -30.50 oC
DS18B20  -30.06 oC
KTY13    -32.49 oC
RFA1int  -29.85 oC

+00d 00:09:55:
SHT-21#1 -30.44 oC, 75.19 % RH
SHT-21#2 -30.68 oC, 74.62 % RH
LM75     -30.50 oC
TMP141#1 -30.25 oC
TMP141#2 -30.25 oC
TMP141#3 -30.50 oC
DS18B20  -30.00 oC
KTY13    -32.49 oC
RFA1int  -29.85 oC

+00d 00:10:00:
SHT-21#1 -30.42 oC, 75.18 % RH
SHT-21#2 -30.66 oC, 74.62 % RH
LM75     -30.50 oC
TMP141#1 -30.25 oC
TMP141#2 -30.25 oC
TMP141#3 -30.50 oC
DS18B20  -30.00 oC
KTY13    -32.49 oC
RFA1int  -29.85 oC

+00d 00:10:05:
SHT-21#1 -30.44 oC, 75.18 % RH
SHT-21#2 -30.68 oC, 74.62 % RH
LM75     -30.50 oC
TMP141#1 -30.25 oC
TMP141#2 -30.25 oC
TMP141#3 -30.50 oC
DS18B20  -30.00 oC
KTY13    -32.49 oC
RFA1int  -28.72 oC

+00d 00:10:10:
SHT-21#1 -30.43 oC, 75.18 % RH
SHT-21#2 -30.67 oC, 74.62 % RH
LM75     -30.50 oC
TMP141#1 -30.25 oC
TMP141#2 -30.25 oC
TMP141#3 -30.50 oC
DS18B20  -30.00 oC
KTY13    -32.49 oC
RFA1int  -28.72 oC

+00d 00:10:15:
SHT-21#1 -30.42 oC, 75.18 % RH
SHT-21#2 -30.66 oC, 74.62 % RH
LM75     -30.50 oC
TMP141#1 -30.25 oC
TMP141#2 -30.25 oC
TMP141#3 -30.50 oC
DS18B20  -30.00 oC
KTY13    -32.49 oC
RFA1int  -29.85 oC

+00d 00:10:20:
SHT-21#1 -30.44 oC, 75.18 % RH
SHT-21#2 -30.69 oC, 74.60 % RH
LM75     -30.50 oC
TMP141#1 -30.25 oC
TMP141#2 -30.25 oC
TMP141#3 -30.50 oC
DS18B20  -30.06 oC
KTY13    -32.49 oC
RFA1int  -28.72 oC

+00d 00:10:25:
SHT-21#1 -30.44 oC, 75.18 % RH
SHT-21#2 -30.68 oC, 74.60 % RH
LM75     -30.50 oC
TMP141#1 -30.25 oC
TMP141#2 -30.25 oC
TMP141#3 -30.50 oC
DS18B20  -30.00 oC
KTY13    -32.49 oC
RFA1int  -28.72 oC

+00d 00:10:30:
SHT-21#1 -30.43 oC, 75.15 % RH
SHT-21#2 -30.67 oC, 74.60 % RH
LM75     -30.50 oC
TMP141#1 -30.25 oC
TMP141#2 -30.25 oC
TMP141#3 -30.50 oC
DS18B20  -30.00 oC
KTY13    -32.49 oC
RFA1int  -28.72 oC

+00d 00:10:35:
SHT-21#1 -30.44 oC, 75.15 % RH
SHT-21#2 -30.67 oC, 74.60 % RH
LM75     -30.50 oC
TMP141#1 -30.25 oC
TMP141#2 -30.25 oC
TMP141#3 -30.50 oC
DS18B20  -30.00 oC
KTY13    -32.49 oC
RFA1int  -28.72 oC

+00d 00:10:40:
SHT-21#1 -30.42 oC, 75.15 % RH
SHT-21#2 -30.67 oC, 74.60 % RH
LM75     -30.50 oC
TMP141#1 -30.25 oC
TMP141#2 -30.25 oC
TMP141#3 -30.50 oC
DS18B20  -30.00 oC
KTY13    -32.49 oC
RFA1int  -29.85 oC

+00d 00:10:45:
SHT-21#1 -30.42 oC, 75.15 % RH
SHT-21#2 -30.64 oC, 74.58 % RH
LM75     -30.50 oC
TMP141#1 -30.25 oC
TMP141#2 -30.25 oC
TMP141#3 -30.50 oC
DS18B20  -30.00 oC
KTY13    -32.49 oC
RFA1int  -28.72 oC

+00d 00:10:50:
SHT-21#1 -30.44 oC, 75.15 % RH
SHT-21#2 -30.67 oC, 74.58 % RH
LM75     -30.50 oC
TMP141#1 -30.25 oC
TMP141#2 -30.25 oC
TMP141#3 -30.50 oC
DS18B20  -30.00 oC
KTY13    -32.49 oC
RFA1int  -29.85 oC

+00d 00:10:55:
SHT-21#1 -30.44 oC, 75.14 % RH
SHT-21#2 -30.67 oC, 74.58 % RH
LM75     -30.50 oC
TMP141#1 -30.25 oC
TMP141#2 -30.25 oC
TMP141#3 -30.50 oC
DS18B20  -30.00 oC
KTY13    -32.49 oC
RFA1int  -28.72 oC

+00d 00:11:00:
SHT-21#1 -30.42 oC, 75.14 % RH
SHT-21#2 -30.66 oC, 74.58 % RH
LM75     -30.50 oC
TMP141#1 -30.25 oC
TMP141#2 -30.25 oC
TMP141#3 -30.50 oC
DS18B20  -30.00 oC
KTY13    -32.49 oC
RFA1int  -29.85 oC

+00d 00:11:05:
SHT-21#1 -30.46 oC, 75.14 % RH
SHT-21#2 -30.70 oC, 74.58 % RH
LM75     -30.50 oC
TMP141#1 -30.25 oC
TMP141#2 -30.25 oC
TMP141#3 -30.50 oC
DS18B20  -30.06 oC
KTY13    -32.49 oC
RFA1int  -28.72 oC

+00d 00:11:10:
SHT-21#1 -30.46 oC, 75.14 % RH
SHT-21#2 -30.71 oC, 74.58 % RH
LM75     -30.50 oC
TMP141#1 -30.25 oC
TMP141#2 -30.25 oC
TMP141#3 -30.50 oC
DS18B20  -30.06 oC
KTY13    -32.49 oC
RFA1int  -28.72 oC

+00d 00:11:15:
SHT-21#1 -30.46 oC, 75.14 % RH
SHT-21#2 -30.70 oC, 74.56 % RH
LM75     -30.50 oC
TMP141#1 -30.25 oC
TMP141#2 -30.25 oC
TMP141#3 -30.50 oC
DS18B20  -30.06 oC
KTY13    -32.49 oC
RFA1int  -28.72 oC

+00d 00:11:20:
SHT-21#1 -30.47 oC, 75.12 % RH
SHT-21#2 -30.71 oC, 74.56 % RH
LM75     -30.50 oC
TMP141#1 -30.25 oC
TMP141#2 -30.25 oC
TMP141#3 -30.50 oC
DS18B20  -30.06 oC
KTY13    -32.49 oC
RFA1int  -29.85 oC

+00d 00:11:25:
SHT-21#1 -30.47 oC, 75.12 % RH
SHT-21#2 -30.71 oC, 74.56 % RH
LM75     -30.50 oC
TMP141#1 -30.25 oC
TMP141#2 -30.25 oC
TMP141#3 -30.50 oC
DS18B20  -30.06 oC
KTY13    -32.49 oC
RFA1int  -29.85 oC

+00d 00:11:30:
SHT-21#1 -30.45 oC, 75.12 % RH
SHT-21#2 -30.69 oC, 74.56 % RH
LM75     -30.50 oC
TMP141#1 -30.25 oC
TMP141#2 -30.25 oC
TMP141#3 -30.50 oC
DS18B20  -30.06 oC
KTY13    -32.49 oC
RFA1int  -28.72 oC

+00d 00:11:35:
SHT-21#1 -30.45 oC, 75.12 % RH
SHT-21#2 -30.69 oC, 74.56 % RH
LM75     -30.50 oC
TMP141#1 -30.25 oC
TMP141#2 -30.25 oC
TMP141#3 -30.50 oC
DS18B20  -30.06 oC
KTY13    -32.49 oC
RFA1int  -28.72 oC

+00d 00:11:40:
SHT-21#1 -30.43 oC, 75.12 % RH
SHT-21#2 -30.67 oC, 74.54 % RH
LM75     -30.50 oC
TMP141#1 -30.25 oC
TMP141#2 -30.25 oC
TMP141#3 -30.50 oC
DS18B20  -30.00 oC
KTY13    -32.49 oC
RFA1int  -28.72 oC

+00d 00:11:45:
SHT-21#1 -30.41 oC, 75.12 % RH
SHT-21#2 -30.64 oC, 74.54 % RH
LM75     -30.50 oC
TMP141#1 -30.25 oC
TMP141#2 -30.25 oC
TMP141#3 -30.50 oC
DS18B20  -30.00 oC
KTY13    -32.49 oC
RFA1int  -29.85 oC

+00d 00:11:50:
SHT-21#1 -30.42 oC, 75.12 % RH
SHT-21#2 -30.64 oC, 74.54 % RH
LM75     -30.50 oC
TMP141#1 -30.25 oC
TMP141#2 -30.25 oC
TMP141#3 -30.50 oC
DS18B20  -30.00 oC
RFA1int  -28.72 oC

+00d 00:11:55:
SHT-21#1 -30.39 oC, 75.16 % RH
SHT-21#2 -30.61 oC, 74.54 % RH
LM75     -30.50 oC
TMP141#1 -30.25 oC
TMP141#2 -30.25 oC
TMP141#3 -30.50 oC
DS18B20  -29.94 oC
KTY13    -32.49 oC
RFA1int  -28.72 oC

+00d 00:12:00:
SHT-21#1 -30.38 oC, 75.16 % RH
SHT-21#2 -30.59 oC, 74.54 % RH
LM75     -30.50 oC
TMP141#1 -30.25 oC
TMP141#2 -30.25 oC
TMP141#3 -30.50 oC
DS18B20  -29.94 oC
KTY13    -32.49 oC
RFA1int  -29.85 oC

+00d 00:12:05:
SHT-21#1 -30.38 oC, 75.16 % RH
SHT-21#2 -30.60 oC, 74.54 % RH
LM75     -30.50 oC
TMP141#1 -30.25 oC
TMP141#2 -30.25 oC
TMP141#3 -30.50 oC
DS18B20  -29.94 oC
KTY13    -32.49 oC
RFA1int  -28.72 oC

+00d 00:12:10:
SHT-21#1 -30.35 oC, 75.16 % RH
SHT-21#2 -30.58 oC, 74.54 % RH
LM75     -30.50 oC
TMP141#1 -30.25 oC
TMP141#2 -30.25 oC
TMP141#3 -30.50 oC
DS18B20  -29.94 oC
KTY13    -32.49 oC
RFA1int  -28.72 oC

+00d 00:12:15:
SHT-21#1 -12.53 oC, 75.16 % RH
SHT-21#2 -30.57 oC, 74.54 % RH
LM75     -30.50 oC
TMP141#1 -30.25 oC
TMP141#2 -30.25 oC
TMP141#3 -30.50 oC
DS18B20  -29.88 oC
KTY13    -32.49 oC
RFA1int  -28.72 oC

+00d 00:12:20:
SHT-21#1 -30.35 oC, 75.16 % RH
SHT-21#2 -30.58 oC, 74.54 % RH
LM75     -30.50 oC
TMP141#1 -30.25 oC
TMP141#2 -30.25 oC
TMP141#3 -30.50 oC
DS18B20  -29.94 oC
KTY13    -32.49 oC
RFA1int  -29.85 oC

+00d 00:12:25:
SHT-21#1 -30.33 oC, 75.16 % RH
SHT-21#2 -30.57 oC, 74.54 % RH
LM75     -30.50 oC
TMP141#1 -30.25 oC
TMP141#2 -30.25 oC
TMP141#3 -30.50 oC
DS18B20  -29.94 oC

+00d 00:12:25:
