Running:
  /usr/local/bin/ava kernel.s -v -L -lmake.log -I. -favr_noendianbug 

Starting assembler on Wed Jan 16 10:36:14 2002
Assembling: kernel.s


SEGMENT TREE:                         ABS       SIZE    FLAGS
  + eeprom                             -          .     
  + flash                              -          .     
    * code                             -      $0000001e 
      * Kernel                         -      $000000fc 
  + eram                               -          .     Abstract 
    * data                             -      $0000006e Abstract 
    * registers                        -          .     Abstract 
    * io_space                         -          .     Abstract 

Completed.

Running:
  /usr/local/bin/ava eeprom.s -v -L -lmake.log -I. -favr_noendianbug 

Starting assembler on Wed Jan 16 10:36:14 2002
Assembling: eeprom.s


SEGMENT TREE:                         ABS       SIZE    FLAGS
  + eeprom                             -          .     
  + flash                              -          .     
    * code                             -          .     
      * EEWriteByte                    -      $00000014 Removable 
      * EEWriteWord                    -      $00000028 Removable 
      * EEReadByte                     -      $00000010 Removable 
      * EEReadWord                     -      $00000016 Removable 
  + eram                               -          .     Abstract 
    * registers                        -          .     Abstract 
    * io_space                         -          .     Abstract 

Completed.

Running:
  /usr/local/bin/ava canbus.s -v -L -lmake.log -I. -favr_noendianbug 

Starting assembler on Wed Jan 16 10:36:14 2002
Assembling: canbus.s


SEGMENT TREE:                         ABS       SIZE    FLAGS
  + eeprom                             -          .     
  + flash                              -          .     
    * code                             -      $00000064 
      * CanTxFrame4                    -      $00000024 Removable 
      * CanTxEEFrame3Queue             -      $00000056 Removable 
      * CanTxFrame3Queue               -      $00000034 Removable 
      * CanTxSend                      -      $0000000a Removable 
      * Thread1                        -      $000003c4 Removable 
  + eram                               -          .     Abstract 
    * data                             -      $00000012 Abstract 
    * registers                        -          .     Abstract 
    * io_space                         -          .     Abstract 

Completed.

Running:
  /usr/local/bin/ava dongle.s -v -L -lmake.log -I. -favr_noendianbug 

Starting assembler on Wed Jan 16 10:36:14 2002
Assembling: dongle.s

Running:
  /usr/local/bin/ava kernel.s -v -L -lmake.log -I. -favr_noendianbug 

Starting assembler on Wed Jan 16 10:36:21 2002
Assembling: kernel.s


SEGMENT TREE:                         ABS       SIZE    FLAGS
  + eeprom                             -          .     
  + flash                              -          .     
    * code                             -      $0000001e 
      * Kernel                         -      $000000fc 
  + eram                               -          .     Abstract 
    * data                             -      $0000006e Abstract 
    * registers                        -          .     Abstract 
    * io_space                         -          .     Abstract 

Completed.

Running:
  /usr/local/bin/ava eeprom.s -v -L -lmake.log -I. -favr_noendianbug 

Starting assembler on Wed Jan 16 10:36:21 2002
Assembling: eeprom.s


SEGMENT TREE:                         ABS       SIZE    FLAGS
  + eeprom                             -          .     
  + flash                              -          .     
    * code                             -          .     
      * EEWriteByte                    -      $00000014 Removable 
      * EEWriteWord                    -      $00000028 Removable 
      * EEReadByte                     -      $00000010 Removable 
      * EEReadWord                     -      $00000016 Removable 
  + eram                               -          .     Abstract 
    * registers                        -          .     Abstract 
    * io_space                         -          .     Abstract 

Completed.

Running:
  /usr/local/bin/ava i2cbus.s -v -L -lmake.log -I. -favr_noendianbug 

Starting assembler on Wed Jan 16 10:36:21 2002
Assembling: i2cbus.s


SEGMENT TREE:                         ABS       SIZE    FLAGS
  + eeprom                             -          .     
  + flash                              -          .     
    * code                             -          .     Removable 
      * I2CBus                         -      $0000009a Removable 
  + eram                               -          .     Abstract 
    * registers                        -          .     Abstract 
    * io_space                         -          .     Abstract 

Completed.

Running:
  /usr/local/bin/ava ds1621.s -v -L -lmake.log -I. -favr_noendianbug 

Starting assembler on Wed Jan 16 10:36:21 2002
Assembling: ds1621.s


SEGMENT TREE:                         ABS       SIZE    FLAGS
  + eeprom                             -          .     
  + flash                              -          .     
    * code                             -          .     Removable 
      * StopConversion                 -      $00000012 Removable 
      * ReadConfiguration              -      $0000001c Removable 
      * Read2Register                  -      $00000024 Removable 
      * Write2Register                 -      $0000001e Removable 
      * WriteConfiguration             -      $00000018 Removable 
      * StartConversion                -      $00000012 Removable 
      * Thread4                        -      $00000046 Removable 
  + eram                               -          .     Abstract 
    * registers                        -          .     Abstract 
    * io_space                         -          .     Abstract 

Completed.

Running:
  /usr/local/bin/ava canbus.s -v -L -lmake.log -I. -favr_noendianbug 

Starting assembler on Wed Jan 16 10:36:21 2002
Assembling: canbus.s


SEGMENT TREE:                         ABS       SIZE    FLAGS
  + eeprom                             -          .     
  + flash                              -          .     
    * code                             -      $00000064 
      * CanTxFrame4                    -      $00000024 Removable 
      * CanTxEEFrame3Queue             -      $00000056 Removable 
      * CanTxFrame3Queue               -      $00000034 Removable 
      * CanTxSend                      -      $0000000a Removable 
      * Thread1                        -      $000003c4 Removable 
  + eram                               -          .     Abstract 
    * data                             -      $00000012 Abstract 
    * registers                        -          .     Abstract 
    * io_space                         -          .     Abstract 

Completed.

Running:
  /usr/local/bin/ava ir_rc5.s -v -L -lmake.log -I. -favr_noendianbug 

Starting assembler on Wed Jan 16 10:36:21 2002
Assembling: ir_rc5.s


SEGMENT TREE:                         ABS       SIZE    FLAGS
  + eeprom                             -          .     
  + flash                              -          .     
    * code                             -      $000000d8 
  + eram                               -          .     Abstract 
    * registers                        -          .     Abstract 
    * io_space                         -          .     Abstract 

Completed.

Running:
  /usr/local/bin/ava node.s -v -L -lmake.log -I. -favr_noendianbug 

Starting assembler on Wed Jan 16 10:36:21 2002
Assembling: node.s


SEGMENT TREE:                         ABS       SIZE    FLAGS
  + eeprom                             -          .     
  + flash                              -          .     
    * code                             -      $000000e8 
      * TableLookup                    -      $00000026 Removable 
      * Thread2                        -      $000000e2 Removable 
  + eram                               -          .     Abstract 
    * registers                        -          .     Abstract 
    * io_space                         -          .     Abstract 

Completed.

Running:
  /usr/local/bin/ava node2_action.s -v -L -lmake.log -I. -favr_noendianbug 

Starting assembler on Wed Jan 16 10:36:22 2002
Assembling: node2_action.s


SEGMENT TREE:                         ABS       SIZE    FLAGS
  + eeprom                             -      $0000008e 
  + flash                              -          .     
    * code                             -          .     Removable 
      * StoreOutput                    -      $00000060 Removable 
      * ActionTable                    -      $00000040 Removable 
      * ActionRoutines                 -      $00000196 Removable 
  + eram                               -          .     Abstract 
    * registers                        -          .     Abstract 
    * io_space                         -          .     Abstract 

Completed.

Running:
  /usr/local/bin/ava --motorola --multiple-output-files -favr_noendianbug kernel.o eeprom.o i2cbus.o ds1621.o canbus.o ir_rc5.o node.o node2_action.o -v -lmake.log -j node2.obj -o node2 

Starting linker on Wed Jan 16 10:36:22 2002


SEGMENT TREE:                         ABS       SIZE    FLAGS
  + eeprom                         $00000000  $0000008e 
  + flash                          $00000000      .     
    * code                         $00000000  $00000242 
      * StopConversion                 -      $00000012 *REMOVED*
      * WriteConfiguration             -      $00000018 *REMOVED*
      * CanTxEEFrame3Queue             -      $00000056 *REMOVED*
      * CanTxSend                      -      $0000000a *REMOVED*
      * Thread1                    $00000242  $000003c4 Removable 
      * ActionRoutines             $00000606  $00000196 Removable 
      * Kernel                     $0000079c  $000000fc 
      * Thread2                    $00000898  $000000e2 Removable 
      * I2CBus                     $0000097a  $0000009a Removable 
      * StoreOutput                $00000a14  $00000060 Removable 
      * Thread4                    $00000a74  $00000046 Removable 
      * ActionTable                $00000aba  $00000040 Removable 
      * CanTxFrame3Queue           $00000afa  $00000034 Removable 
      * EEWriteWord                $00000b2e  $00000028 Removable 
      * TableLookup                $00000b56  $00000026 Removable 
      * CanTxFrame4                $00000b7c  $00000024 Removable 
      * Read2Register              $00000ba0  $00000024 Removable 
      * Write2Register             $00000bc4  $0000001e Removable 
      * ReadConfiguration          $00000be2  $0000001c Removable 
      * EEReadWord                 $00000bfe  $00000016 Removable 
      * EEWriteByte                $00000c14  $00000014 Removable 
      * StartConversion            $00000c28  $00000012 Removable 
      * EEReadByte                 $00000c3a  $00000010 Removable 
  + eram                           $00000000      .     Abstract 
    * registers                    $00000000      .     Abstract 
    * io_space                     $00000020      .     Abstract 
    * data                         $00000060  $00000080 Abstract 

OVERALL SEGMENT INFO:              SUM SIZE   MAX SIZE  USAGE [%]
  + eeprom                         $0000008e  $00000100   55.5
  + flash                          $00000c4a  $00001000   76.8
  + eram                           $000000e0  $000000e0   100.0

Linking:
 * kernel.o
 * eeprom.o
 * i2cbus.o
 * ds1621.o
 * canbus.o
 * ir_rc5.o
 * node.o
 * node2_action.o

Completed.

Running:
  /usr/local/bin/ava kernel.s -v -L -lmake.log -I. -favr_noendianbug 

Starting assembler on Wed Jan 16 10:36:22 2002
Assembling: kernel.s


SEGMENT TREE:                         ABS       SIZE    FLAGS
  + eeprom                             -          .     
  + flash                              -          .     
    * code                             -      $0000001e 
      * Kernel                         -      $000000f2 
  + eram                               -          .     Abstract 
    * data                             -      $00000055 Abstract 
    * registers                        -          .     Abstract 
    * io_space                         -          .     Abstract 

Completed.

Running:
  /usr/local/bin/ava eeprom.s -v -L -lmake.log -I. -favr_noendianbug 

Starting assembler on Wed Jan 16 10:36:22 2002
Assembling: eeprom.s


SEGMENT TREE:                         ABS       SIZE    FLAGS
  + eeprom                             -          .     
  + flash                              -          .     
    * code                             -          .     
      * EEWriteByte                    -      $00000014 Removable 
      * EEWriteWord                    -      $00000028 Removable 
      * EEReadByte                     -      $00000010 Removable 
      * EEReadWord                     -      $00000016 Removable 
  + eram                               -          .     Abstract 
    * registers                        -          .     Abstract 
    * io_space                         -          .     Abstract 

Completed.

Running:
  /usr/local/bin/ava i2cbus.s -v -L -lmake.log -I. -favr_noendianbug 

Starting assembler on Wed Jan 16 10:36:22 2002
Assembling: i2cbus.s


SEGMENT TREE:                         ABS       SIZE    FLAGS
  + eeprom                             -          .     
  + flash                              -          .     
    * code                             -          .     Removable 
      * I2CBus                         -      $0000009a Removable 
  + eram                               -          .     Abstract 
    * registers                        -          .     Abstract 
    * io_space                         -          .     Abstract 

Completed.

Running:
  /usr/local/bin/ava canbus.s -v -L -lmake.log -I. -favr_noendianbug 

Starting assembler on Wed Jan 16 10:36:22 2002
Assembling: canbus.s


SEGMENT TREE:                         ABS       SIZE    FLAGS
  + eeprom                             -          .     
  + flash                              -          .     
    * code                             -      $00000064 
      * CanTxFrame4                    -      $00000024 Removable 
      * CanTxEEFrame3Queue             -      $00000056 Removable 
      * CanTxFrame3Queue               -      $00000034 Removable 
      * CanTxSend                      -      $0000000a Removable 
      * Thread1                        -      $000003ba Removable 
  + eram                               -          .     Abstract 
    * data                             -      $00000012 Abstract 
    * registers                        -          .     Abstract 
    * io_space                         -          .     Abstract 

Completed.

Running:
  /usr/local/bin/ava rtc.s -v -L -lmake.log -I. -favr_noendianbug 

Starting assembler on Wed Jan 16 10:36:23 2002
Assembling: rtc.s

Running:
  /usr/local/bin/ava kernel.s -v -L -lmake.log -I. -favr_noendianbug 

Starting assembler on Wed Jan 16 10:36:50 2002
Assembling: kernel.s


SEGMENT TREE:                         ABS       SIZE    FLAGS
  + eeprom                             -          .     
  + flash                              -          .     
    * code                             -      $0000001e 
      * Kernel                         -      $000000f2 
  + eram                               -          .     Abstract 
    * data                             -      $00000055 Abstract 
    * registers                        -          .     Abstract 
    * io_space                         -          .     Abstract 

Completed.

Running:
  /usr/local/bin/ava eeprom.s -v -L -lmake.log -I. -favr_noendianbug 

Starting assembler on Wed Jan 16 10:36:50 2002
Assembling: eeprom.s


SEGMENT TREE:                         ABS       SIZE    FLAGS
  + eeprom                             -          .     
  + flash                              -          .     
    * code                             -          .     
      * EEWriteByte                    -      $00000014 Removable 
      * EEWriteWord                    -      $00000028 Removable 
      * EEReadByte                     -      $00000010 Removable 
      * EEReadWord                     -      $00000016 Removable 
  + eram                               -          .     Abstract 
    * registers                        -          .     Abstract 
    * io_space                         -          .     Abstract 

Completed.

Running:
  /usr/local/bin/ava i2cbus.s -v -L -lmake.log -I. -favr_noendianbug 

Starting assembler on Wed Jan 16 10:36:50 2002
Assembling: i2cbus.s


SEGMENT TREE:                         ABS       SIZE    FLAGS
  + eeprom                             -          .     
  + flash                              -          .     
    * code                             -          .     Removable 
      * I2CBus                         -      $0000009a Removable 
  + eram                               -          .     Abstract 
    * registers                        -          .     Abstract 
    * io_space                         -          .     Abstract 

Completed.

Running:
  /usr/local/bin/ava canbus.s -v -L -lmake.log -I. -favr_noendianbug 

Starting assembler on Wed Jan 16 10:36:50 2002
Assembling: canbus.s


SEGMENT TREE:                         ABS       SIZE    FLAGS
  + eeprom                             -          .     
  + flash                              -          .     
    * code                             -      $00000064 
      * CanTxFrame4                    -      $00000024 Removable 
      * CanTxEEFrame3Queue             -      $00000056 Removable 
      * CanTxFrame3Queue               -      $00000034 Removable 
      * CanTxSend                      -      $0000000a Removable 
      * Thread1                        -      $000003ba Removable 
  + eram                               -          .     Abstract 
    * data                             -      $00000012 Abstract 
    * registers                        -          .     Abstract 
    * io_space                         -          .     Abstract 

Completed.

Running:
  /usr/local/bin/ava rtc.s -v -L -lmake.log -I. -favr_noendianbug 

Starting assembler on Wed Jan 16 10:36:50 2002
Assembling: rtc.s

Running:
  /usr/local/bin/ava dongle.s -v -L -lmake.log -I. -favr_noendianbug 

Starting assembler on Wed Jan 16 10:37:46 2002
Assembling: dongle.s

Running:
  /usr/local/bin/ava kernel.s -v -L -lmake.log -I. -favr_noendianbug 

Starting assembler on Wed Jan 16 10:38:02 2002
Assembling: kernel.s


SEGMENT TREE:                         ABS       SIZE    FLAGS
  + eeprom                             -          .     
  + flash                              -          .     
    * code                             -      $0000001e 
      * Kernel                         -      $000000f2 
  + eram                               -          .     Abstract 
    * data                             -      $00000055 Abstract 
    * registers                        -          .     Abstract 
    * io_space                         -          .     Abstract 

Completed.

Running:
  /usr/local/bin/ava eeprom.s -v -L -lmake.log -I. -favr_noendianbug 

Starting assembler on Wed Jan 16 10:38:02 2002
Assembling: eeprom.s


SEGMENT TREE:                         ABS       SIZE    FLAGS
  + eeprom                             -          .     
  + flash                              -          .     
    * code                             -          .     
      * EEWriteByte                    -      $00000014 Removable 
      * EEWriteWord                    -      $00000028 Removable 
      * EEReadByte                     -      $00000010 Removable 
      * EEReadWord                     -      $00000016 Removable 
  + eram                               -          .     Abstract 
    * registers                        -          .     Abstract 
    * io_space                         -          .     Abstract 

Completed.

Running:
  /usr/local/bin/ava i2cbus.s -v -L -lmake.log -I. -favr_noendianbug 

Starting assembler on Wed Jan 16 10:38:02 2002
Assembling: i2cbus.s


SEGMENT TREE:                         ABS       SIZE    FLAGS
  + eeprom                             -          .     
  + flash                              -          .     
    * code                             -          .     Removable 
      * I2CBus                         -      $0000009a Removable 
  + eram                               -          .     Abstract 
    * registers                        -          .     Abstract 
    * io_space                         -          .     Abstract 

Completed.

Running:
  /usr/local/bin/ava canbus.s -v -L -lmake.log -I. -favr_noendianbug 

Starting assembler on Wed Jan 16 10:38:02 2002
Assembling: canbus.s


SEGMENT TREE:                         ABS       SIZE    FLAGS
  + eeprom                             -          .     
  + flash                              -          .     
    * code                             -      $00000064 
      * CanTxFrame4                    -      $00000024 Removable 
      * CanTxEEFrame3Queue             -      $00000056 Removable 
      * CanTxFrame3Queue               -      $00000034 Removable 
      * CanTxSend                      -      $0000000a Removable 
      * Thread1                        -      $000003ba Removable 
  + eram                               -          .     Abstract 
    * data                             -      $00000012 Abstract 
    * registers                        -          .     Abstract 
    * io_space                         -          .     Abstract 

Completed.

Running:
  /usr/local/bin/ava rtc.s -v -L -lmake.log -I. -favr_noendianbug 

Starting assembler on Wed Jan 16 10:38:02 2002
Assembling: rtc.s

Running:
  /usr/local/bin/ava rtc.s -v -L -lmake.log -I. -favr_noendianbug 

Starting assembler on Wed Jan 16 10:39:51 2002
Assembling: rtc.s


SEGMENT TREE:                         ABS       SIZE    FLAGS
  + eeprom                             -          .     
  + flash                              -          .     
    * code                             -          .     Removable 
      * ReadPCFByte                    -      $0000001a Removable 
      * WritePCFByte                   -      $00000016 Removable 
      * Thread3                        -      $00000014 Removable 
  + eram                               -          .     Abstract 
    * registers                        -          .     Abstract 
    * io_space                         -          .     Abstract 

Completed.

Running:
  /usr/local/bin/ava star.s -v -L -lmake.log -I. -favr_noendianbug 

Starting assembler on Wed Jan 16 10:39:51 2002
Assembling: star.s


SEGMENT TREE:                         ABS       SIZE    FLAGS
  + eeprom                             -          .     
  + flash                              -          .     
    * code                             -      $000000ac 
      * TableLookup                    -      $00000026 Removable 
      * Thread2                        -      $0000013e Removable 
      * AddAlarmQueue                  -      $0000003c Removable 
  + eram                               -          .     Abstract 
    * data                             -      $00000018 Abstract 
    * registers                        -          .     Abstract 
    * io_space                         -          .     Abstract 

Completed.

Running:
  /usr/local/bin/ava star2_action.s -v -L -lmake.log -I. -favr_noendianbug 

Starting assembler on Wed Jan 16 10:39:52 2002
Assembling: star2_action.s


SEGMENT TREE:                         ABS       SIZE    FLAGS
  + eeprom                             -      $0000002e 
  + flash                              -          .     
    * code                             -          .     Removable 
      * StoreOutput                    -      $0000000e Removable 
      * ActionTable                    -      $00000040 Removable 
      * ActionRoutines                 -      $0000012c Removable 
  + eram                               -          .     Abstract 
    * registers                        -          .     Abstract 
    * io_space                         -          .     Abstract 

Completed.

Running:
  /usr/local/bin/ava --motorola --multiple-output-files -favr_noendianbug kernel.o eeprom.o i2cbus.o canbus.o rtc.o star.o star2_action.o -v -lmake.log -j star2.obj -o star2 

Starting linker on Wed Jan 16 10:39:52 2002


SEGMENT TREE:                         ABS       SIZE    FLAGS
  + eeprom                         $00000000  $0000002e 
  + flash                          $00000000      .     
    * code                         $00000000  $0000012e 
      * CanTxSend                      -      $0000000a *REMOVED*
      * ReadPCFByte                    -      $0000001a *REMOVED*
      * WritePCFByte                   -      $00000016 *REMOVED*
      * TableLookup                    -      $00000026 *REMOVED*
      * Thread1                    $0000012e  $000003ba Removable 
      * Thread2                    $000004e8  $0000013e Removable 
      * ActionRoutines             $00000626  $0000012c Removable 
      * Kernel                     $00000752  $000000f2 
      * I2CBus                     $00000844  $0000009a Removable 
      * CanTxEEFrame3Queue         $000008de  $00000056 Removable 
      * ActionTable                $00000934  $00000040 Removable 
      * AddAlarmQueue              $00000974  $0000003c Removable 
      * CanTxFrame3Queue           $000009b0  $00000034 Removable 
      * EEWriteWord                $000009e4  $00000028 Removable 
      * CanTxFrame4                $00000a0c  $00000024 Removable 
      * EEReadWord                 $00000a30  $00000016 Removable 
      * Thread3                    $00000a46  $00000014 Removable 
      * EEWriteByte                $00000a5a  $00000014 Removable 
      * EEReadByte                 $00000a6e  $00000010 Removable 
      * StoreOutput                $00000a7e  $0000000e Removable 
  + eram                           $00000000      .     Abstract 
    * registers                    $00000000      .     Abstract 
    * io_space                     $00000020      .     Abstract 
    * data                         $00000060  $0000007f Abstract 

OVERALL SEGMENT INFO:              SUM SIZE   MAX SIZE  USAGE [%]
  + eeprom                         $0000002e  $00000100   18.0
  + flash                          $00000a8c  $00001000   65.9
  + eram                           $000000df  $000000e0   99.6

Linking:
 * kernel.o
 * eeprom.o
 * i2cbus.o
 * canbus.o
 * rtc.o
 * star.o
 * star2_action.o

Completed.

Running:
  /usr/local/bin/ava kernel.s -v -L -lmake.log -I. -favr_noendianbug 

Starting assembler on Thu Jan 17 12:46:35 2002
Assembling: kernel.s


SEGMENT TREE:                         ABS       SIZE    FLAGS
  + eeprom                             -          .     
  + flash                              -          .     
    * code                             -      $0000001e 
      * Kernel                         -      $000000fc 
  + eram                               -          .     Abstract 
    * data                             -      $0000006e Abstract 
    * registers                        -          .     Abstract 
    * io_space                         -          .     Abstract 

Completed.

Running:
  /usr/local/bin/ava eeprom.s -v -L -lmake.log -I. -favr_noendianbug 

Starting assembler on Thu Jan 17 12:46:36 2002
Assembling: eeprom.s


SEGMENT TREE:                         ABS       SIZE    FLAGS
  + eeprom                             -          .     
  + flash                              -          .     
    * code                             -          .     
      * EEWriteByte                    -      $00000014 Removable 
      * EEWriteWord                    -      $00000028 Removable 
      * EEReadByte                     -      $00000010 Removable 
      * EEReadWord                     -      $00000016 Removable 
  + eram                               -          .     Abstract 
    * registers                        -          .     Abstract 
    * io_space                         -          .     Abstract 

Completed.

Running:
  /usr/local/bin/ava i2cbus.s -v -L -lmake.log -I. -favr_noendianbug 

Starting assembler on Thu Jan 17 12:46:36 2002
Assembling: i2cbus.s


SEGMENT TREE:                         ABS       SIZE    FLAGS
  + eeprom                             -          .     
  + flash                              -          .     
    * code                             -          .     Removable 
      * I2CBus                         -      $0000009a Removable 
  + eram                               -          .     Abstract 
    * registers                        -          .     Abstract 
    * io_space                         -          .     Abstract 

Completed.

Running:
  /usr/local/bin/ava ds1621.s -v -L -lmake.log -I. -favr_noendianbug 

Starting assembler on Thu Jan 17 12:46:36 2002
Assembling: ds1621.s


SEGMENT TREE:                         ABS       SIZE    FLAGS
  + eeprom                             -          .     
  + flash                              -          .     
    * code                             -          .     Removable 
      * StopConversion                 -      $00000012 Removable 
      * ReadConfiguration              -      $0000001c Removable 
      * Read2Register                  -      $00000024 Removable 
      * Write2Register                 -      $0000001e Removable 
      * WriteConfiguration             -      $00000018 Removable 
      * StartConversion                -      $00000012 Removable 
      * Thread4                        -      $00000046 Removable 
  + eram                               -          .     Abstract 
    * registers                        -          .     Abstract 
    * io_space                         -          .     Abstract 

Completed.

Running:
  /usr/local/bin/ava canbus.s -v -L -lmake.log -I. -favr_noendianbug 

Starting assembler on Thu Jan 17 12:46:36 2002
Assembling: canbus.s


SEGMENT TREE:                         ABS       SIZE    FLAGS
  + eeprom                             -          .     
  + flash                              -          .     
    * code                             -      $00000064 
      * CanTxFrame4                    -      $00000024 Removable 
      * CanTxEEFrame3Queue             -      $00000056 Removable 
      * CanTxFrame3Queue               -      $00000034 Removable 
      * CanTxSend                      -      $0000000a Removable 
      * Thread1                        -      $000003c4 Removable 
  + eram                               -          .     Abstract 
    * data                             -      $00000012 Abstract 
    * registers                        -          .     Abstract 
    * io_space                         -          .     Abstract 

Completed.

Running:
  /usr/local/bin/ava ir_rc5.s -v -L -lmake.log -I. -favr_noendianbug 

Starting assembler on Thu Jan 17 12:46:36 2002
Assembling: ir_rc5.s


SEGMENT TREE:                         ABS       SIZE    FLAGS
  + eeprom                             -          .     
  + flash                              -          .     
    * code                             -      $000000dc 
  + eram                               -          .     Abstract 
    * registers                        -          .     Abstract 
    * io_space                         -          .     Abstract 

Completed.

Running:
  /usr/local/bin/ava node.s -v -L -lmake.log -I. -favr_noendianbug 

Starting assembler on Thu Jan 17 12:46:36 2002
Assembling: node.s


SEGMENT TREE:                         ABS       SIZE    FLAGS
  + eeprom                             -          .     
  + flash                              -          .     
    * code                             -      $000000e8 
      * TableLookup                    -      $00000026 Removable 
      * Thread2                        -      $000000e2 Removable 
  + eram                               -          .     Abstract 
    * registers                        -          .     Abstract 
    * io_space                         -          .     Abstract 

Completed.

Running:
  /usr/local/bin/ava node2_action.s -v -L -lmake.log -I. -favr_noendianbug 

Starting assembler on Thu Jan 17 12:46:36 2002
Assembling: node2_action.s


SEGMENT TREE:                         ABS       SIZE    FLAGS
  + eeprom                             -      $0000008e 
  + flash                              -          .     
    * code                             -          .     Removable 
      * StoreOutput                    -      $00000060 Removable 
      * ActionTable                    -      $00000040 Removable 
      * ActionRoutines                 -      $00000196 Removable 
  + eram                               -          .     Abstract 
    * registers                        -          .     Abstract 
    * io_space                         -          .     Abstract 

Completed.

Running:
  /usr/local/bin/ava --motorola --multiple-output-files -favr_noendianbug kernel.o eeprom.o i2cbus.o ds1621.o canbus.o ir_rc5.o node.o node2_action.o -v -lmake.log -j node2.obj -o node2 

Starting linker on Thu Jan 17 12:46:36 2002


SEGMENT TREE:                         ABS       SIZE    FLAGS
  + eeprom                         $00000000  $0000008e 
  + flash                          $00000000      .     
    * code                         $00000000  $00000246 
      * StopConversion                 -      $00000012 *REMOVED*
      * WriteConfiguration             -      $00000018 *REMOVED*
      * CanTxEEFrame3Queue             -      $00000056 *REMOVED*
      * CanTxSend                      -      $0000000a *REMOVED*
      * Thread1                    $00000246  $000003c4 Removable 
      * ActionRoutines             $0000060a  $00000196 Removable 
      * Kernel                     $000007a0  $000000fc 
      * Thread2                    $0000089c  $000000e2 Removable 
      * I2CBus                     $0000097e  $0000009a Removable 
      * StoreOutput                $00000a18  $00000060 Removable 
      * Thread4                    $00000a78  $00000046 Removable 
      * ActionTable                $00000abe  $00000040 Removable 
      * CanTxFrame3Queue           $00000afe  $00000034 Removable 
      * EEWriteWord                $00000b32  $00000028 Removable 
      * TableLookup                $00000b5a  $00000026 Removable 
      * CanTxFrame4                $00000b80  $00000024 Removable 
      * Read2Register              $00000ba4  $00000024 Removable 
      * Write2Register             $00000bc8  $0000001e Removable 
      * ReadConfiguration          $00000be6  $0000001c Removable 
      * EEReadWord                 $00000c02  $00000016 Removable 
      * EEWriteByte                $00000c18  $00000014 Removable 
      * StartConversion            $00000c2c  $00000012 Removable 
      * EEReadByte                 $00000c3e  $00000010 Removable 
  + eram                           $00000000      .     Abstract 
    * registers                    $00000000      .     Abstract 
    * io_space                     $00000020      .     Abstract 
    * data                         $00000060  $00000080 Abstract 

OVERALL SEGMENT INFO:              SUM SIZE   MAX SIZE  USAGE [%]
  + eeprom                         $0000008e  $00000100   55.5
  + flash                          $00000c4e  $00001000   76.9
  + eram                           $000000e0  $000000e0   100.0

Linking:
 * kernel.o
 * eeprom.o
 * i2cbus.o
 * ds1621.o
 * canbus.o
 * ir_rc5.o
 * node.o
 * node2_action.o

Completed.

Running:
  /usr/local/bin/ava kernel.s -v -L -lmake.log -I. -favr_noendianbug 

Starting assembler on Thu Jan 17 12:46:37 2002
Assembling: kernel.s


SEGMENT TREE:                         ABS       SIZE    FLAGS
  + eeprom                             -          .     
  + flash                              -          .     
    * code                             -      $0000001e 
      * Kernel                         -      $000000f2 
  + eram                               -          .     Abstract 
    * data                             -      $00000055 Abstract 
    * registers                        -          .     Abstract 
    * io_space                         -          .     Abstract 

Completed.

Running:
  /usr/local/bin/ava eeprom.s -v -L -lmake.log -I. -favr_noendianbug 

Starting assembler on Thu Jan 17 12:46:37 2002
Assembling: eeprom.s


SEGMENT TREE:                         ABS       SIZE    FLAGS
  + eeprom                             -          .     
  + flash                              -          .     
    * code                             -          .     
      * EEWriteByte                    -      $00000014 Removable 
      * EEWriteWord                    -      $00000028 Removable 
      * EEReadByte                     -      $00000010 Removable 
      * EEReadWord                     -      $00000016 Removable 
  + eram                               -          .     Abstract 
    * registers                        -          .     Abstract 
    * io_space                         -          .     Abstract 

Completed.

Running:
  /usr/local/bin/ava i2cbus.s -v -L -lmake.log -I. -favr_noendianbug 

Starting assembler on Thu Jan 17 12:46:37 2002
Assembling: i2cbus.s


SEGMENT TREE:                         ABS       SIZE    FLAGS
  + eeprom                             -          .     
  + flash                              -          .     
    * code                             -          .     Removable 
      * I2CBus                         -      $0000009a Removable 
  + eram                               -          .     Abstract 
    * registers                        -          .     Abstract 
    * io_space                         -          .     Abstract 

Completed.

Running:
  /usr/local/bin/ava canbus.s -v -L -lmake.log -I. -favr_noendianbug 

Starting assembler on Thu Jan 17 12:46:37 2002
Assembling: canbus.s


SEGMENT TREE:                         ABS       SIZE    FLAGS
  + eeprom                             -          .     
  + flash                              -          .     
    * code                             -      $00000064 
      * CanTxFrame4                    -      $00000024 Removable 
      * CanTxEEFrame3Queue             -      $00000056 Removable 
      * CanTxFrame3Queue               -      $00000034 Removable 
      * CanTxSend                      -      $0000000a Removable 
      * Thread1                        -      $000003ba Removable 
  + eram                               -          .     Abstract 
    * data                             -      $00000012 Abstract 
    * registers                        -          .     Abstract 
    * io_space                         -          .     Abstract 

Completed.

Running:
  /usr/local/bin/ava rtc.s -v -L -lmake.log -I. -favr_noendianbug 

Starting assembler on Thu Jan 17 12:46:37 2002
Assembling: rtc.s


SEGMENT TREE:                         ABS       SIZE    FLAGS
  + eeprom                             -          .     
  + flash                              -          .     
    * code                             -          .     Removable 
      * ReadPCFByte                    -      $0000001a Removable 
      * WritePCFByte                   -      $00000016 Removable 
      * Thread3                        -      $00000014 Removable 
  + eram                               -          .     Abstract 
    * registers                        -          .     Abstract 
    * io_space                         -          .     Abstract 

Completed.

Running:
  /usr/local/bin/ava star.s -v -L -lmake.log -I. -favr_noendianbug 

Starting assembler on Thu Jan 17 12:46:37 2002
Assembling: star.s


SEGMENT TREE:                         ABS       SIZE    FLAGS
  + eeprom                             -          .     
  + flash                              -          .     
    * code                             -      $000000ac 
      * TableLookup                    -      $00000026 Removable 
      * Thread2                        -      $0000013e Removable 
      * AddAlarmQueue                  -      $0000003c Removable 
  + eram                               -          .     Abstract 
    * data                             -      $00000018 Abstract 
    * registers                        -          .     Abstract 
    * io_space                         -          .     Abstract 

Completed.

Running:
  /usr/local/bin/ava star2_action.s -v -L -lmake.log -I. -favr_noendianbug 

Starting assembler on Thu Jan 17 12:46:37 2002
Assembling: star2_action.s


SEGMENT TREE:                         ABS       SIZE    FLAGS
  + eeprom                             -      $0000002e 
  + flash                              -          .     
    * code                             -          .     Removable 
      * StoreOutput                    -      $0000000e Removable 
      * ActionTable                    -      $00000040 Removable 
      * ActionRoutines                 -      $0000012c Removable 
  + eram                               -          .     Abstract 
    * registers                        -          .     Abstract 
    * io_space                         -          .     Abstract 

Completed.

Running:
  /usr/local/bin/ava --motorola --multiple-output-files -favr_noendianbug kernel.o eeprom.o i2cbus.o canbus.o rtc.o star.o star2_action.o -v -lmake.log -j star2.obj -o star2 

Starting linker on Thu Jan 17 12:46:37 2002


SEGMENT TREE:                         ABS       SIZE    FLAGS
  + eeprom                         $00000000  $0000002e 
  + flash                          $00000000      .     
    * code                         $00000000  $0000012e 
      * CanTxSend                      -      $0000000a *REMOVED*
      * ReadPCFByte                    -      $0000001a *REMOVED*
      * WritePCFByte                   -      $00000016 *REMOVED*
      * TableLookup                    -      $00000026 *REMOVED*
      * Thread1                    $0000012e  $000003ba Removable 
      * Thread2                    $000004e8  $0000013e Removable 
      * ActionRoutines             $00000626  $0000012c Removable 
      * Kernel                     $00000752  $000000f2 
      * I2CBus                     $00000844  $0000009a Removable 
      * CanTxEEFrame3Queue         $000008de  $00000056 Removable 
      * ActionTable                $00000934  $00000040 Removable 
      * AddAlarmQueue              $00000974  $0000003c Removable 
      * CanTxFrame3Queue           $000009b0  $00000034 Removable 
      * EEWriteWord                $000009e4  $00000028 Removable 
      * CanTxFrame4                $00000a0c  $00000024 Removable 
      * EEReadWord                 $00000a30  $00000016 Removable 
      * Thread3                    $00000a46  $00000014 Removable 
      * EEWriteByte                $00000a5a  $00000014 Removable 
      * EEReadByte                 $00000a6e  $00000010 Removable 
      * StoreOutput                $00000a7e  $0000000e Removable 
  + eram                           $00000000      .     Abstract 
    * registers                    $00000000      .     Abstract 
    * io_space                     $00000020      .     Abstract 
    * data                         $00000060  $0000007f Abstract 

OVERALL SEGMENT INFO:              SUM SIZE   MAX SIZE  USAGE [%]
  + eeprom                         $0000002e  $00000100   18.0
  + flash                          $00000a8c  $00001000   65.9
  + eram                           $000000df  $000000e0   99.6

Linking:
 * kernel.o
 * eeprom.o
 * i2cbus.o
 * canbus.o
 * rtc.o
 * star.o
 * star2_action.o

Completed.

Running:
  /usr/local/bin/ava kernel.s -v -L -lmake.log -I. -favr_noendianbug 

Starting assembler on Thu Jan 17 12:46:38 2002
Assembling: kernel.s


SEGMENT TREE:                         ABS       SIZE    FLAGS
  + eeprom                             -          .     
  + flash                              -          .     
    * code                             -      $0000001e 
      * Kernel                         -      $000000e8 
  + eram                               -          .     Abstract 
    * data                             -      $00000040 Abstract 
    * registers                        -          .     Abstract 
    * io_space                         -          .     Abstract 

Completed.

Running:
  /usr/local/bin/ava eeprom.s -v -L -lmake.log -I. -favr_noendianbug 

Starting assembler on Thu Jan 17 12:46:38 2002
Assembling: eeprom.s


SEGMENT TREE:                         ABS       SIZE    FLAGS
  + eeprom                             -          .     
  + flash                              -          .     
    * code                             -          .     
      * EEWriteByte                    -      $00000014 Removable 
      * EEWriteWord                    -      $00000028 Removable 
      * EEReadByte                     -      $00000010 Removable 
      * EEReadWord                     -      $00000016 Removable 
  + eram                               -          .     Abstract 
    * registers                        -          .     Abstract 
    * io_space                         -          .     Abstract 

Completed.

Running:
  /usr/local/bin/ava canbus.s -v -L -lmake.log -I. -favr_noendianbug 

Starting assembler on Thu Jan 17 12:46:38 2002
Assembling: canbus.s


SEGMENT TREE:                         ABS       SIZE    FLAGS
  + eeprom                             -          .     
  + flash                              -          .     
    * code                             -      $00000068 
      * CanTxFrame4                    -      $00000024 Removable 
      * CanTxEEFrame3Queue             -      $00000034 Removable 
      * CanTxFrame3Queue               -      $00000024 Removable 
      * CanTxSend                      -      $0000000a Removable 
      * Thread1                        -      $000003c0 Removable 
  + eram                               -          .     Abstract 
    * data                             -      $00000014 Abstract 
    * registers                        -          .     Abstract 
    * io_space                         -          .     Abstract 

Completed.

Running:
  /usr/local/bin/ava dongle.s -v -L -lmake.log -I. -favr_noendianbug 

Starting assembler on Thu Jan 17 12:46:38 2002
Assembling: dongle.s


SEGMENT TREE:                         ABS       SIZE    FLAGS
  + eeprom                             -      $00000002 
  + flash                              -          .     
    * code                             -      $0000016e 
  + eram                               -          .     Abstract 
    * data                             -      $00000014 Abstract 
    * registers                        -          .     Abstract 
    * io_space                         -          .     Abstract 

Completed.

Running:
  /usr/local/bin/ava --motorola --multiple-output-files -favr_noendianbug kernel.o eeprom.o canbus.o dongle.o -v -lmake.log -j dongle2.obj -o dongle2 

Starting linker on Thu Jan 17 12:46:38 2002


SEGMENT TREE:                         ABS       SIZE    FLAGS
  + eeprom                         $00000000  $00000002 
  + flash                          $00000000      .     
    * code                         $00000000  $000001f4 
      * EEWriteByte                    -      $00000014 *REMOVED*
      * EEWriteWord                    -      $00000028 *REMOVED*
      * EEReadByte                     -      $00000010 *REMOVED*
      * CanTxFrame4                    -      $00000024 *REMOVED*
      * CanTxEEFrame3Queue             -      $00000034 *REMOVED*
      * CanTxFrame3Queue               -      $00000024 *REMOVED*
      * Thread1                    $000001f4  $000003c0 Removable 
      * Kernel                     $000005b4  $000000e8 
      * EEReadWord                 $0000069c  $00000016 Removable 
      * CanTxSend                  $000006b2  $0000000a Removable 
  + eram                           $00000000      .     Abstract 
    * registers                    $00000000      .     Abstract 
    * io_space                     $00000020      .     Abstract 
    * data                         $00000060  $00000068 Abstract 

OVERALL SEGMENT INFO:              SUM SIZE   MAX SIZE  USAGE [%]
  + eeprom                         $00000002  $00000100   0.8
  + flash                          $000006bc  $00001000   42.1
  + eram                           $000000c8  $000000e0   89.3

Linking:
 * kernel.o
 * eeprom.o
 * canbus.o
 * dongle.o

Completed.

Running:
  /usr/local/bin/ava kernel.s -v -L -lmake.log -I. -favr_noendianbug 

Starting assembler on Thu Jan 17 12:47:13 2002
Assembling: kernel.s


SEGMENT TREE:                         ABS       SIZE    FLAGS
  + eeprom                             -          .     
  + flash                              -          .     
    * code                             -      $0000001e 
      * Kernel                         -      $000000fc 
  + eram                               -          .     Abstract 
    * data                             -      $0000006e Abstract 
    * registers                        -          .     Abstract 
    * io_space                         -          .     Abstract 

Completed.

Running:
  /usr/local/bin/ava eeprom.s -v -L -lmake.log -I. -favr_noendianbug 

Starting assembler on Thu Jan 17 12:47:13 2002
Assembling: eeprom.s


SEGMENT TREE:                         ABS       SIZE    FLAGS
  + eeprom                             -          .     
  + flash                              -          .     
    * code                             -          .     
      * EEWriteByte                    -      $00000014 Removable 
      * EEWriteWord                    -      $00000028 Removable 
      * EEReadByte                     -      $00000010 Removable 
      * EEReadWord                     -      $00000016 Removable 
  + eram                               -          .     Abstract 
    * registers                        -          .     Abstract 
    * io_space                         -          .     Abstract 

Completed.

Running:
  /usr/local/bin/ava i2cbus.s -v -L -lmake.log -I. -favr_noendianbug 

Starting assembler on Thu Jan 17 12:47:13 2002
Assembling: i2cbus.s


SEGMENT TREE:                         ABS       SIZE    FLAGS
  + eeprom                             -          .     
  + flash                              -          .     
    * code                             -          .     Removable 
      * I2CBus                         -      $0000009a Removable 
  + eram                               -          .     Abstract 
    * registers                        -          .     Abstract 
    * io_space                         -          .     Abstract 

Completed.

Running:
  /usr/local/bin/ava ds1621.s -v -L -lmake.log -I. -favr_noendianbug 

Starting assembler on Thu Jan 17 12:47:13 2002
Assembling: ds1621.s


SEGMENT TREE:                         ABS       SIZE    FLAGS
  + eeprom                             -          .     
  + flash                              -          .     
    * code                             -          .     Removable 
      * StopConversion                 -      $00000012 Removable 
      * ReadConfiguration              -      $0000001c Removable 
      * Read2Register                  -      $00000024 Removable 
      * Write2Register                 -      $0000001e Removable 
      * WriteConfiguration             -      $00000018 Removable 
      * StartConversion                -      $00000012 Removable 
      * Thread4                        -      $00000046 Removable 
  + eram                               -          .     Abstract 
    * registers                        -          .     Abstract 
    * io_space                         -          .     Abstract 

Completed.

Running:
  /usr/local/bin/ava canbus.s -v -L -lmake.log -I. -favr_noendianbug 

Starting assembler on Thu Jan 17 12:47:13 2002
Assembling: canbus.s


SEGMENT TREE:                         ABS       SIZE    FLAGS
  + eeprom                             -          .     
  + flash                              -          .     
    * code                             -      $00000064 
      * CanTxFrame4                    -      $00000024 Removable 
      * CanTxEEFrame3Queue             -      $00000056 Removable 
      * CanTxFrame3Queue               -      $00000034 Removable 
      * CanTxSend                      -      $0000000a Removable 
      * Thread1                        -      $000003c4 Removable 
  + eram                               -          .     Abstract 
    * data                             -      $00000012 Abstract 
    * registers                        -          .     Abstract 
    * io_space                         -          .     Abstract 

Completed.

Running:
  /usr/local/bin/ava ir_rc5.s -v -L -lmake.log -I. -favr_noendianbug 

Starting assembler on Thu Jan 17 12:47:13 2002
Assembling: ir_rc5.s


SEGMENT TREE:                         ABS       SIZE    FLAGS
  + eeprom                             -          .     
  + flash                              -          .     
    * code                             -      $000000dc 
  + eram                               -          .     Abstract 
    * registers                        -          .     Abstract 
    * io_space                         -          .     Abstract 

Completed.

Running:
  /usr/local/bin/ava node.s -v -L -lmake.log -I. -favr_noendianbug 

Starting assembler on Thu Jan 17 12:47:14 2002
Assembling: node.s


SEGMENT TREE:                         ABS       SIZE    FLAGS
  + eeprom                             -          .     
  + flash                              -          .     
    * code                             -      $000000e8 
      * TableLookup                    -      $00000026 Removable 
      * Thread2                        -      $000000e2 Removable 
  + eram                               -          .     Abstract 
    * registers                        -          .     Abstract 
    * io_space                         -          .     Abstract 

Completed.

Running:
  /usr/local/bin/ava node2_action.s -v -L -lmake.log -I. -favr_noendianbug 

Starting assembler on Thu Jan 17 12:47:14 2002
Assembling: node2_action.s


SEGMENT TREE:                         ABS       SIZE    FLAGS
  + eeprom                             -      $0000008e 
  + flash                              -          .     
    * code                             -          .     Removable 
      * StoreOutput                    -      $00000060 Removable 
      * ActionTable                    -      $00000040 Removable 
      * ActionRoutines                 -      $00000196 Removable 
  + eram                               -          .     Abstract 
    * registers                        -          .     Abstract 
    * io_space                         -          .     Abstract 

Completed.

Running:
  /usr/local/bin/ava --motorola --multiple-output-files -favr_noendianbug kernel.o eeprom.o i2cbus.o ds1621.o canbus.o ir_rc5.o node.o node2_action.o -v -lmake.log -j node2.obj -o node2 

Starting linker on Thu Jan 17 12:47:14 2002


SEGMENT TREE:                         ABS       SIZE    FLAGS
  + eeprom                         $00000000  $0000008e 
  + flash                          $00000000      .     
    * code                         $00000000  $00000246 
      * StopConversion                 -      $00000012 *REMOVED*
      * WriteConfiguration             -      $00000018 *REMOVED*
      * CanTxEEFrame3Queue             -      $00000056 *REMOVED*
      * CanTxSend                      -      $0000000a *REMOVED*
      * Thread1                    $00000246  $000003c4 Removable 
      * ActionRoutines             $0000060a  $00000196 Removable 
      * Kernel                     $000007a0  $000000fc 
      * Thread2                    $0000089c  $000000e2 Removable 
      * I2CBus                     $0000097e  $0000009a Removable 
      * StoreOutput                $00000a18  $00000060 Removable 
      * Thread4                    $00000a78  $00000046 Removable 
      * ActionTable                $00000abe  $00000040 Removable 
      * CanTxFrame3Queue           $00000afe  $00000034 Removable 
      * EEWriteWord                $00000b32  $00000028 Removable 
      * TableLookup                $00000b5a  $00000026 Removable 
      * CanTxFrame4                $00000b80  $00000024 Removable 
      * Read2Register              $00000ba4  $00000024 Removable 
      * Write2Register             $00000bc8  $0000001e Removable 
      * ReadConfiguration          $00000be6  $0000001c Removable 
      * EEReadWord                 $00000c02  $00000016 Removable 
      * EEWriteByte                $00000c18  $00000014 Removable 
      * StartConversion            $00000c2c  $00000012 Removable 
      * EEReadByte                 $00000c3e  $00000010 Removable 
  + eram                           $00000000      .     Abstract 
    * registers                    $00000000      .     Abstract 
    * io_space                     $00000020      .     Abstract 
    * data                         $00000060  $00000080 Abstract 

OVERALL SEGMENT INFO:              SUM SIZE   MAX SIZE  USAGE [%]
  + eeprom                         $0000008e  $00000100   55.5
  + flash                          $00000c4e  $00001000   76.9
  + eram                           $000000e0  $000000e0   100.0

Linking:
 * kernel.o
 * eeprom.o
 * i2cbus.o
 * ds1621.o
 * canbus.o
 * ir_rc5.o
 * node.o
 * node2_action.o

Completed.

